The Meson build system
Version: 1.5.1
Source dir: /pfs/data6/home/fr/fr_fr/fr_fl184/MightyBatticeLoltzmann
Build dir: /pfs/data6/home/fr/fr_fr/fr_fl184/MightyBatticeLoltzmann/buildDir
Build type: native build
Project name: MightyBatticeLoltzmann
Project version: 0.1
C compiler for the host machine: gcc (gcc 11.4.1 "gcc (GCC) 11.4.1 20231218 (Red Hat 11.4.1-4)")
C linker for the host machine: gcc ld.bfd 2.35.2-43
C++ compiler for the host machine: g++ (gcc 11.4.1 "g++ (GCC) 11.4.1 20231218 (Red Hat 11.4.1-4)")
C++ linker for the host machine: g++ ld.bfd 2.35.2-43
Cuda compiler for the host machine: nvcc (nvcc 12.6.85
Build cuda_12.6.r12.6/compiler.35059454_0)
Cuda linker for the host machine: nvcc nvlink 12.6.85
Build cuda_12.6.r12.6/compiler.35059454_0
Host machine cpu family: x86_64
Host machine cpu: x86_64
Run-time dependency CUDA (modules: cudart_static) found: YES 12.6 (/software/bwhpc/common/toolkit/nvidia_hpc_sdk/25.1/Linux_x86_64/25.1/cuda)
WARNING: You should add the boolean check kwarg to the run_command call.
         It currently defaults to false,
         but it will default to true in future releases of meson.
         See also: https://github.com/mesonbuild/meson/issues/9300
Found pkg-config: YES (/usr/bin/pkg-config) 1.7.3
Found CMake: /usr/bin/cmake (3.26.5)
Run-time dependency spdlog found: NO (tried pkgconfig and cmake)
Looking for a fallback subproject for the dependency spdlog

Executing subproject spdlog 

spdlog| Project name: spdlog
spdlog| Project version: 1.15.2
spdlog| C++ compiler for the host machine: g++ (gcc 11.4.1 "g++ (GCC) 11.4.1 20231218 (Red Hat 11.4.1-4)")
spdlog| C++ linker for the host machine: g++ ld.bfd 2.35.2-43
spdlog| Run-time dependency threads found: YES
spdlog| Header "format" has symbol "__cpp_lib_format" : NO
spdlog| Run-time dependency fmt found: NO (tried pkgconfig and cmake)
spdlog| Looking for a fallback subproject for the dependency fmt

Executing subproject spdlog:fmt

fmt| Project name: fmt
fmt| Project version: 11.2.0
fmt| C++ compiler for the host machine: g++ (gcc 11.4.1 "g++ (GCC) 11.4.1 20231218 (Red Hat 11.4.1-4)")
fmt| C++ linker for the host machine: g++ ld.bfd 2.35.2-43
fmt| Build targets in project: 1
fmt| Subproject fmt finished.

spdlog| Dependency fmt found: YES 11.2.0 (overridden)
spdlog| Run-time dependency catch2-with-main found: NO (tried pkgconfig and cmake)
spdlog| Message: Skipping tests since Catch2 was not found
spdlog| Build targets in project: 2
spdlog| Subproject spdlog finished.

Dependency spdlog from subproject subprojects/spdlog-1.15.2 found: YES 1.15.2
Message: MPI found
WARNING: Build target lib has no sources. This was never supposed to be allowed but did because of a bug, support will be removed in a future release of Meson
Run-time dependency GTest found: NO (tried pkgconfig and system)
Looking for a fallback subproject for the dependency gtest

Executing subproject gtest 

gtest| Project name: gtest
gtest| Project version: 1.15.2
gtest| C++ compiler for the host machine: g++ (gcc 11.4.1 "g++ (GCC) 11.4.1 20231218 (Red Hat 11.4.1-4)")
gtest| C++ linker for the host machine: g++ ld.bfd 2.35.2-43
gtest| Dependency threads found: YES unknown (cached)
gtest| Build targets in project: 36
gtest| Subproject gtest finished.

Dependency gtest from subproject subprojects/googletest-1.15.2 found: YES 1.15.2
Build targets in project: 37

MightyBatticeLoltzmann 0.1

  Subprojects
    fmt      : YES (from spdlog)
    gtest    : YES
    spdlog   : YES

  User defined options
    buildtype: release

Found ninja-1.10.2 at /usr/bin/ninja
ninja: Entering directory `buildDir'
[1/18] Linking static target implementations/liblib.a
[2/18] Compiling C++ object subprojects/fmt-11.2.0/libfmt.so.p/src_os.cc.o
[3/18] Compiling C++ object subprojects/spdlog-1.15.2/src/libspdlog.so.1.15.2.p/cfg.cpp.o
[4/18] Compiling C++ object subprojects/spdlog-1.15.2/src/libspdlog.so.1.15.2.p/file_sinks.cpp.o
[5/18] Compiling C++ object subprojects/spdlog-1.15.2/src/libspdlog.so.1.15.2.p/async.cpp.o
[6/18] Compiling C++ object subprojects/spdlog-1.15.2/src/libspdlog.so.1.15.2.p/stdout_sinks.cpp.o
[7/18] Compiling C++ object implementations/cuda_mpi/cuda_mpi_04.p/tools_data_export.cpp.o
../implementations/cuda_mpi/tools/data_export.cpp: In function ‘void ExportScalarFieldFromMPIDevices(const float*, SimulationData, MPI_Comm, const string&, const string&, const string&, uint32_t, uint32_t, uint32_t, uint32_t, uint32_t, uint32_t, uint32_t, int)’:
../implementations/cuda_mpi/tools/data_export.cpp:34:20: warning: unused parameter ‘N_X’ [-Wunused-parameter]
   34 |     const uint32_t N_X, const uint32_t N_Y,
      |     ~~~~~~~~~~~~~~~^~~
../implementations/cuda_mpi/tools/data_export.cpp:34:40: warning: unused parameter ‘N_Y’ [-Wunused-parameter]
   34 |     const uint32_t N_X, const uint32_t N_Y,
      |                         ~~~~~~~~~~~~~~~^~~
../implementations/cuda_mpi/tools/data_export.cpp:35:46: warning: unused parameter ‘N_Y_TOTAL’ [-Wunused-parameter]
   35 |     const uint32_t N_X_TOTAL, const uint32_t N_Y_TOTAL,
      |                               ~~~~~~~~~~~~~~~^~~~~~~~~
../implementations/cuda_mpi/tools/data_export.cpp: In function ‘void ExportSimulationData(const SimulationExportContext&, const SimulationData&, const string&, const string&, uint32_t)’:
../implementations/cuda_mpi/tools/data_export.cpp:88:9: warning: unused variable ‘dvc_u_mag’ [-Wunused-variable]
   88 |     FP* dvc_u_mag = nullptr;
      |         ^~~~~~~~~
[8/18] Compiling C++ object subprojects/spdlog-1.15.2/src/libspdlog.so.1.15.2.p/color_sinks.cpp.o
[9/18] Compiling C++ object implementations/cuda_mpi/cuda_mpi_04.p/04_src_main.cpp.o
In file included from ../implementations/cuda_mpi/04/src/main.cpp:17:
../implementations/cuda_mpi/04/src/../../tools/utilities.h: In function ‘int DisplayProgressBar(uint32_t, uint32_t, bool, double, double, double, double)’:
../implementations/cuda_mpi/04/src/../../tools/utilities.h:309:16: warning: unused variable ‘misc_time’ [-Wunused-variable]
  309 |         double misc_time = (acc_total_step_time - acc_communication_time
      |                ^~~~~~~~~
../implementations/cuda_mpi/04/src/../../tools/utilities.h:313:16: warning: unused variable ‘comm_pct’ [-Wunused-variable]
  313 |         double comm_pct  = (100.0 * comm_time)  / step_time;
      |                ^~~~~~~~
../implementations/cuda_mpi/04/src/../../tools/utilities.h:314:16: warning: unused variable ‘inner_pct’ [-Wunused-variable]
  314 |         double inner_pct = (100.0 * inner_time) / step_time;
      |                ^~~~~~~~~
../implementations/cuda_mpi/04/src/../../tools/utilities.h:315:16: warning: unused variable ‘outer_pct’ [-Wunused-variable]
  315 |         double outer_pct = (100.0 * outer_time) / step_time;
      |                ^~~~~~~~~
../implementations/cuda_mpi/04/src/../../tools/utilities.h:285:10: warning: unused parameter ‘extended’ [-Wunused-parameter]
  285 |     bool extended = false,
      |     ~~~~~^~~~~~~~~~~~~~~~
../implementations/cuda_mpi/04/src/main.cpp: In function ‘int main(int, char**)’:
../implementations/cuda_mpi/04/src/main.cpp:143:20: warning: unused variable ‘N_CELLS_TOTAL’ [-Wunused-variable]
  143 |     const uint64_t N_CELLS_TOTAL =  N_X_TOTAL * N_Y_TOTAL;
      |                    ^~~~~~~~~~~~~
../implementations/cuda_mpi/04/src/main.cpp:180:20: warning: unused variable ‘Y_END’ [-Wunused-variable]
  180 |     const uint32_t Y_END =          Y_START + N_Y - 1;
      |                    ^~~~~
[10/18] Compiling C++ object subprojects/fmt-11.2.0/libfmt.so.p/src_format.cc.o
[11/18] Linking target subprojects/fmt-11.2.0/libfmt.so
[12/18] Generating symbol file subprojects/fmt-11.2.0/libfmt.so.p/libfmt.so.symbols
[13/18] Compiling C++ object subprojects/spdlog-1.15.2/src/libspdlog.so.1.15.2.p/spdlog.cpp.o
[14/18] Linking target subprojects/spdlog-1.15.2/src/libspdlog.so.1.15.2
[15/18] Generating symbol file subprojects/spdlog-1.15.2/src/libspdlog.so.1.15.2.p/libspdlog.so.1.15.2.symbols
[16/18] Compiling Cuda object implementations/cuda_mpi/cuda_mpi_04.p/04_src_initialization.cu.o
../subprojects/fmt-11.2.0/include/fmt/base.h(473): warning #128-D: loop is not reachable
    for (; n != 0; ++s1, ++s2, --n) {
    ^
          detected during:
            instantiation of "auto fmt::v11::detail::compare(const Char *, const Char *, std::size_t)->int [with Char=char]" at line 591
            instantiation of "auto fmt::v11::basic_string_view<Char>::compare(fmt::v11::basic_string_view<Char>) const->int [with Char=char]" at line 598
            instantiation of class "fmt::v11::basic_string_view<Char> [with Char=char]" at line 2642
            instantiation of "auto fmt::v11::basic_format_args<Context>::get_id(fmt::v11::basic_string_view<Char>) const->int [with Context=fmt::v11::context, Char=char]" at line 2685

Remark: The warnings can be suppressed with "-diag-suppress <warning-number>"

../subprojects/fmt-11.2.0/include/fmt/format.h(2597): warning #2417-D: constexpr constructor calls non-constexpr function "fmt::v11::basic_memory_buffer<T, SIZE, Allocator>::basic_memory_buffer(const Allocator &) [with T=fmt::v11::detail::bigint::bigit, SIZE=32UL, Allocator=fmt::v11::detail::allocator<fmt::v11::detail::bigint::bigit>]"
    constexpr bigint() : exp_(0) {}
                                 ^

../subprojects/fmt-11.2.0/include/fmt/base.h(473): warning #128-D: loop is not reachable
    for (; n != 0; ++s1, ++s2, --n) {
    ^
          detected during:
            instantiation of "auto fmt::v11::detail::compare(const Char *, const Char *, std::size_t)->int [with Char=char]" at line 591
            instantiation of "auto fmt::v11::basic_string_view<Char>::compare(fmt::v11::basic_string_view<Char>) const->int [with Char=char]" at line 598
            instantiation of class "fmt::v11::basic_string_view<Char> [with Char=char]" at line 2642
            instantiation of "auto fmt::v11::basic_format_args<Context>::get_id(fmt::v11::basic_string_view<Char>) const->int [with Context=fmt::v11::context, Char=char]" at line 2685

Remark: The warnings can be suppressed with "-diag-suppress <warning-number>"

../subprojects/fmt-11.2.0/include/fmt/format.h(2597): warning #2417-D: constexpr constructor calls non-constexpr function "fmt::v11::basic_memory_buffer<T, SIZE, Allocator>::basic_memory_buffer(const Allocator &) [with T=fmt::v11::detail::bigint::bigit, SIZE=32UL, Allocator=fmt::v11::detail::allocator<fmt::v11::detail::bigint::bigit>]"
    constexpr bigint() : exp_(0) {}
                                 ^

../subprojects/fmt-11.2.0/include/fmt/base.h(473): warning #128-D: loop is not reachable
    for (; n != 0; ++s1, ++s2, --n) {
    ^
          detected during:
            instantiation of "auto fmt::v11::detail::compare(const Char *, const Char *, std::size_t)->int [with Char=char]" at line 591
            instantiation of "auto fmt::v11::basic_string_view<Char>::compare(fmt::v11::basic_string_view<Char>) const->int [with Char=char]" at line 598
            instantiation of class "fmt::v11::basic_string_view<Char> [with Char=char]" at line 2642
            instantiation of "auto fmt::v11::basic_format_args<Context>::get_id(fmt::v11::basic_string_view<Char>) const->int [with Context=fmt::v11::context, Char=char]" at line 2685

Remark: The warnings can be suppressed with "-diag-suppress <warning-number>"

../subprojects/fmt-11.2.0/include/fmt/format.h(2597): warning #2417-D: constexpr constructor calls non-constexpr function "fmt::v11::basic_memory_buffer<T, SIZE, Allocator>::basic_memory_buffer(const Allocator &) [with T=fmt::v11::detail::bigint::bigit, SIZE=32UL, Allocator=fmt::v11::detail::allocator<fmt::v11::detail::bigint::bigit>]"
    constexpr bigint() : exp_(0) {}
                                 ^

../subprojects/fmt-11.2.0/include/fmt/base.h(473): warning #128-D: loop is not reachable
    for (; n != 0; ++s1, ++s2, --n) {
    ^
          detected during:
            instantiation of "auto fmt::v11::detail::compare(const Char *, const Char *, std::size_t)->int [with Char=char]" at line 591
            instantiation of "auto fmt::v11::basic_string_view<Char>::compare(fmt::v11::basic_string_view<Char>) const->int [with Char=char]" at line 598
            instantiation of class "fmt::v11::basic_string_view<Char> [with Char=char]" at line 2642
            instantiation of "auto fmt::v11::basic_format_args<Context>::get_id(fmt::v11::basic_string_view<Char>) const->int [with Context=fmt::v11::context, Char=char]" at line 2685

Remark: The warnings can be suppressed with "-diag-suppress <warning-number>"

../subprojects/fmt-11.2.0/include/fmt/format.h(2597): warning #2417-D: constexpr constructor calls non-constexpr function "fmt::v11::basic_memory_buffer<T, SIZE, Allocator>::basic_memory_buffer(const Allocator &) [with T=fmt::v11::detail::bigint::bigit, SIZE=32UL, Allocator=fmt::v11::detail::allocator<fmt::v11::detail::bigint::bigit>]"
    constexpr bigint() : exp_(0) {}
                                 ^

../subprojects/fmt-11.2.0/include/fmt/base.h(473): warning #128-D: loop is not reachable
    for (; n != 0; ++s1, ++s2, --n) {
    ^
          detected during:
            instantiation of "auto fmt::v11::detail::compare(const Char *, const Char *, std::size_t)->int [with Char=char]" at line 591
            instantiation of "auto fmt::v11::basic_string_view<Char>::compare(fmt::v11::basic_string_view<Char>) const->int [with Char=char]" at line 598
            instantiation of class "fmt::v11::basic_string_view<Char> [with Char=char]" at line 2642
            instantiation of "auto fmt::v11::basic_format_args<Context>::get_id(fmt::v11::basic_string_view<Char>) const->int [with Context=fmt::v11::context, Char=char]" at line 2685

Remark: The warnings can be suppressed with "-diag-suppress <warning-number>"

../subprojects/fmt-11.2.0/include/fmt/format.h(2597): warning #2417-D: constexpr constructor calls non-constexpr function "fmt::v11::basic_memory_buffer<T, SIZE, Allocator>::basic_memory_buffer(const Allocator &) [with T=fmt::v11::detail::bigint::bigit, SIZE=32UL, Allocator=fmt::v11::detail::allocator<fmt::v11::detail::bigint::bigit>]"
    constexpr bigint() : exp_(0) {}
                                 ^

../subprojects/fmt-11.2.0/include/fmt/base.h(473): warning #128-D: loop is not reachable
    for (; n != 0; ++s1, ++s2, --n) {
    ^
          detected during:
            instantiation of "auto fmt::v11::detail::compare(const Char *, const Char *, std::size_t)->int [with Char=char]" at line 591
            instantiation of "auto fmt::v11::basic_string_view<Char>::compare(fmt::v11::basic_string_view<Char>) const->int [with Char=char]" at line 598
            instantiation of class "fmt::v11::basic_string_view<Char> [with Char=char]" at line 2642
            instantiation of "auto fmt::v11::basic_format_args<Context>::get_id(fmt::v11::basic_string_view<Char>) const->int [with Context=fmt::v11::context, Char=char]" at line 2685

Remark: The warnings can be suppressed with "-diag-suppress <warning-number>"

../subprojects/fmt-11.2.0/include/fmt/format.h(2597): warning #2417-D: constexpr constructor calls non-constexpr function "fmt::v11::basic_memory_buffer<T, SIZE, Allocator>::basic_memory_buffer(const Allocator &) [with T=fmt::v11::detail::bigint::bigit, SIZE=32UL, Allocator=fmt::v11::detail::allocator<fmt::v11::detail::bigint::bigit>]"
    constexpr bigint() : exp_(0) {}
                                 ^

../subprojects/fmt-11.2.0/include/fmt/base.h(473): warning #128-D: loop is not reachable
    for (; n != 0; ++s1, ++s2, --n) {
    ^
          detected during:
            instantiation of "auto fmt::v11::detail::compare(const Char *, const Char *, std::size_t)->int [with Char=char]" at line 591
            instantiation of "auto fmt::v11::basic_string_view<Char>::compare(fmt::v11::basic_string_view<Char>) const->int [with Char=char]" at line 598
            instantiation of class "fmt::v11::basic_string_view<Char> [with Char=char]" at line 2642
            instantiation of "auto fmt::v11::basic_format_args<Context>::get_id(fmt::v11::basic_string_view<Char>) const->int [with Context=fmt::v11::context, Char=char]" at line 2685

Remark: The warnings can be suppressed with "-diag-suppress <warning-number>"

../subprojects/fmt-11.2.0/include/fmt/format.h(2597): warning #2417-D: constexpr constructor calls non-constexpr function "fmt::v11::basic_memory_buffer<T, SIZE, Allocator>::basic_memory_buffer(const Allocator &) [with T=fmt::v11::detail::bigint::bigit, SIZE=32UL, Allocator=fmt::v11::detail::allocator<fmt::v11::detail::bigint::bigit>]"
    constexpr bigint() : exp_(0) {}
                                 ^

../subprojects/fmt-11.2.0/include/fmt/base.h(473): warning #128-D: loop is not reachable
    for (; n != 0; ++s1, ++s2, --n) {
    ^
          detected during:
            instantiation of "auto fmt::v11::detail::compare(const Char *, const Char *, std::size_t)->int [with Char=char]" at line 591
            instantiation of "auto fmt::v11::basic_string_view<Char>::compare(fmt::v11::basic_string_view<Char>) const->int [with Char=char]" at line 598
            instantiation of class "fmt::v11::basic_string_view<Char> [with Char=char]" at line 2642
            instantiation of "auto fmt::v11::basic_format_args<Context>::get_id(fmt::v11::basic_string_view<Char>) const->int [with Context=fmt::v11::context, Char=char]" at line 2685

Remark: The warnings can be suppressed with "-diag-suppress <warning-number>"

../subprojects/fmt-11.2.0/include/fmt/format.h(2597): warning #2417-D: constexpr constructor calls non-constexpr function "fmt::v11::basic_memory_buffer<T, SIZE, Allocator>::basic_memory_buffer(const Allocator &) [with T=fmt::v11::detail::bigint::bigit, SIZE=32UL, Allocator=fmt::v11::detail::allocator<fmt::v11::detail::bigint::bigit>]"
    constexpr bigint() : exp_(0) {}
                                 ^

[17/18] Compiling Cuda object implementations/cuda_mpi/cuda_mpi_04.p/04_src_simulation.cu.o
../subprojects/fmt-11.2.0/include/fmt/base.h(473): warning #128-D: loop is not reachable
    for (; n != 0; ++s1, ++s2, --n) {
    ^
          detected during:
            instantiation of "auto fmt::v11::detail::compare(const Char *, const Char *, std::size_t)->int [with Char=char]" at line 591
            instantiation of "auto fmt::v11::basic_string_view<Char>::compare(fmt::v11::basic_string_view<Char>) const->int [with Char=char]" at line 598
            instantiation of class "fmt::v11::basic_string_view<Char> [with Char=char]" at line 2642
            instantiation of "auto fmt::v11::basic_format_args<Context>::get_id(fmt::v11::basic_string_view<Char>) const->int [with Context=fmt::v11::context, Char=char]" at line 2685

Remark: The warnings can be suppressed with "-diag-suppress <warning-number>"

../subprojects/fmt-11.2.0/include/fmt/format.h(2597): warning #2417-D: constexpr constructor calls non-constexpr function "fmt::v11::basic_memory_buffer<T, SIZE, Allocator>::basic_memory_buffer(const Allocator &) [with T=fmt::v11::detail::bigint::bigit, SIZE=32UL, Allocator=fmt::v11::detail::allocator<fmt::v11::detail::bigint::bigit>]"
    constexpr bigint() : exp_(0) {}
                                 ^

../subprojects/fmt-11.2.0/include/fmt/base.h(473): warning #128-D: loop is not reachable
    for (; n != 0; ++s1, ++s2, --n) {
    ^
          detected during:
            instantiation of "auto fmt::v11::detail::compare(const Char *, const Char *, std::size_t)->int [with Char=char]" at line 591
            instantiation of "auto fmt::v11::basic_string_view<Char>::compare(fmt::v11::basic_string_view<Char>) const->int [with Char=char]" at line 598
            instantiation of class "fmt::v11::basic_string_view<Char> [with Char=char]" at line 2642
            instantiation of "auto fmt::v11::basic_format_args<Context>::get_id(fmt::v11::basic_string_view<Char>) const->int [with Context=fmt::v11::context, Char=char]" at line 2685

Remark: The warnings can be suppressed with "-diag-suppress <warning-number>"

../subprojects/fmt-11.2.0/include/fmt/format.h(2597): warning #2417-D: constexpr constructor calls non-constexpr function "fmt::v11::basic_memory_buffer<T, SIZE, Allocator>::basic_memory_buffer(const Allocator &) [with T=fmt::v11::detail::bigint::bigit, SIZE=32UL, Allocator=fmt::v11::detail::allocator<fmt::v11::detail::bigint::bigit>]"
    constexpr bigint() : exp_(0) {}
                                 ^

../subprojects/fmt-11.2.0/include/fmt/base.h(473): warning #128-D: loop is not reachable
    for (; n != 0; ++s1, ++s2, --n) {
    ^
          detected during:
            instantiation of "auto fmt::v11::detail::compare(const Char *, const Char *, std::size_t)->int [with Char=char]" at line 591
            instantiation of "auto fmt::v11::basic_string_view<Char>::compare(fmt::v11::basic_string_view<Char>) const->int [with Char=char]" at line 598
            instantiation of class "fmt::v11::basic_string_view<Char> [with Char=char]" at line 2642
            instantiation of "auto fmt::v11::basic_format_args<Context>::get_id(fmt::v11::basic_string_view<Char>) const->int [with Context=fmt::v11::context, Char=char]" at line 2685

Remark: The warnings can be suppressed with "-diag-suppress <warning-number>"

../subprojects/fmt-11.2.0/include/fmt/format.h(2597): warning #2417-D: constexpr constructor calls non-constexpr function "fmt::v11::basic_memory_buffer<T, SIZE, Allocator>::basic_memory_buffer(const Allocator &) [with T=fmt::v11::detail::bigint::bigit, SIZE=32UL, Allocator=fmt::v11::detail::allocator<fmt::v11::detail::bigint::bigit>]"
    constexpr bigint() : exp_(0) {}
                                 ^

../subprojects/fmt-11.2.0/include/fmt/base.h(473): warning #128-D: loop is not reachable
    for (; n != 0; ++s1, ++s2, --n) {
    ^
          detected during:
            instantiation of "auto fmt::v11::detail::compare(const Char *, const Char *, std::size_t)->int [with Char=char]" at line 591
            instantiation of "auto fmt::v11::basic_string_view<Char>::compare(fmt::v11::basic_string_view<Char>) const->int [with Char=char]" at line 598
            instantiation of class "fmt::v11::basic_string_view<Char> [with Char=char]" at line 2642
            instantiation of "auto fmt::v11::basic_format_args<Context>::get_id(fmt::v11::basic_string_view<Char>) const->int [with Context=fmt::v11::context, Char=char]" at line 2685

Remark: The warnings can be suppressed with "-diag-suppress <warning-number>"

../subprojects/fmt-11.2.0/include/fmt/format.h(2597): warning #2417-D: constexpr constructor calls non-constexpr function "fmt::v11::basic_memory_buffer<T, SIZE, Allocator>::basic_memory_buffer(const Allocator &) [with T=fmt::v11::detail::bigint::bigit, SIZE=32UL, Allocator=fmt::v11::detail::allocator<fmt::v11::detail::bigint::bigit>]"
    constexpr bigint() : exp_(0) {}
                                 ^

../subprojects/fmt-11.2.0/include/fmt/base.h(473): warning #128-D: loop is not reachable
    for (; n != 0; ++s1, ++s2, --n) {
    ^
          detected during:
            instantiation of "auto fmt::v11::detail::compare(const Char *, const Char *, std::size_t)->int [with Char=char]" at line 591
            instantiation of "auto fmt::v11::basic_string_view<Char>::compare(fmt::v11::basic_string_view<Char>) const->int [with Char=char]" at line 598
            instantiation of class "fmt::v11::basic_string_view<Char> [with Char=char]" at line 2642
            instantiation of "auto fmt::v11::basic_format_args<Context>::get_id(fmt::v11::basic_string_view<Char>) const->int [with Context=fmt::v11::context, Char=char]" at line 2685

Remark: The warnings can be suppressed with "-diag-suppress <warning-number>"

../subprojects/fmt-11.2.0/include/fmt/format.h(2597): warning #2417-D: constexpr constructor calls non-constexpr function "fmt::v11::basic_memory_buffer<T, SIZE, Allocator>::basic_memory_buffer(const Allocator &) [with T=fmt::v11::detail::bigint::bigit, SIZE=32UL, Allocator=fmt::v11::detail::allocator<fmt::v11::detail::bigint::bigit>]"
    constexpr bigint() : exp_(0) {}
                                 ^

../subprojects/fmt-11.2.0/include/fmt/base.h(473): warning #128-D: loop is not reachable
    for (; n != 0; ++s1, ++s2, --n) {
    ^
          detected during:
            instantiation of "auto fmt::v11::detail::compare(const Char *, const Char *, std::size_t)->int [with Char=char]" at line 591
            instantiation of "auto fmt::v11::basic_string_view<Char>::compare(fmt::v11::basic_string_view<Char>) const->int [with Char=char]" at line 598
            instantiation of class "fmt::v11::basic_string_view<Char> [with Char=char]" at line 2642
            instantiation of "auto fmt::v11::basic_format_args<Context>::get_id(fmt::v11::basic_string_view<Char>) const->int [with Context=fmt::v11::context, Char=char]" at line 2685

Remark: The warnings can be suppressed with "-diag-suppress <warning-number>"

../subprojects/fmt-11.2.0/include/fmt/format.h(2597): warning #2417-D: constexpr constructor calls non-constexpr function "fmt::v11::basic_memory_buffer<T, SIZE, Allocator>::basic_memory_buffer(const Allocator &) [with T=fmt::v11::detail::bigint::bigit, SIZE=32UL, Allocator=fmt::v11::detail::allocator<fmt::v11::detail::bigint::bigit>]"
    constexpr bigint() : exp_(0) {}
                                 ^

../subprojects/fmt-11.2.0/include/fmt/base.h(473): warning #128-D: loop is not reachable
    for (; n != 0; ++s1, ++s2, --n) {
    ^
          detected during:
            instantiation of "auto fmt::v11::detail::compare(const Char *, const Char *, std::size_t)->int [with Char=char]" at line 591
            instantiation of "auto fmt::v11::basic_string_view<Char>::compare(fmt::v11::basic_string_view<Char>) const->int [with Char=char]" at line 598
            instantiation of class "fmt::v11::basic_string_view<Char> [with Char=char]" at line 2642
            instantiation of "auto fmt::v11::basic_format_args<Context>::get_id(fmt::v11::basic_string_view<Char>) const->int [with Context=fmt::v11::context, Char=char]" at line 2685

Remark: The warnings can be suppressed with "-diag-suppress <warning-number>"

../subprojects/fmt-11.2.0/include/fmt/format.h(2597): warning #2417-D: constexpr constructor calls non-constexpr function "fmt::v11::basic_memory_buffer<T, SIZE, Allocator>::basic_memory_buffer(const Allocator &) [with T=fmt::v11::detail::bigint::bigit, SIZE=32UL, Allocator=fmt::v11::detail::allocator<fmt::v11::detail::bigint::bigit>]"
    constexpr bigint() : exp_(0) {}
                                 ^

../subprojects/fmt-11.2.0/include/fmt/base.h(473): warning #128-D: loop is not reachable
    for (; n != 0; ++s1, ++s2, --n) {
    ^
          detected during:
            instantiation of "auto fmt::v11::detail::compare(const Char *, const Char *, std::size_t)->int [with Char=char]" at line 591
            instantiation of "auto fmt::v11::basic_string_view<Char>::compare(fmt::v11::basic_string_view<Char>) const->int [with Char=char]" at line 598
            instantiation of class "fmt::v11::basic_string_view<Char> [with Char=char]" at line 2642
            instantiation of "auto fmt::v11::basic_format_args<Context>::get_id(fmt::v11::basic_string_view<Char>) const->int [with Context=fmt::v11::context, Char=char]" at line 2685

Remark: The warnings can be suppressed with "-diag-suppress <warning-number>"

../subprojects/fmt-11.2.0/include/fmt/format.h(2597): warning #2417-D: constexpr constructor calls non-constexpr function "fmt::v11::basic_memory_buffer<T, SIZE, Allocator>::basic_memory_buffer(const Allocator &) [with T=fmt::v11::detail::bigint::bigit, SIZE=32UL, Allocator=fmt::v11::detail::allocator<fmt::v11::detail::bigint::bigit>]"
    constexpr bigint() : exp_(0) {}
                                 ^

../implementations/cuda_mpi/04/src/../../tools/utilities.h: In function ‘int DisplayProgressBar(uint32_t, uint32_t, bool, double, double, double, double)’:
../implementations/cuda_mpi/04/src/../../tools/utilities.h:285:1: warning: unused parameter ‘extended’ [-Wunused-parameter]
  284 |     const uint32_t N_STEPS,
      |          ~~~~~~~~~~~~~~~~~~
  285 |     bool extended = false,
      | ^   ~~~~~~~~~~~~
../implementations/cuda_mpi/04/src/simulation.cu: In function ‘void Launch_FullyFusedLatticeUpdate_Push_Inner(const float* const*, float* const*, float*, float*, float*, float, uint32_t, uint32_t, uint32_t, uint32_t, uint32_t, uint32_t, int, bool, bool, bool, bool, bool)’:
../implementations/cuda_mpi/04/src/simulation.cu:340:1: warning: unused parameter ‘N_X_TOTAL’ [-Wunused-parameter]
  339 |     const uint32_t N_X, const uint32_t N_Y,
      |                          ~~~~~~~~~~~~~~~~~~
  340 |     const uint32_t N_X_TOTAL, const uint32_t N_Y_TOTAL,
      | ^   ~~~~~
../implementations/cuda_mpi/04/src/simulation.cu:340:27: warning: unused parameter ‘N_Y_TOTAL’ [-Wunused-parameter]
  340 |     const uint32_t N_X_TOTAL, const uint32_t N_Y_TOTAL,
      |            ~~~~~~~~~~~~~~~^~~~~~~~~
../implementations/cuda_mpi/04/src/simulation.cu:341:1: warning: unused parameter ‘N_STEPS’ [-Wunused-parameter]
  340 |     const uint32_t N_X_TOTAL, const uint32_t N_Y_TOTAL,
      |                                      ~~~~~~~~~~~~~~~~~~
  341 |     const uint32_t N_STEPS,
      | ^   ~~~
../implementations/cuda_mpi/04/src/simulation.cu: In function ‘void Launch_FullyFusedLatticeUpdate_Push_Outer(const float* const*, float* const*, float* const*, float* const*, float*, float*, float*, float, float, uint32_t, uint32_t, uint32_t, uint32_t, uint32_t, uint32_t, uint32_t, int, bool, bool, bool, bool, bool, bool)’:
../implementations/cuda_mpi/04/src/simulation.cu:819:1: warning: unused parameter ‘N_X_TOTAL’ [-Wunused-parameter]
  818 |     const uint32_t N_X, const uint32_t N_Y,
      |                          ~~~~~~~~~~~~~~~~~~
  819 |     const uint32_t N_X_TOTAL, const uint32_t N_Y_TOTAL,
      | ^   ~~~~~
../implementations/cuda_mpi/04/src/simulation.cu:821:1: warning: unused parameter ‘N_STEPS’ [-Wunused-parameter]
  820 |     const uint32_t Y_START,
      |          ~~~~~~~~~~~~~~~~~~
  821 |     const uint32_t N_STEPS,
      | ^   ~~~
[18/18] Linking target implementations/cuda_mpi/cuda_mpi_04

[2025-07-09 21:09:06] [[32minfo[m] Rank 0 loaded parameters from input_03.txt

Parameters
------------------------------
N_X_TOTAL            = 60000
N_Y_TOTAL            = 60000
N_STEPS              = 5000
omega                = 1.700
rho_0                = 1.000
u_max                = 0.100
u_lid                = 0.100
n_sin                = 2.000
export_interval      = 5000
export_name          = C
export_num           = 04
export_rho           = false
export_u_x           = false
export_u_y           = false
export_u_mag         = false
shear_wave_decay     = false
lid_driven_cavity    = true
branchless           = false

Rank  Node       GPU Model                          #   CC   SMs  ShMem/SM  Total GB  Used GB  Free GB  Sub-X  Sub-Y 
--------------------------------------------------------------------------------------------------------------------
0     uc2n902.   NVIDIA A100 80GB PCIe              0   80   108  167936    79.252    12.212   67.039   60000  2500  
1     uc2n902.   NVIDIA A100 80GB PCIe              1   80   108  167936    79.252    12.212   67.039   60000  2500  
2     uc2n902.   NVIDIA A100 80GB PCIe              2   80   108  167936    79.252    12.212   67.039   60000  2500  
3     uc2n902.   NVIDIA A100 80GB PCIe              3   80   108  167936    79.252    12.212   67.039   60000  2500  
4     uc2n903.   NVIDIA A100 80GB PCIe              0   80   108  167936    79.252    12.212   67.039   60000  2500  
5     uc2n903.   NVIDIA A100 80GB PCIe              1   80   108  167936    79.252    12.212   67.039   60000  2500  
6     uc2n903.   NVIDIA A100 80GB PCIe              2   80   108  167936    79.252    12.212   67.039   60000  2500  
7     uc2n903.   NVIDIA A100 80GB PCIe              3   80   108  167936    79.252    12.212   67.039   60000  2500  
8     uc2n904.   NVIDIA A100 80GB PCIe              0   80   108  167936    79.252    12.212   67.039   60000  2500  
9     uc2n904.   NVIDIA A100 80GB PCIe              1   80   108  167936    79.252    12.212   67.039   60000  2500  
10    uc2n904.   NVIDIA A100 80GB PCIe              2   80   108  167936    79.252    12.212   67.039   60000  2500  
11    uc2n904.   NVIDIA A100 80GB PCIe              3   80   108  167936    79.252    12.212   67.039   60000  2500  
12    uc2n909.   NVIDIA A100 80GB PCIe              0   80   108  167936    79.252    12.212   67.039   60000  2500  
13    uc2n909.   NVIDIA A100 80GB PCIe              1   80   108  167936    79.252    12.212   67.039   60000  2500  
14    uc2n909.   NVIDIA A100 80GB PCIe              2   80   108  167936    79.252    12.212   67.039   60000  2500  
15    uc2n909.   NVIDIA A100 80GB PCIe              3   80   108  167936    79.252    12.212   67.039   60000  2500  
16    uc2n910.   NVIDIA A100 80GB PCIe              0   80   108  167936    79.252    12.212   67.039   60000  2500  
17    uc2n910.   NVIDIA A100 80GB PCIe              1   80   108  167936    79.252    12.212   67.039   60000  2500  
18    uc2n910.   NVIDIA A100 80GB PCIe              2   80   108  167936    79.252    12.212   67.039   60000  2500  
19    uc2n910.   NVIDIA A100 80GB PCIe              3   80   108  167936    79.252    12.212   67.039   60000  2500  
20    uc2n913.   NVIDIA A100 80GB PCIe              0   80   108  167936    79.252    12.212   67.039   60000  2500  
21    uc2n913.   NVIDIA A100 80GB PCIe              1   80   108  167936    79.252    12.212   67.039   60000  2500  
22    uc2n913.   NVIDIA A100 80GB PCIe              2   80   108  167936    79.252    12.212   67.039   60000  2500  
23    uc2n913.   NVIDIA A100 80GB PCIe              3   80   108  167936    79.252    12.212   67.039   60000  2500  

[2025-07-09 21:09:06] [[32minfo[m] Simulation size [X/Y/N]:    [ 60000 / 60000 / 5000 ]
[2025-07-09 21:09:06] [[32minfo[m] Sub-domain size [X/Y/N]:    [ 60000 / 2500 / 5000 ] * 24
[2025-07-09 21:09:06] [[32minfo[m] Halo cells per sub-domain:  0.08 %

[2025-07-09 21:09:06] [[32minfo[m] Kernel [name/grid/block]:   [ FFLU_LidDrivenCavity_Push_Inner_K / 585469 / 256 ]
[2025-07-09 21:09:06] [[32minfo[m] Registers per thread:       30
[2025-07-09 21:09:06] [[32minfo[m] Shared memory per block:    9216 bytes
[2025-07-09 21:09:06] [[32minfo[m] Local memory per thread:    0 bytes
[2025-07-09 21:09:06] [[32minfo[m] Kernel domain size [X/Y]:   [ 60000 / 2498 ]

[2025-07-09 21:09:06] [[32minfo[m] Kernel [name/grid/block]:   [ FFLU_LidDrivenCavity_Push_Outer_K / 469 / 256 ]
[2025-07-09 21:09:06] [[32minfo[m] Registers per thread:       32
[2025-07-09 21:09:06] [[32minfo[m] Shared memory per block:    9216 bytes
[2025-07-09 21:09:06] [[32minfo[m] Local memory per thread:    0 bytes
[2025-07-09 21:09:06] [[32minfo[m] Kernel domain size [X/Y]:   [ 60000 / 2 ]

[2025-07-09 21:09:43] [[32minfo[m] Simulation size [X/Y/N]:    [ 60000 / 60000 / 5000 ]
[2025-07-09 21:09:43] [[32minfo[m] Total execution time:       36.395 sec
[2025-07-09 21:09:43] [[32minfo[m] Step execution time:        7.279 ms
[2025-07-09 21:09:43] [[32minfo[m] BLUPS:                      494.576

[2025-07-09 21:09:43] [[32minfo[m] ------------------------------------------------------




[2025-07-09 21:09:54] [[32minfo[m] Rank 0 loaded parameters from input_03.txt

Parameters
------------------------------
N_X_TOTAL            = 60000
N_Y_TOTAL            = 60000
N_STEPS              = 5000
omega                = 1.700
rho_0                = 1.000
u_max                = 0.100
u_lid                = 0.100
n_sin                = 2.000
export_interval      = 5000
export_name          = C
export_num           = 04
export_rho           = false
export_u_x           = false
export_u_y           = false
export_u_mag         = false
shear_wave_decay     = false
lid_driven_cavity    = true
branchless           = false

Rank  Node       GPU Model                          #   CC   SMs  ShMem/SM  Total GB  Used GB  Free GB  Sub-X  Sub-Y 
--------------------------------------------------------------------------------------------------------------------
0     uc2n902.   NVIDIA A100 80GB PCIe              0   80   108  167936    79.252    14.550   64.702   60000  3000  
1     uc2n902.   NVIDIA A100 80GB PCIe              1   80   108  167936    79.252    14.550   64.702   60000  3000  
2     uc2n902.   NVIDIA A100 80GB PCIe              2   80   108  167936    79.252    14.550   64.702   60000  3000  
3     uc2n902.   NVIDIA A100 80GB PCIe              3   80   108  167936    79.252    14.550   64.702   60000  3000  
4     uc2n903.   NVIDIA A100 80GB PCIe              0   80   108  167936    79.252    14.550   64.702   60000  3000  
5     uc2n903.   NVIDIA A100 80GB PCIe              1   80   108  167936    79.252    14.550   64.702   60000  3000  
6     uc2n903.   NVIDIA A100 80GB PCIe              2   80   108  167936    79.252    14.550   64.702   60000  3000  
7     uc2n903.   NVIDIA A100 80GB PCIe              3   80   108  167936    79.252    14.550   64.702   60000  3000  
8     uc2n904.   NVIDIA A100 80GB PCIe              0   80   108  167936    79.252    14.550   64.702   60000  3000  
9     uc2n904.   NVIDIA A100 80GB PCIe              1   80   108  167936    79.252    14.550   64.702   60000  3000  
10    uc2n904.   NVIDIA A100 80GB PCIe              2   80   108  167936    79.252    14.550   64.702   60000  3000  
11    uc2n904.   NVIDIA A100 80GB PCIe              3   80   108  167936    79.252    14.550   64.702   60000  3000  
12    uc2n909.   NVIDIA A100 80GB PCIe              0   80   108  167936    79.252    14.550   64.702   60000  3000  
13    uc2n909.   NVIDIA A100 80GB PCIe              1   80   108  167936    79.252    14.550   64.702   60000  3000  
14    uc2n909.   NVIDIA A100 80GB PCIe              2   80   108  167936    79.252    14.550   64.702   60000  3000  
15    uc2n909.   NVIDIA A100 80GB PCIe              3   80   108  167936    79.252    14.550   64.702   60000  3000  
16    uc2n910.   NVIDIA A100 80GB PCIe              0   80   108  167936    79.252    14.550   64.702   60000  3000  
17    uc2n910.   NVIDIA A100 80GB PCIe              1   80   108  167936    79.252    14.550   64.702   60000  3000  
18    uc2n910.   NVIDIA A100 80GB PCIe              2   80   108  167936    79.252    14.550   64.702   60000  3000  
19    uc2n910.   NVIDIA A100 80GB PCIe              3   80   108  167936    79.252    14.550   64.702   60000  3000  

[2025-07-09 21:09:54] [[32minfo[m] Simulation size [X/Y/N]:    [ 60000 / 60000 / 5000 ]
[2025-07-09 21:09:54] [[32minfo[m] Sub-domain size [X/Y/N]:    [ 60000 / 3000 / 5000 ] * 20
[2025-07-09 21:09:54] [[32minfo[m] Halo cells per sub-domain:  0.07 %

[2025-07-09 21:09:54] [[32minfo[m] Kernel [name/grid/block]:   [ FFLU_LidDrivenCavity_Push_Inner_K / 702657 / 256 ]
[2025-07-09 21:09:54] [[32minfo[m] Registers per thread:       30
[2025-07-09 21:09:54] [[32minfo[m] Shared memory per block:    9216 bytes
[2025-07-09 21:09:54] [[32minfo[m] Local memory per thread:    0 bytes
[2025-07-09 21:09:54] [[32minfo[m] Kernel domain size [X/Y]:   [ 60000 / 2998 ]

[2025-07-09 21:09:54] [[32minfo[m] Kernel [name/grid/block]:   [ FFLU_LidDrivenCavity_Push_Outer_K / 469 / 256 ]
[2025-07-09 21:09:54] [[32minfo[m] Registers per thread:       32
[2025-07-09 21:09:54] [[32minfo[m] Shared memory per block:    9216 bytes
[2025-07-09 21:09:54] [[32minfo[m] Local memory per thread:    0 bytes
[2025-07-09 21:09:54] [[32minfo[m] Kernel domain size [X/Y]:   [ 60000 / 2 ]

[2025-07-09 21:10:37] [[32minfo[m] Simulation size [X/Y/N]:    [ 60000 / 60000 / 5000 ]
[2025-07-09 21:10:37] [[32minfo[m] Total execution time:       43.413 sec
[2025-07-09 21:10:37] [[32minfo[m] Step execution time:        8.683 ms
[2025-07-09 21:10:37] [[32minfo[m] BLUPS:                      414.624

[2025-07-09 21:10:37] [[32minfo[m] ------------------------------------------------------




[2025-07-09 21:10:47] [[32minfo[m] Rank 0 loaded parameters from input_03.txt

Parameters
------------------------------
N_X_TOTAL            = 60000
N_Y_TOTAL            = 60000
N_STEPS              = 5000
omega                = 1.700
rho_0                = 1.000
u_max                = 0.100
u_lid                = 0.100
n_sin                = 2.000
export_interval      = 5000
export_name          = C
export_num           = 04
export_rho           = false
export_u_x           = false
export_u_y           = false
export_u_mag         = false
shear_wave_decay     = false
lid_driven_cavity    = true
branchless           = false

Rank  Node       GPU Model                          #   CC   SMs  ShMem/SM  Total GB  Used GB  Free GB  Sub-X  Sub-Y 
--------------------------------------------------------------------------------------------------------------------
0     uc2n902.   NVIDIA A100 80GB PCIe              0   80   108  167936    79.252    18.078   61.174   60000  3750  
1     uc2n902.   NVIDIA A100 80GB PCIe              1   80   108  167936    79.252    18.078   61.174   60000  3750  
2     uc2n902.   NVIDIA A100 80GB PCIe              2   80   108  167936    79.252    18.077   61.174   60000  3750  
3     uc2n903.   NVIDIA A100 80GB PCIe              0   80   108  167936    79.252    18.077   61.174   60000  3750  
4     uc2n903.   NVIDIA A100 80GB PCIe              1   80   108  167936    79.252    18.077   61.174   60000  3750  
5     uc2n903.   NVIDIA A100 80GB PCIe              2   80   108  167936    79.252    18.077   61.174   60000  3750  
6     uc2n904.   NVIDIA A100 80GB PCIe              0   80   108  167936    79.252    18.077   61.174   60000  3750  
7     uc2n904.   NVIDIA A100 80GB PCIe              1   80   108  167936    79.252    18.077   61.174   60000  3750  
8     uc2n904.   NVIDIA A100 80GB PCIe              2   80   108  167936    79.252    18.077   61.174   60000  3750  
9     uc2n909.   NVIDIA A100 80GB PCIe              0   80   108  167936    79.252    18.078   61.174   60000  3750  
10    uc2n909.   NVIDIA A100 80GB PCIe              1   80   108  167936    79.252    18.078   61.174   60000  3750  
11    uc2n909.   NVIDIA A100 80GB PCIe              2   80   108  167936    79.252    18.077   61.174   60000  3750  
12    uc2n910.   NVIDIA A100 80GB PCIe              0   80   108  167936    79.252    18.077   61.174   60000  3750  
13    uc2n910.   NVIDIA A100 80GB PCIe              1   80   108  167936    79.252    18.077   61.174   60000  3750  
14    uc2n910.   NVIDIA A100 80GB PCIe              2   80   108  167936    79.252    18.077   61.174   60000  3750  
15    uc2n913.   NVIDIA A100 80GB PCIe              0   80   108  167936    79.252    18.077   61.174   60000  3750  

[2025-07-09 21:10:47] [[32minfo[m] Simulation size [X/Y/N]:    [ 60000 / 60000 / 5000 ]
[2025-07-09 21:10:47] [[32minfo[m] Sub-domain size [X/Y/N]:    [ 60000 / 3750 / 5000 ] * 16
[2025-07-09 21:10:47] [[32minfo[m] Halo cells per sub-domain:  0.05 %

[2025-07-09 21:10:47] [[32minfo[m] Kernel [name/grid/block]:   [ FFLU_LidDrivenCavity_Push_Inner_K / 878438 / 256 ]
[2025-07-09 21:10:47] [[32minfo[m] Registers per thread:       30
[2025-07-09 21:10:47] [[32minfo[m] Shared memory per block:    9216 bytes
[2025-07-09 21:10:47] [[32minfo[m] Local memory per thread:    0 bytes
[2025-07-09 21:10:47] [[32minfo[m] Kernel domain size [X/Y]:   [ 60000 / 3748 ]

[2025-07-09 21:10:47] [[32minfo[m] Kernel [name/grid/block]:   [ FFLU_LidDrivenCavity_Push_Outer_K / 469 / 256 ]
[2025-07-09 21:10:47] [[32minfo[m] Registers per thread:       32
[2025-07-09 21:10:47] [[32minfo[m] Shared memory per block:    9216 bytes
[2025-07-09 21:10:47] [[32minfo[m] Local memory per thread:    0 bytes
[2025-07-09 21:10:47] [[32minfo[m] Kernel domain size [X/Y]:   [ 60000 / 2 ]

[2025-07-09 21:11:42] [[32minfo[m] Simulation size [X/Y/N]:    [ 60000 / 60000 / 5000 ]
[2025-07-09 21:11:42] [[32minfo[m] Total execution time:       54.707 sec
[2025-07-09 21:11:42] [[32minfo[m] Step execution time:        10.941 ms
[2025-07-09 21:11:42] [[32minfo[m] BLUPS:                      329.024

[2025-07-09 21:11:42] [[32minfo[m] ------------------------------------------------------




[2025-07-09 21:11:51] [[32minfo[m] Rank 0 loaded parameters from input_03.txt

Parameters
------------------------------
N_X_TOTAL            = 60000
N_Y_TOTAL            = 60000
N_STEPS              = 5000
omega                = 1.700
rho_0                = 1.000
u_max                = 0.100
u_lid                = 0.100
n_sin                = 2.000
export_interval      = 5000
export_name          = C
export_num           = 04
export_rho           = false
export_u_x           = false
export_u_y           = false
export_u_mag         = false
shear_wave_decay     = false
lid_driven_cavity    = true
branchless           = false

Rank  Node       GPU Model                          #   CC   SMs  ShMem/SM  Total GB  Used GB  Free GB  Sub-X  Sub-Y 
--------------------------------------------------------------------------------------------------------------------
0     uc2n902.   NVIDIA A100 80GB PCIe              0   80   108  167936    79.252    23.943   55.309   60000  5000  
1     uc2n902.   NVIDIA A100 80GB PCIe              1   80   108  167936    79.252    23.943   55.309   60000  5000  
2     uc2n903.   NVIDIA A100 80GB PCIe              0   80   108  167936    79.252    23.943   55.309   60000  5000  
3     uc2n903.   NVIDIA A100 80GB PCIe              1   80   108  167936    79.252    23.943   55.309   60000  5000  
4     uc2n904.   NVIDIA A100 80GB PCIe              0   80   108  167936    79.252    23.943   55.309   60000  5000  
5     uc2n904.   NVIDIA A100 80GB PCIe              1   80   108  167936    79.252    23.943   55.309   60000  5000  
6     uc2n909.   NVIDIA A100 80GB PCIe              0   80   108  167936    79.252    23.943   55.309   60000  5000  
7     uc2n909.   NVIDIA A100 80GB PCIe              1   80   108  167936    79.252    23.943   55.309   60000  5000  
8     uc2n910.   NVIDIA A100 80GB PCIe              0   80   108  167936    79.252    23.943   55.309   60000  5000  
9     uc2n910.   NVIDIA A100 80GB PCIe              1   80   108  167936    79.252    23.943   55.309   60000  5000  
10    uc2n913.   NVIDIA A100 80GB PCIe              0   80   108  167936    79.252    23.943   55.309   60000  5000  
11    uc2n913.   NVIDIA A100 80GB PCIe              1   80   108  167936    79.252    23.943   55.309   60000  5000  

[2025-07-09 21:11:51] [[32minfo[m] Simulation size [X/Y/N]:    [ 60000 / 60000 / 5000 ]
[2025-07-09 21:11:51] [[32minfo[m] Sub-domain size [X/Y/N]:    [ 60000 / 5000 / 5000 ] * 12
[2025-07-09 21:11:51] [[32minfo[m] Halo cells per sub-domain:  0.04 %

[2025-07-09 21:11:51] [[32minfo[m] Kernel [name/grid/block]:   [ FFLU_LidDrivenCavity_Push_Inner_K / 1171407 / 256 ]
[2025-07-09 21:11:51] [[32minfo[m] Registers per thread:       30
[2025-07-09 21:11:51] [[32minfo[m] Shared memory per block:    9216 bytes
[2025-07-09 21:11:51] [[32minfo[m] Local memory per thread:    0 bytes
[2025-07-09 21:11:51] [[32minfo[m] Kernel domain size [X/Y]:   [ 60000 / 4998 ]

[2025-07-09 21:11:51] [[32minfo[m] Kernel [name/grid/block]:   [ FFLU_LidDrivenCavity_Push_Outer_K / 469 / 256 ]
[2025-07-09 21:11:51] [[32minfo[m] Registers per thread:       32
[2025-07-09 21:11:51] [[32minfo[m] Shared memory per block:    9216 bytes
[2025-07-09 21:11:51] [[32minfo[m] Local memory per thread:    0 bytes
[2025-07-09 21:11:51] [[32minfo[m] Kernel domain size [X/Y]:   [ 60000 / 2 ]

[2025-07-09 21:13:03] [[32minfo[m] Simulation size [X/Y/N]:    [ 60000 / 60000 / 5000 ]
[2025-07-09 21:13:03] [[32minfo[m] Total execution time:       72.160 sec
[2025-07-09 21:13:03] [[32minfo[m] Step execution time:        14.432 ms
[2025-07-09 21:13:03] [[32minfo[m] BLUPS:                      249.444

[2025-07-09 21:13:03] [[32minfo[m] ------------------------------------------------------




[2025-07-09 21:13:11] [[32minfo[m] Rank 0 loaded parameters from input_03.txt

Parameters
------------------------------
N_X_TOTAL            = 60000
N_Y_TOTAL            = 60000
N_STEPS              = 5000
omega                = 1.700
rho_0                = 1.000
u_max                = 0.100
u_lid                = 0.100
n_sin                = 2.000
export_interval      = 5000
export_name          = C
export_num           = 04
export_rho           = false
export_u_x           = false
export_u_y           = false
export_u_mag         = false
shear_wave_decay     = false
lid_driven_cavity    = true
branchless           = false

Rank  Node       GPU Model                          #   CC   SMs  ShMem/SM  Total GB  Used GB  Free GB  Sub-X  Sub-Y 
--------------------------------------------------------------------------------------------------------------------
0     uc2n902.   NVIDIA A100 80GB PCIe              0   80   108  167936    79.252    35.673   43.578   60000  7500  
1     uc2n902.   NVIDIA A100 80GB PCIe              1   80   108  167936    79.252    35.673   43.578   60000  7500  
2     uc2n903.   NVIDIA A100 80GB PCIe              0   80   108  167936    79.252    35.673   43.579   60000  7500  
3     uc2n903.   NVIDIA A100 80GB PCIe              1   80   108  167936    79.252    35.673   43.579   60000  7500  
4     uc2n904.   NVIDIA A100 80GB PCIe              0   80   108  167936    79.252    35.673   43.579   60000  7500  
5     uc2n904.   NVIDIA A100 80GB PCIe              1   80   108  167936    79.252    35.673   43.579   60000  7500  
6     uc2n909.   NVIDIA A100 80GB PCIe              0   80   108  167936    79.252    35.673   43.578   60000  7500  
7     uc2n909.   NVIDIA A100 80GB PCIe              1   80   108  167936    79.252    35.673   43.578   60000  7500  

[2025-07-09 21:13:11] [[32minfo[m] Simulation size [X/Y/N]:    [ 60000 / 60000 / 5000 ]
[2025-07-09 21:13:11] [[32minfo[m] Sub-domain size [X/Y/N]:    [ 60000 / 7500 / 5000 ] * 8
[2025-07-09 21:13:11] [[32minfo[m] Halo cells per sub-domain:  0.03 %

[2025-07-09 21:13:11] [[32minfo[m] Kernel [name/grid/block]:   [ FFLU_LidDrivenCavity_Push_Inner_K / 1757344 / 256 ]
[2025-07-09 21:13:11] [[32minfo[m] Registers per thread:       30
[2025-07-09 21:13:11] [[32minfo[m] Shared memory per block:    9216 bytes
[2025-07-09 21:13:11] [[32minfo[m] Local memory per thread:    0 bytes
[2025-07-09 21:13:11] [[32minfo[m] Kernel domain size [X/Y]:   [ 60000 / 7498 ]

[2025-07-09 21:13:11] [[32minfo[m] Kernel [name/grid/block]:   [ FFLU_LidDrivenCavity_Push_Outer_K / 469 / 256 ]
[2025-07-09 21:13:11] [[32minfo[m] Registers per thread:       32
[2025-07-09 21:13:11] [[32minfo[m] Shared memory per block:    9216 bytes
[2025-07-09 21:13:11] [[32minfo[m] Local memory per thread:    0 bytes
[2025-07-09 21:13:11] [[32minfo[m] Kernel domain size [X/Y]:   [ 60000 / 2 ]

[2025-07-09 21:14:59] [[32minfo[m] Simulation size [X/Y/N]:    [ 60000 / 60000 / 5000 ]
[2025-07-09 21:14:59] [[32minfo[m] Total execution time:       107.456 sec
[2025-07-09 21:14:59] [[32minfo[m] Step execution time:        21.491 ms
[2025-07-09 21:14:59] [[32minfo[m] BLUPS:                      167.511

[2025-07-09 21:14:59] [[32minfo[m] ------------------------------------------------------




[2025-07-09 21:15:07] [[32minfo[m] Rank 0 loaded parameters from input_03.txt

Parameters
------------------------------
N_X_TOTAL            = 60000
N_Y_TOTAL            = 60000
N_STEPS              = 5000
omega                = 1.700
rho_0                = 1.000
u_max                = 0.100
u_lid                = 0.100
n_sin                = 2.000
export_interval      = 5000
export_name          = C
export_num           = 04
export_rho           = false
export_u_x           = false
export_u_y           = false
export_u_mag         = false
shear_wave_decay     = false
lid_driven_cavity    = true
branchless           = false

Rank  Node       GPU Model                          #   CC   SMs  ShMem/SM  Total GB  Used GB  Free GB  Sub-X  Sub-Y 
--------------------------------------------------------------------------------------------------------------------
0     uc2n902.   NVIDIA A100 80GB PCIe              0   80   108  167936    79.252    70.865   8.387    60000  15000 
1     uc2n903.   NVIDIA A100 80GB PCIe              0   80   108  167936    79.252    70.865   8.387    60000  15000 
2     uc2n904.   NVIDIA A100 80GB PCIe              0   80   108  167936    79.252    70.865   8.387    60000  15000 
3     uc2n909.   NVIDIA A100 80GB PCIe              0   80   108  167936    79.252    70.865   8.387    60000  15000 

[2025-07-09 21:15:07] [[32minfo[m] Simulation size [X/Y/N]:    [ 60000 / 60000 / 5000 ]
[2025-07-09 21:15:07] [[32minfo[m] Sub-domain size [X/Y/N]:    [ 60000 / 15000 / 5000 ] * 4
[2025-07-09 21:15:07] [[32minfo[m] Halo cells per sub-domain:  0.01 %

[2025-07-09 21:15:07] [[32minfo[m] Kernel [name/grid/block]:   [ FFLU_LidDrivenCavity_Push_Inner_K / 3515157 / 256 ]
[2025-07-09 21:15:07] [[32minfo[m] Registers per thread:       30
[2025-07-09 21:15:07] [[32minfo[m] Shared memory per block:    9216 bytes
[2025-07-09 21:15:07] [[32minfo[m] Local memory per thread:    0 bytes
[2025-07-09 21:15:07] [[32minfo[m] Kernel domain size [X/Y]:   [ 60000 / 14998 ]

[2025-07-09 21:15:07] [[32minfo[m] Kernel [name/grid/block]:   [ FFLU_LidDrivenCavity_Push_Outer_K / 469 / 256 ]
[2025-07-09 21:15:07] [[32minfo[m] Registers per thread:       32
[2025-07-09 21:15:07] [[32minfo[m] Shared memory per block:    9216 bytes
[2025-07-09 21:15:07] [[32minfo[m] Local memory per thread:    0 bytes
[2025-07-09 21:15:07] [[32minfo[m] Kernel domain size [X/Y]:   [ 60000 / 2 ]

[2025-07-09 21:18:41] [[32minfo[m] Simulation size [X/Y/N]:    [ 60000 / 60000 / 5000 ]
[2025-07-09 21:18:41] [[32minfo[m] Total execution time:       214.761 sec
[2025-07-09 21:18:41] [[32minfo[m] Step execution time:        42.952 ms
[2025-07-09 21:18:41] [[32minfo[m] BLUPS:                      83.814

[2025-07-09 21:18:41] [[32minfo[m] ------------------------------------------------------




[2025-07-09 21:18:51] [[32minfo[m] Rank 0 loaded parameters from input_02.txt

Parameters
------------------------------
N_X_TOTAL            = 30000
N_Y_TOTAL            = 30000
N_STEPS              = 5000
omega                = 1.700
rho_0                = 1.000
u_max                = 0.100
u_lid                = 0.100
n_sin                = 2.000
export_interval      = 5000
export_name          = C
export_num           = 04
export_rho           = false
export_u_x           = false
export_u_y           = false
export_u_mag         = false
shear_wave_decay     = false
lid_driven_cavity    = true
branchless           = false

Rank  Node       GPU Model                          #   CC   SMs  ShMem/SM  Total GB  Used GB  Free GB  Sub-X  Sub-Y 
--------------------------------------------------------------------------------------------------------------------
0     uc2n902.   NVIDIA A100 80GB PCIe              0   80   108  167936    79.252    3.394    75.858   30000  1250  
1     uc2n902.   NVIDIA A100 80GB PCIe              1   80   108  167936    79.252    3.394    75.858   30000  1250  
2     uc2n902.   NVIDIA A100 80GB PCIe              2   80   108  167936    79.252    3.394    75.858   30000  1250  
3     uc2n902.   NVIDIA A100 80GB PCIe              3   80   108  167936    79.252    3.394    75.858   30000  1250  
4     uc2n903.   NVIDIA A100 80GB PCIe              0   80   108  167936    79.252    3.394    75.858   30000  1250  
5     uc2n903.   NVIDIA A100 80GB PCIe              1   80   108  167936    79.252    3.394    75.858   30000  1250  
6     uc2n903.   NVIDIA A100 80GB PCIe              2   80   108  167936    79.252    3.394    75.858   30000  1250  
7     uc2n903.   NVIDIA A100 80GB PCIe              3   80   108  167936    79.252    3.394    75.858   30000  1250  
8     uc2n904.   NVIDIA A100 80GB PCIe              0   80   108  167936    79.252    3.394    75.858   30000  1250  
9     uc2n904.   NVIDIA A100 80GB PCIe              1   80   108  167936    79.252    3.394    75.858   30000  1250  
10    uc2n904.   NVIDIA A100 80GB PCIe              2   80   108  167936    79.252    3.394    75.858   30000  1250  
11    uc2n904.   NVIDIA A100 80GB PCIe              3   80   108  167936    79.252    3.394    75.858   30000  1250  
12    uc2n909.   NVIDIA A100 80GB PCIe              0   80   108  167936    79.252    3.394    75.858   30000  1250  
13    uc2n909.   NVIDIA A100 80GB PCIe              1   80   108  167936    79.252    3.394    75.858   30000  1250  
14    uc2n909.   NVIDIA A100 80GB PCIe              2   80   108  167936    79.252    3.394    75.858   30000  1250  
15    uc2n909.   NVIDIA A100 80GB PCIe              3   80   108  167936    79.252    3.394    75.858   30000  1250  
16    uc2n910.   NVIDIA A100 80GB PCIe              0   80   108  167936    79.252    3.394    75.858   30000  1250  
17    uc2n910.   NVIDIA A100 80GB PCIe              1   80   108  167936    79.252    3.394    75.858   30000  1250  
18    uc2n910.   NVIDIA A100 80GB PCIe              2   80   108  167936    79.252    3.394    75.858   30000  1250  
19    uc2n910.   NVIDIA A100 80GB PCIe              3   80   108  167936    79.252    3.394    75.858   30000  1250  
20    uc2n913.   NVIDIA A100 80GB PCIe              0   80   108  167936    79.252    3.394    75.858   30000  1250  
21    uc2n913.   NVIDIA A100 80GB PCIe              1   80   108  167936    79.252    3.394    75.858   30000  1250  
22    uc2n913.   NVIDIA A100 80GB PCIe              2   80   108  167936    79.252    3.394    75.858   30000  1250  
23    uc2n913.   NVIDIA A100 80GB PCIe              3   80   108  167936    79.252    3.394    75.858   30000  1250  

[2025-07-09 21:18:51] [[32minfo[m] Simulation size [X/Y/N]:    [ 30000 / 30000 / 5000 ]
[2025-07-09 21:18:51] [[32minfo[m] Sub-domain size [X/Y/N]:    [ 30000 / 1250 / 5000 ] * 24
[2025-07-09 21:18:51] [[32minfo[m] Halo cells per sub-domain:  0.16 %

[2025-07-09 21:18:51] [[32minfo[m] Kernel [name/grid/block]:   [ FFLU_LidDrivenCavity_Push_Inner_K / 146250 / 256 ]
[2025-07-09 21:18:51] [[32minfo[m] Registers per thread:       30
[2025-07-09 21:18:51] [[32minfo[m] Shared memory per block:    9216 bytes
[2025-07-09 21:18:51] [[32minfo[m] Local memory per thread:    0 bytes
[2025-07-09 21:18:51] [[32minfo[m] Kernel domain size [X/Y]:   [ 30000 / 1248 ]

[2025-07-09 21:18:51] [[32minfo[m] Kernel [name/grid/block]:   [ FFLU_LidDrivenCavity_Push_Outer_K / 235 / 256 ]
[2025-07-09 21:18:51] [[32minfo[m] Registers per thread:       32
[2025-07-09 21:18:51] [[32minfo[m] Shared memory per block:    9216 bytes
[2025-07-09 21:18:51] [[32minfo[m] Local memory per thread:    0 bytes
[2025-07-09 21:18:51] [[32minfo[m] Kernel domain size [X/Y]:   [ 30000 / 2 ]

[2025-07-09 21:19:00] [[32minfo[m] Simulation size [X/Y/N]:    [ 30000 / 30000 / 5000 ]
[2025-07-09 21:19:00] [[32minfo[m] Total execution time:       9.492 sec
[2025-07-09 21:19:00] [[32minfo[m] Step execution time:        1.898 ms
[2025-07-09 21:19:00] [[32minfo[m] BLUPS:                      474.084

[2025-07-09 21:19:00] [[32minfo[m] ------------------------------------------------------




[2025-07-09 21:19:11] [[32minfo[m] Rank 0 loaded parameters from input_02.txt

Parameters
------------------------------
N_X_TOTAL            = 30000
N_Y_TOTAL            = 30000
N_STEPS              = 5000
omega                = 1.700
rho_0                = 1.000
u_max                = 0.100
u_lid                = 0.100
n_sin                = 2.000
export_interval      = 5000
export_name          = C
export_num           = 04
export_rho           = false
export_u_x           = false
export_u_y           = false
export_u_mag         = false
shear_wave_decay     = false
lid_driven_cavity    = true
branchless           = false

Rank  Node       GPU Model                          #   CC   SMs  ShMem/SM  Total GB  Used GB  Free GB  Sub-X  Sub-Y 
--------------------------------------------------------------------------------------------------------------------
0     uc2n902.   NVIDIA A100 80GB PCIe              0   80   108  167936    79.252    3.968    75.284   30000  1500  
1     uc2n902.   NVIDIA A100 80GB PCIe              1   80   108  167936    79.252    3.968    75.284   30000  1500  
2     uc2n902.   NVIDIA A100 80GB PCIe              2   80   108  167936    79.252    3.968    75.284   30000  1500  
3     uc2n902.   NVIDIA A100 80GB PCIe              3   80   108  167936    79.252    3.968    75.284   30000  1500  
4     uc2n903.   NVIDIA A100 80GB PCIe              0   80   108  167936    79.252    3.968    75.284   30000  1500  
5     uc2n903.   NVIDIA A100 80GB PCIe              1   80   108  167936    79.252    3.968    75.284   30000  1500  
6     uc2n903.   NVIDIA A100 80GB PCIe              2   80   108  167936    79.252    3.968    75.284   30000  1500  
7     uc2n903.   NVIDIA A100 80GB PCIe              3   80   108  167936    79.252    3.968    75.284   30000  1500  
8     uc2n904.   NVIDIA A100 80GB PCIe              0   80   108  167936    79.252    3.968    75.284   30000  1500  
9     uc2n904.   NVIDIA A100 80GB PCIe              1   80   108  167936    79.252    3.968    75.284   30000  1500  
10    uc2n904.   NVIDIA A100 80GB PCIe              2   80   108  167936    79.252    3.968    75.284   30000  1500  
11    uc2n904.   NVIDIA A100 80GB PCIe              3   80   108  167936    79.252    3.968    75.284   30000  1500  
12    uc2n909.   NVIDIA A100 80GB PCIe              0   80   108  167936    79.252    3.968    75.284   30000  1500  
13    uc2n909.   NVIDIA A100 80GB PCIe              1   80   108  167936    79.252    3.968    75.284   30000  1500  
14    uc2n909.   NVIDIA A100 80GB PCIe              2   80   108  167936    79.252    3.968    75.284   30000  1500  
15    uc2n909.   NVIDIA A100 80GB PCIe              3   80   108  167936    79.252    3.968    75.284   30000  1500  
16    uc2n910.   NVIDIA A100 80GB PCIe              0   80   108  167936    79.252    3.968    75.284   30000  1500  
17    uc2n910.   NVIDIA A100 80GB PCIe              1   80   108  167936    79.252    3.968    75.284   30000  1500  
18    uc2n910.   NVIDIA A100 80GB PCIe              2   80   108  167936    79.252    3.968    75.284   30000  1500  
19    uc2n910.   NVIDIA A100 80GB PCIe              3   80   108  167936    79.252    3.968    75.284   30000  1500  

[2025-07-09 21:19:11] [[32minfo[m] Simulation size [X/Y/N]:    [ 30000 / 30000 / 5000 ]
[2025-07-09 21:19:11] [[32minfo[m] Sub-domain size [X/Y/N]:    [ 30000 / 1500 / 5000 ] * 20
[2025-07-09 21:19:11] [[32minfo[m] Halo cells per sub-domain:  0.13 %

[2025-07-09 21:19:11] [[32minfo[m] Kernel [name/grid/block]:   [ FFLU_LidDrivenCavity_Push_Inner_K / 175547 / 256 ]
[2025-07-09 21:19:11] [[32minfo[m] Registers per thread:       30
[2025-07-09 21:19:11] [[32minfo[m] Shared memory per block:    9216 bytes
[2025-07-09 21:19:11] [[32minfo[m] Local memory per thread:    0 bytes
[2025-07-09 21:19:11] [[32minfo[m] Kernel domain size [X/Y]:   [ 30000 / 1498 ]

[2025-07-09 21:19:11] [[32minfo[m] Kernel [name/grid/block]:   [ FFLU_LidDrivenCavity_Push_Outer_K / 235 / 256 ]
[2025-07-09 21:19:11] [[32minfo[m] Registers per thread:       32
[2025-07-09 21:19:11] [[32minfo[m] Shared memory per block:    9216 bytes
[2025-07-09 21:19:11] [[32minfo[m] Local memory per thread:    0 bytes
[2025-07-09 21:19:11] [[32minfo[m] Kernel domain size [X/Y]:   [ 30000 / 2 ]

[2025-07-09 21:19:22] [[32minfo[m] Simulation size [X/Y/N]:    [ 30000 / 30000 / 5000 ]
[2025-07-09 21:19:22] [[32minfo[m] Total execution time:       11.410 sec
[2025-07-09 21:19:22] [[32minfo[m] Step execution time:        2.282 ms
[2025-07-09 21:19:22] [[32minfo[m] BLUPS:                      394.406

[2025-07-09 21:19:22] [[32minfo[m] ------------------------------------------------------




============================= JOB FEEDBACK =============================

NodeName=uc2n[902-904,909-910,913]
Job ID: 657867
Cluster: uc3
User/Group: fr_fl184/fr_fr
State: COMPLETED (exit code 0)
Nodes: 6
Cores per node: 32
CPU Utilized: 01:42:36
CPU Efficiency: 4.39% of 1-14:56:00 core-walltime
Job Wall-clock time: 00:12:10
Memory Utilized: 5.33 GB
Memory Efficiency: 0.35% of 1.50 TB (256.00 GB/node)
The task which had the largest memory consumption differs by 129.51% from the average task max memory consumption
