The Meson build system
Version: 1.5.1
Source dir: /pfs/data6/home/fr/fr_fr/fr_fl184/MightyBatticeLoltzmann
Build dir: /pfs/data6/home/fr/fr_fr/fr_fl184/MightyBatticeLoltzmann/buildDir
Build type: native build
Project name: MightyBatticeLoltzmann
Project version: 0.1
C compiler for the host machine: gcc (gcc 11.4.1 "gcc (GCC) 11.4.1 20231218 (Red Hat 11.4.1-4)")
C linker for the host machine: gcc ld.bfd 2.35.2-43
C++ compiler for the host machine: g++ (gcc 11.4.1 "g++ (GCC) 11.4.1 20231218 (Red Hat 11.4.1-4)")
C++ linker for the host machine: g++ ld.bfd 2.35.2-43
Cuda compiler for the host machine: nvcc (nvcc 12.6.85
Build cuda_12.6.r12.6/compiler.35059454_0)
Cuda linker for the host machine: nvcc nvlink 12.6.85
Build cuda_12.6.r12.6/compiler.35059454_0
Host machine cpu family: x86_64
Host machine cpu: x86_64
Run-time dependency CUDA (modules: cudart_static) found: YES 12.6 (/software/bwhpc/common/toolkit/nvidia_hpc_sdk/25.1/Linux_x86_64/25.1/cuda)
WARNING: You should add the boolean check kwarg to the run_command call.
         It currently defaults to false,
         but it will default to true in future releases of meson.
         See also: https://github.com/mesonbuild/meson/issues/9300
Found pkg-config: YES (/usr/bin/pkg-config) 1.7.3
Found CMake: /usr/bin/cmake (3.26.5)
Run-time dependency spdlog found: NO (tried pkgconfig and cmake)
Looking for a fallback subproject for the dependency spdlog

Executing subproject spdlog 

spdlog| Project name: spdlog
spdlog| Project version: 1.15.2
spdlog| C++ compiler for the host machine: g++ (gcc 11.4.1 "g++ (GCC) 11.4.1 20231218 (Red Hat 11.4.1-4)")
spdlog| C++ linker for the host machine: g++ ld.bfd 2.35.2-43
spdlog| Run-time dependency threads found: YES
spdlog| Header "format" has symbol "__cpp_lib_format" : NO
spdlog| Run-time dependency fmt found: NO (tried pkgconfig and cmake)
spdlog| Looking for a fallback subproject for the dependency fmt

Executing subproject spdlog:fmt

fmt| Project name: fmt
fmt| Project version: 11.2.0
fmt| C++ compiler for the host machine: g++ (gcc 11.4.1 "g++ (GCC) 11.4.1 20231218 (Red Hat 11.4.1-4)")
fmt| C++ linker for the host machine: g++ ld.bfd 2.35.2-43
fmt| Build targets in project: 1
fmt| Subproject fmt finished.

spdlog| Dependency fmt found: YES 11.2.0 (overridden)
spdlog| Run-time dependency catch2-with-main found: NO (tried pkgconfig and cmake)
spdlog| Message: Skipping tests since Catch2 was not found
spdlog| Build targets in project: 2
spdlog| Subproject spdlog finished.

Dependency spdlog from subproject subprojects/spdlog-1.15.2 found: YES 1.15.2
Message: MPI found
WARNING: Build target lib has no sources. This was never supposed to be allowed but did because of a bug, support will be removed in a future release of Meson
Run-time dependency GTest found: NO (tried pkgconfig and system)
Looking for a fallback subproject for the dependency gtest

Executing subproject gtest 

gtest| Project name: gtest
gtest| Project version: 1.15.2
gtest| C++ compiler for the host machine: g++ (gcc 11.4.1 "g++ (GCC) 11.4.1 20231218 (Red Hat 11.4.1-4)")
gtest| C++ linker for the host machine: g++ ld.bfd 2.35.2-43
gtest| Dependency threads found: YES unknown (cached)
gtest| Build targets in project: 36
gtest| Subproject gtest finished.

Dependency gtest from subproject subprojects/googletest-1.15.2 found: YES 1.15.2
Build targets in project: 37

MightyBatticeLoltzmann 0.1

  Subprojects
    fmt      : YES (from spdlog)
    gtest    : YES
    spdlog   : YES

  User defined options
    buildtype: release

Found ninja-1.10.2 at /usr/bin/ninja
ninja: Entering directory `buildDir'
[1/18] Linking static target implementations/liblib.a
[2/18] Compiling C++ object subprojects/fmt-11.2.0/libfmt.so.p/src_os.cc.o
[3/18] Compiling C++ object subprojects/spdlog-1.15.2/src/libspdlog.so.1.15.2.p/cfg.cpp.o
[4/18] Compiling C++ object subprojects/spdlog-1.15.2/src/libspdlog.so.1.15.2.p/file_sinks.cpp.o
[5/18] Compiling C++ object subprojects/spdlog-1.15.2/src/libspdlog.so.1.15.2.p/async.cpp.o
[6/18] Compiling C++ object implementations/cuda_mpi/cuda_mpi_04.p/tools_data_export.cpp.o
../implementations/cuda_mpi/tools/data_export.cpp: In function ‘void ExportScalarFieldFromMPIDevices(const double*, SimulationData, MPI_Comm, const string&, const string&, const string&, uint32_t, uint32_t, uint32_t, uint32_t, uint32_t, uint32_t, uint32_t, int)’:
../implementations/cuda_mpi/tools/data_export.cpp:34:20: warning: unused parameter ‘N_X’ [-Wunused-parameter]
   34 |     const uint32_t N_X, const uint32_t N_Y,
      |     ~~~~~~~~~~~~~~~^~~
../implementations/cuda_mpi/tools/data_export.cpp:34:40: warning: unused parameter ‘N_Y’ [-Wunused-parameter]
   34 |     const uint32_t N_X, const uint32_t N_Y,
      |                         ~~~~~~~~~~~~~~~^~~
../implementations/cuda_mpi/tools/data_export.cpp:35:46: warning: unused parameter ‘N_Y_TOTAL’ [-Wunused-parameter]
   35 |     const uint32_t N_X_TOTAL, const uint32_t N_Y_TOTAL,
      |                               ~~~~~~~~~~~~~~~^~~~~~~~~
../implementations/cuda_mpi/tools/data_export.cpp: In function ‘void ExportSimulationData(const SimulationExportContext&, const SimulationData&, const string&, const string&, uint32_t)’:
../implementations/cuda_mpi/tools/data_export.cpp:88:9: warning: unused variable ‘dvc_u_mag’ [-Wunused-variable]
   88 |     FP* dvc_u_mag = nullptr;
      |         ^~~~~~~~~
[7/18] Compiling C++ object implementations/cuda_mpi/cuda_mpi_04.p/04_src_main.cpp.o
In file included from ../implementations/cuda_mpi/04/src/main.cpp:17:
../implementations/cuda_mpi/04/src/../../tools/utilities.h: In function ‘int DisplayProgressBar(uint32_t, uint32_t, bool, double, double, double, double)’:
../implementations/cuda_mpi/04/src/../../tools/utilities.h:309:16: warning: unused variable ‘misc_time’ [-Wunused-variable]
  309 |         double misc_time = (acc_total_step_time - acc_communication_time
      |                ^~~~~~~~~
../implementations/cuda_mpi/04/src/../../tools/utilities.h:313:16: warning: unused variable ‘comm_pct’ [-Wunused-variable]
  313 |         double comm_pct  = (100.0 * comm_time)  / step_time;
      |                ^~~~~~~~
../implementations/cuda_mpi/04/src/../../tools/utilities.h:314:16: warning: unused variable ‘inner_pct’ [-Wunused-variable]
  314 |         double inner_pct = (100.0 * inner_time) / step_time;
      |                ^~~~~~~~~
../implementations/cuda_mpi/04/src/../../tools/utilities.h:315:16: warning: unused variable ‘outer_pct’ [-Wunused-variable]
  315 |         double outer_pct = (100.0 * outer_time) / step_time;
      |                ^~~~~~~~~
../implementations/cuda_mpi/04/src/../../tools/utilities.h:285:10: warning: unused parameter ‘extended’ [-Wunused-parameter]
  285 |     bool extended = false,
      |     ~~~~~^~~~~~~~~~~~~~~~
../implementations/cuda_mpi/04/src/main.cpp: In function ‘int main(int, char**)’:
../implementations/cuda_mpi/04/src/main.cpp:143:20: warning: unused variable ‘N_CELLS_TOTAL’ [-Wunused-variable]
  143 |     const uint64_t N_CELLS_TOTAL =  N_X_TOTAL * N_Y_TOTAL;
      |                    ^~~~~~~~~~~~~
../implementations/cuda_mpi/04/src/main.cpp:180:20: warning: unused variable ‘Y_END’ [-Wunused-variable]
  180 |     const uint32_t Y_END =          Y_START + N_Y - 1;
      |                    ^~~~~
[8/18] Compiling C++ object subprojects/spdlog-1.15.2/src/libspdlog.so.1.15.2.p/stdout_sinks.cpp.o
[9/18] Compiling C++ object subprojects/spdlog-1.15.2/src/libspdlog.so.1.15.2.p/color_sinks.cpp.o
[10/18] Compiling C++ object subprojects/fmt-11.2.0/libfmt.so.p/src_format.cc.o
[11/18] Linking target subprojects/fmt-11.2.0/libfmt.so
[12/18] Generating symbol file subprojects/fmt-11.2.0/libfmt.so.p/libfmt.so.symbols
[13/18] Compiling C++ object subprojects/spdlog-1.15.2/src/libspdlog.so.1.15.2.p/spdlog.cpp.o
[14/18] Linking target subprojects/spdlog-1.15.2/src/libspdlog.so.1.15.2
[15/18] Generating symbol file subprojects/spdlog-1.15.2/src/libspdlog.so.1.15.2.p/libspdlog.so.1.15.2.symbols
[16/18] Compiling Cuda object implementations/cuda_mpi/cuda_mpi_04.p/04_src_initialization.cu.o
../subprojects/fmt-11.2.0/include/fmt/base.h(473): warning #128-D: loop is not reachable
    for (; n != 0; ++s1, ++s2, --n) {
    ^
          detected during:
            instantiation of "auto fmt::v11::detail::compare(const Char *, const Char *, std::size_t)->int [with Char=char]" at line 591
            instantiation of "auto fmt::v11::basic_string_view<Char>::compare(fmt::v11::basic_string_view<Char>) const->int [with Char=char]" at line 598
            instantiation of class "fmt::v11::basic_string_view<Char> [with Char=char]" at line 2642
            instantiation of "auto fmt::v11::basic_format_args<Context>::get_id(fmt::v11::basic_string_view<Char>) const->int [with Context=fmt::v11::context, Char=char]" at line 2685

Remark: The warnings can be suppressed with "-diag-suppress <warning-number>"

../subprojects/fmt-11.2.0/include/fmt/format.h(2597): warning #2417-D: constexpr constructor calls non-constexpr function "fmt::v11::basic_memory_buffer<T, SIZE, Allocator>::basic_memory_buffer(const Allocator &) [with T=fmt::v11::detail::bigint::bigit, SIZE=32UL, Allocator=fmt::v11::detail::allocator<fmt::v11::detail::bigint::bigit>]"
    constexpr bigint() : exp_(0) {}
                                 ^

../subprojects/fmt-11.2.0/include/fmt/base.h(473): warning #128-D: loop is not reachable
    for (; n != 0; ++s1, ++s2, --n) {
    ^
          detected during:
            instantiation of "auto fmt::v11::detail::compare(const Char *, const Char *, std::size_t)->int [with Char=char]" at line 591
            instantiation of "auto fmt::v11::basic_string_view<Char>::compare(fmt::v11::basic_string_view<Char>) const->int [with Char=char]" at line 598
            instantiation of class "fmt::v11::basic_string_view<Char> [with Char=char]" at line 2642
            instantiation of "auto fmt::v11::basic_format_args<Context>::get_id(fmt::v11::basic_string_view<Char>) const->int [with Context=fmt::v11::context, Char=char]" at line 2685

Remark: The warnings can be suppressed with "-diag-suppress <warning-number>"

../subprojects/fmt-11.2.0/include/fmt/format.h(2597): warning #2417-D: constexpr constructor calls non-constexpr function "fmt::v11::basic_memory_buffer<T, SIZE, Allocator>::basic_memory_buffer(const Allocator &) [with T=fmt::v11::detail::bigint::bigit, SIZE=32UL, Allocator=fmt::v11::detail::allocator<fmt::v11::detail::bigint::bigit>]"
    constexpr bigint() : exp_(0) {}
                                 ^

../subprojects/fmt-11.2.0/include/fmt/base.h(473): warning #128-D: loop is not reachable
    for (; n != 0; ++s1, ++s2, --n) {
    ^
          detected during:
            instantiation of "auto fmt::v11::detail::compare(const Char *, const Char *, std::size_t)->int [with Char=char]" at line 591
            instantiation of "auto fmt::v11::basic_string_view<Char>::compare(fmt::v11::basic_string_view<Char>) const->int [with Char=char]" at line 598
            instantiation of class "fmt::v11::basic_string_view<Char> [with Char=char]" at line 2642
            instantiation of "auto fmt::v11::basic_format_args<Context>::get_id(fmt::v11::basic_string_view<Char>) const->int [with Context=fmt::v11::context, Char=char]" at line 2685

Remark: The warnings can be suppressed with "-diag-suppress <warning-number>"

../subprojects/fmt-11.2.0/include/fmt/format.h(2597): warning #2417-D: constexpr constructor calls non-constexpr function "fmt::v11::basic_memory_buffer<T, SIZE, Allocator>::basic_memory_buffer(const Allocator &) [with T=fmt::v11::detail::bigint::bigit, SIZE=32UL, Allocator=fmt::v11::detail::allocator<fmt::v11::detail::bigint::bigit>]"
    constexpr bigint() : exp_(0) {}
                                 ^

../subprojects/fmt-11.2.0/include/fmt/base.h(473): warning #128-D: loop is not reachable
    for (; n != 0; ++s1, ++s2, --n) {
    ^
          detected during:
            instantiation of "auto fmt::v11::detail::compare(const Char *, const Char *, std::size_t)->int [with Char=char]" at line 591
            instantiation of "auto fmt::v11::basic_string_view<Char>::compare(fmt::v11::basic_string_view<Char>) const->int [with Char=char]" at line 598
            instantiation of class "fmt::v11::basic_string_view<Char> [with Char=char]" at line 2642
            instantiation of "auto fmt::v11::basic_format_args<Context>::get_id(fmt::v11::basic_string_view<Char>) const->int [with Context=fmt::v11::context, Char=char]" at line 2685

Remark: The warnings can be suppressed with "-diag-suppress <warning-number>"

../subprojects/fmt-11.2.0/include/fmt/format.h(2597): warning #2417-D: constexpr constructor calls non-constexpr function "fmt::v11::basic_memory_buffer<T, SIZE, Allocator>::basic_memory_buffer(const Allocator &) [with T=fmt::v11::detail::bigint::bigit, SIZE=32UL, Allocator=fmt::v11::detail::allocator<fmt::v11::detail::bigint::bigit>]"
    constexpr bigint() : exp_(0) {}
                                 ^

../subprojects/fmt-11.2.0/include/fmt/base.h(473): warning #128-D: loop is not reachable
    for (; n != 0; ++s1, ++s2, --n) {
    ^
          detected during:
            instantiation of "auto fmt::v11::detail::compare(const Char *, const Char *, std::size_t)->int [with Char=char]" at line 591
            instantiation of "auto fmt::v11::basic_string_view<Char>::compare(fmt::v11::basic_string_view<Char>) const->int [with Char=char]" at line 598
            instantiation of class "fmt::v11::basic_string_view<Char> [with Char=char]" at line 2642
            instantiation of "auto fmt::v11::basic_format_args<Context>::get_id(fmt::v11::basic_string_view<Char>) const->int [with Context=fmt::v11::context, Char=char]" at line 2685

Remark: The warnings can be suppressed with "-diag-suppress <warning-number>"

../subprojects/fmt-11.2.0/include/fmt/format.h(2597): warning #2417-D: constexpr constructor calls non-constexpr function "fmt::v11::basic_memory_buffer<T, SIZE, Allocator>::basic_memory_buffer(const Allocator &) [with T=fmt::v11::detail::bigint::bigit, SIZE=32UL, Allocator=fmt::v11::detail::allocator<fmt::v11::detail::bigint::bigit>]"
    constexpr bigint() : exp_(0) {}
                                 ^

../subprojects/fmt-11.2.0/include/fmt/base.h(473): warning #128-D: loop is not reachable
    for (; n != 0; ++s1, ++s2, --n) {
    ^
          detected during:
            instantiation of "auto fmt::v11::detail::compare(const Char *, const Char *, std::size_t)->int [with Char=char]" at line 591
            instantiation of "auto fmt::v11::basic_string_view<Char>::compare(fmt::v11::basic_string_view<Char>) const->int [with Char=char]" at line 598
            instantiation of class "fmt::v11::basic_string_view<Char> [with Char=char]" at line 2642
            instantiation of "auto fmt::v11::basic_format_args<Context>::get_id(fmt::v11::basic_string_view<Char>) const->int [with Context=fmt::v11::context, Char=char]" at line 2685

Remark: The warnings can be suppressed with "-diag-suppress <warning-number>"

../subprojects/fmt-11.2.0/include/fmt/format.h(2597): warning #2417-D: constexpr constructor calls non-constexpr function "fmt::v11::basic_memory_buffer<T, SIZE, Allocator>::basic_memory_buffer(const Allocator &) [with T=fmt::v11::detail::bigint::bigit, SIZE=32UL, Allocator=fmt::v11::detail::allocator<fmt::v11::detail::bigint::bigit>]"
    constexpr bigint() : exp_(0) {}
                                 ^

../subprojects/fmt-11.2.0/include/fmt/base.h(473): warning #128-D: loop is not reachable
    for (; n != 0; ++s1, ++s2, --n) {
    ^
          detected during:
            instantiation of "auto fmt::v11::detail::compare(const Char *, const Char *, std::size_t)->int [with Char=char]" at line 591
            instantiation of "auto fmt::v11::basic_string_view<Char>::compare(fmt::v11::basic_string_view<Char>) const->int [with Char=char]" at line 598
            instantiation of class "fmt::v11::basic_string_view<Char> [with Char=char]" at line 2642
            instantiation of "auto fmt::v11::basic_format_args<Context>::get_id(fmt::v11::basic_string_view<Char>) const->int [with Context=fmt::v11::context, Char=char]" at line 2685

Remark: The warnings can be suppressed with "-diag-suppress <warning-number>"

../subprojects/fmt-11.2.0/include/fmt/format.h(2597): warning #2417-D: constexpr constructor calls non-constexpr function "fmt::v11::basic_memory_buffer<T, SIZE, Allocator>::basic_memory_buffer(const Allocator &) [with T=fmt::v11::detail::bigint::bigit, SIZE=32UL, Allocator=fmt::v11::detail::allocator<fmt::v11::detail::bigint::bigit>]"
    constexpr bigint() : exp_(0) {}
                                 ^

../subprojects/fmt-11.2.0/include/fmt/base.h(473): warning #128-D: loop is not reachable
    for (; n != 0; ++s1, ++s2, --n) {
    ^
          detected during:
            instantiation of "auto fmt::v11::detail::compare(const Char *, const Char *, std::size_t)->int [with Char=char]" at line 591
            instantiation of "auto fmt::v11::basic_string_view<Char>::compare(fmt::v11::basic_string_view<Char>) const->int [with Char=char]" at line 598
            instantiation of class "fmt::v11::basic_string_view<Char> [with Char=char]" at line 2642
            instantiation of "auto fmt::v11::basic_format_args<Context>::get_id(fmt::v11::basic_string_view<Char>) const->int [with Context=fmt::v11::context, Char=char]" at line 2685

Remark: The warnings can be suppressed with "-diag-suppress <warning-number>"

../subprojects/fmt-11.2.0/include/fmt/format.h(2597): warning #2417-D: constexpr constructor calls non-constexpr function "fmt::v11::basic_memory_buffer<T, SIZE, Allocator>::basic_memory_buffer(const Allocator &) [with T=fmt::v11::detail::bigint::bigit, SIZE=32UL, Allocator=fmt::v11::detail::allocator<fmt::v11::detail::bigint::bigit>]"
    constexpr bigint() : exp_(0) {}
                                 ^

[17/18] Compiling Cuda object implementations/cuda_mpi/cuda_mpi_04.p/04_src_simulation.cu.o
../subprojects/fmt-11.2.0/include/fmt/base.h(473): warning #128-D: loop is not reachable
    for (; n != 0; ++s1, ++s2, --n) {
    ^
          detected during:
            instantiation of "auto fmt::v11::detail::compare(const Char *, const Char *, std::size_t)->int [with Char=char]" at line 591
            instantiation of "auto fmt::v11::basic_string_view<Char>::compare(fmt::v11::basic_string_view<Char>) const->int [with Char=char]" at line 598
            instantiation of class "fmt::v11::basic_string_view<Char> [with Char=char]" at line 2642
            instantiation of "auto fmt::v11::basic_format_args<Context>::get_id(fmt::v11::basic_string_view<Char>) const->int [with Context=fmt::v11::context, Char=char]" at line 2685

Remark: The warnings can be suppressed with "-diag-suppress <warning-number>"

../subprojects/fmt-11.2.0/include/fmt/format.h(2597): warning #2417-D: constexpr constructor calls non-constexpr function "fmt::v11::basic_memory_buffer<T, SIZE, Allocator>::basic_memory_buffer(const Allocator &) [with T=fmt::v11::detail::bigint::bigit, SIZE=32UL, Allocator=fmt::v11::detail::allocator<fmt::v11::detail::bigint::bigit>]"
    constexpr bigint() : exp_(0) {}
                                 ^

../subprojects/fmt-11.2.0/include/fmt/base.h(473): warning #128-D: loop is not reachable
    for (; n != 0; ++s1, ++s2, --n) {
    ^
          detected during:
            instantiation of "auto fmt::v11::detail::compare(const Char *, const Char *, std::size_t)->int [with Char=char]" at line 591
            instantiation of "auto fmt::v11::basic_string_view<Char>::compare(fmt::v11::basic_string_view<Char>) const->int [with Char=char]" at line 598
            instantiation of class "fmt::v11::basic_string_view<Char> [with Char=char]" at line 2642
            instantiation of "auto fmt::v11::basic_format_args<Context>::get_id(fmt::v11::basic_string_view<Char>) const->int [with Context=fmt::v11::context, Char=char]" at line 2685

Remark: The warnings can be suppressed with "-diag-suppress <warning-number>"

../subprojects/fmt-11.2.0/include/fmt/format.h(2597): warning #2417-D: constexpr constructor calls non-constexpr function "fmt::v11::basic_memory_buffer<T, SIZE, Allocator>::basic_memory_buffer(const Allocator &) [with T=fmt::v11::detail::bigint::bigit, SIZE=32UL, Allocator=fmt::v11::detail::allocator<fmt::v11::detail::bigint::bigit>]"
    constexpr bigint() : exp_(0) {}
                                 ^

../subprojects/fmt-11.2.0/include/fmt/base.h(473): warning #128-D: loop is not reachable
    for (; n != 0; ++s1, ++s2, --n) {
    ^
          detected during:
            instantiation of "auto fmt::v11::detail::compare(const Char *, const Char *, std::size_t)->int [with Char=char]" at line 591
            instantiation of "auto fmt::v11::basic_string_view<Char>::compare(fmt::v11::basic_string_view<Char>) const->int [with Char=char]" at line 598
            instantiation of class "fmt::v11::basic_string_view<Char> [with Char=char]" at line 2642
            instantiation of "auto fmt::v11::basic_format_args<Context>::get_id(fmt::v11::basic_string_view<Char>) const->int [with Context=fmt::v11::context, Char=char]" at line 2685

Remark: The warnings can be suppressed with "-diag-suppress <warning-number>"

../subprojects/fmt-11.2.0/include/fmt/format.h(2597): warning #2417-D: constexpr constructor calls non-constexpr function "fmt::v11::basic_memory_buffer<T, SIZE, Allocator>::basic_memory_buffer(const Allocator &) [with T=fmt::v11::detail::bigint::bigit, SIZE=32UL, Allocator=fmt::v11::detail::allocator<fmt::v11::detail::bigint::bigit>]"
    constexpr bigint() : exp_(0) {}
                                 ^

../subprojects/fmt-11.2.0/include/fmt/base.h(473): warning #128-D: loop is not reachable
    for (; n != 0; ++s1, ++s2, --n) {
    ^
          detected during:
            instantiation of "auto fmt::v11::detail::compare(const Char *, const Char *, std::size_t)->int [with Char=char]" at line 591
            instantiation of "auto fmt::v11::basic_string_view<Char>::compare(fmt::v11::basic_string_view<Char>) const->int [with Char=char]" at line 598
            instantiation of class "fmt::v11::basic_string_view<Char> [with Char=char]" at line 2642
            instantiation of "auto fmt::v11::basic_format_args<Context>::get_id(fmt::v11::basic_string_view<Char>) const->int [with Context=fmt::v11::context, Char=char]" at line 2685

Remark: The warnings can be suppressed with "-diag-suppress <warning-number>"

../subprojects/fmt-11.2.0/include/fmt/format.h(2597): warning #2417-D: constexpr constructor calls non-constexpr function "fmt::v11::basic_memory_buffer<T, SIZE, Allocator>::basic_memory_buffer(const Allocator &) [with T=fmt::v11::detail::bigint::bigit, SIZE=32UL, Allocator=fmt::v11::detail::allocator<fmt::v11::detail::bigint::bigit>]"
    constexpr bigint() : exp_(0) {}
                                 ^

../subprojects/fmt-11.2.0/include/fmt/base.h(473): warning #128-D: loop is not reachable
    for (; n != 0; ++s1, ++s2, --n) {
    ^
          detected during:
            instantiation of "auto fmt::v11::detail::compare(const Char *, const Char *, std::size_t)->int [with Char=char]" at line 591
            instantiation of "auto fmt::v11::basic_string_view<Char>::compare(fmt::v11::basic_string_view<Char>) const->int [with Char=char]" at line 598
            instantiation of class "fmt::v11::basic_string_view<Char> [with Char=char]" at line 2642
            instantiation of "auto fmt::v11::basic_format_args<Context>::get_id(fmt::v11::basic_string_view<Char>) const->int [with Context=fmt::v11::context, Char=char]" at line 2685

Remark: The warnings can be suppressed with "-diag-suppress <warning-number>"

../subprojects/fmt-11.2.0/include/fmt/format.h(2597): warning #2417-D: constexpr constructor calls non-constexpr function "fmt::v11::basic_memory_buffer<T, SIZE, Allocator>::basic_memory_buffer(const Allocator &) [with T=fmt::v11::detail::bigint::bigit, SIZE=32UL, Allocator=fmt::v11::detail::allocator<fmt::v11::detail::bigint::bigit>]"
    constexpr bigint() : exp_(0) {}
                                 ^

../subprojects/fmt-11.2.0/include/fmt/base.h(473): warning #128-D: loop is not reachable
    for (; n != 0; ++s1, ++s2, --n) {
    ^
          detected during:
            instantiation of "auto fmt::v11::detail::compare(const Char *, const Char *, std::size_t)->int [with Char=char]" at line 591
            instantiation of "auto fmt::v11::basic_string_view<Char>::compare(fmt::v11::basic_string_view<Char>) const->int [with Char=char]" at line 598
            instantiation of class "fmt::v11::basic_string_view<Char> [with Char=char]" at line 2642
            instantiation of "auto fmt::v11::basic_format_args<Context>::get_id(fmt::v11::basic_string_view<Char>) const->int [with Context=fmt::v11::context, Char=char]" at line 2685

Remark: The warnings can be suppressed with "-diag-suppress <warning-number>"

../subprojects/fmt-11.2.0/include/fmt/format.h(2597): warning #2417-D: constexpr constructor calls non-constexpr function "fmt::v11::basic_memory_buffer<T, SIZE, Allocator>::basic_memory_buffer(const Allocator &) [with T=fmt::v11::detail::bigint::bigit, SIZE=32UL, Allocator=fmt::v11::detail::allocator<fmt::v11::detail::bigint::bigit>]"
    constexpr bigint() : exp_(0) {}
                                 ^

../subprojects/fmt-11.2.0/include/fmt/base.h(473): warning #128-D: loop is not reachable
    for (; n != 0; ++s1, ++s2, --n) {
    ^
          detected during:
            instantiation of "auto fmt::v11::detail::compare(const Char *, const Char *, std::size_t)->int [with Char=char]" at line 591
            instantiation of "auto fmt::v11::basic_string_view<Char>::compare(fmt::v11::basic_string_view<Char>) const->int [with Char=char]" at line 598
            instantiation of class "fmt::v11::basic_string_view<Char> [with Char=char]" at line 2642
            instantiation of "auto fmt::v11::basic_format_args<Context>::get_id(fmt::v11::basic_string_view<Char>) const->int [with Context=fmt::v11::context, Char=char]" at line 2685

Remark: The warnings can be suppressed with "-diag-suppress <warning-number>"

../subprojects/fmt-11.2.0/include/fmt/format.h(2597): warning #2417-D: constexpr constructor calls non-constexpr function "fmt::v11::basic_memory_buffer<T, SIZE, Allocator>::basic_memory_buffer(const Allocator &) [with T=fmt::v11::detail::bigint::bigit, SIZE=32UL, Allocator=fmt::v11::detail::allocator<fmt::v11::detail::bigint::bigit>]"
    constexpr bigint() : exp_(0) {}
                                 ^

../subprojects/fmt-11.2.0/include/fmt/base.h(473): warning #128-D: loop is not reachable
    for (; n != 0; ++s1, ++s2, --n) {
    ^
          detected during:
            instantiation of "auto fmt::v11::detail::compare(const Char *, const Char *, std::size_t)->int [with Char=char]" at line 591
            instantiation of "auto fmt::v11::basic_string_view<Char>::compare(fmt::v11::basic_string_view<Char>) const->int [with Char=char]" at line 598
            instantiation of class "fmt::v11::basic_string_view<Char> [with Char=char]" at line 2642
            instantiation of "auto fmt::v11::basic_format_args<Context>::get_id(fmt::v11::basic_string_view<Char>) const->int [with Context=fmt::v11::context, Char=char]" at line 2685

Remark: The warnings can be suppressed with "-diag-suppress <warning-number>"

../subprojects/fmt-11.2.0/include/fmt/format.h(2597): warning #2417-D: constexpr constructor calls non-constexpr function "fmt::v11::basic_memory_buffer<T, SIZE, Allocator>::basic_memory_buffer(const Allocator &) [with T=fmt::v11::detail::bigint::bigit, SIZE=32UL, Allocator=fmt::v11::detail::allocator<fmt::v11::detail::bigint::bigit>]"
    constexpr bigint() : exp_(0) {}
                                 ^

../implementations/cuda_mpi/04/src/../../tools/utilities.h: In function ‘int DisplayProgressBar(uint32_t, uint32_t, bool, double, double, double, double)’:
../implementations/cuda_mpi/04/src/../../tools/utilities.h:285:1: warning: unused parameter ‘extended’ [-Wunused-parameter]
  284 |     const uint32_t N_STEPS,
      |          ~~~~~~~~~~~~~~~~~~
  285 |     bool extended = false,
      | ^   ~~~~~~~~~~~~
../implementations/cuda_mpi/04/src/simulation.cu: In function ‘void Launch_FullyFusedLatticeUpdate_Push_Inner(const double* const*, double* const*, double*, double*, double*, double, uint32_t, uint32_t, uint32_t, uint32_t, uint32_t, uint32_t, int, bool, bool, bool, bool, bool)’:
../implementations/cuda_mpi/04/src/simulation.cu:340:1: warning: unused parameter ‘N_X_TOTAL’ [-Wunused-parameter]
  339 |     const uint32_t N_X, const uint32_t N_Y,
      |                          ~~~~~~~~~~~~~~~~~~
  340 |     const uint32_t N_X_TOTAL, const uint32_t N_Y_TOTAL,
      | ^   ~~~~~
../implementations/cuda_mpi/04/src/simulation.cu:340:27: warning: unused parameter ‘N_Y_TOTAL’ [-Wunused-parameter]
  340 |     const uint32_t N_X_TOTAL, const uint32_t N_Y_TOTAL,
      |            ~~~~~~~~~~~~~~~^~~~~~~~~
../implementations/cuda_mpi/04/src/simulation.cu:341:1: warning: unused parameter ‘N_STEPS’ [-Wunused-parameter]
  340 |     const uint32_t N_X_TOTAL, const uint32_t N_Y_TOTAL,
      |                                      ~~~~~~~~~~~~~~~~~~
  341 |     const uint32_t N_STEPS,
      | ^   ~~~
../implementations/cuda_mpi/04/src/simulation.cu: In function ‘void Launch_FullyFusedLatticeUpdate_Push_Outer(const double* const*, double* const*, double* const*, double* const*, double*, double*, double*, double, double, uint32_t, uint32_t, uint32_t, uint32_t, uint32_t, uint32_t, uint32_t, int, bool, bool, bool, bool, bool, bool)’:
../implementations/cuda_mpi/04/src/simulation.cu:819:1: warning: unused parameter ‘N_X_TOTAL’ [-Wunused-parameter]
  818 |     const uint32_t N_X, const uint32_t N_Y,
      |                          ~~~~~~~~~~~~~~~~~~
  819 |     const uint32_t N_X_TOTAL, const uint32_t N_Y_TOTAL,
      | ^   ~~~~~
../implementations/cuda_mpi/04/src/simulation.cu:821:1: warning: unused parameter ‘N_STEPS’ [-Wunused-parameter]
  820 |     const uint32_t Y_START,
      |          ~~~~~~~~~~~~~~~~~~
  821 |     const uint32_t N_STEPS,
      | ^   ~~~
[18/18] Linking target implementations/cuda_mpi/cuda_mpi_04

[2025-07-11 07:39:43] [[32minfo[m] Rank 0 loaded parameters from input_03.txt

Parameters
------------------------------
N_X_TOTAL            = 60000
N_Y_TOTAL            = 60000
N_STEPS              = 5000
omega                = 1.700
rho_0                = 1.000
u_max                = 0.100
u_lid                = 0.100
n_sin                = 2.000
export_interval      = 5000
export_name          = C
export_num           = 04
export_rho           = false
export_u_x           = false
export_u_y           = false
export_u_mag         = false
shear_wave_decay     = false
lid_driven_cavity    = true
branchless           = false

Rank  Node       GPU Model                          #   CC   SMs  ShMem/SM  Total GB  Used GB  Free GB  Sub-X  Sub-Y 
--------------------------------------------------------------------------------------------------------------------
0     uc3n075.   NVIDIA H100                        0   90   132  233472    93.096    24.048   69.049   60000  2500  
1     uc3n075.   NVIDIA H100                        1   90   132  233472    93.096    24.047   69.049   60000  2500  
2     uc3n075.   NVIDIA H100                        2   90   132  233472    93.096    24.047   69.049   60000  2500  
3     uc3n075.   NVIDIA H100                        3   90   132  233472    93.096    24.048   69.049   60000  2500  
4     uc3n076.   NVIDIA H100                        0   90   132  233472    93.096    24.047   69.049   60000  2500  
5     uc3n076.   NVIDIA H100                        1   90   132  233472    93.096    24.048   69.049   60000  2500  
6     uc3n076.   NVIDIA H100                        2   90   132  233472    93.096    24.048   69.049   60000  2500  
7     uc3n076.   NVIDIA H100                        3   90   132  233472    93.096    24.048   69.049   60000  2500  
8     uc3n077.   NVIDIA H100                        0   90   132  233472    93.096    24.047   69.049   60000  2500  
9     uc3n077.   NVIDIA H100                        1   90   132  233472    93.096    24.047   69.049   60000  2500  
10    uc3n077.   NVIDIA H100                        2   90   132  233472    93.096    24.047   69.049   60000  2500  
11    uc3n077.   NVIDIA H100                        3   90   132  233472    93.096    24.047   69.049   60000  2500  
12    uc3n078.   NVIDIA H100                        0   90   132  233472    93.096    24.047   69.049   60000  2500  
13    uc3n078.   NVIDIA H100                        1   90   132  233472    93.096    24.047   69.049   60000  2500  
14    uc3n078.   NVIDIA H100                        2   90   132  233472    93.096    24.047   69.049   60000  2500  
15    uc3n078.   NVIDIA H100                        3   90   132  233472    93.096    24.047   69.049   60000  2500  
16    uc3n079.   NVIDIA H100                        0   90   132  233472    93.096    24.048   69.049   60000  2500  
17    uc3n079.   NVIDIA H100                        1   90   132  233472    93.096    24.047   69.049   60000  2500  
18    uc3n079.   NVIDIA H100                        2   90   132  233472    93.096    24.047   69.049   60000  2500  
19    uc3n079.   NVIDIA H100                        3   90   132  233472    93.096    24.048   69.049   60000  2500  
20    uc3n080.   NVIDIA H100                        0   90   132  233472    93.096    24.047   69.049   60000  2500  
21    uc3n080.   NVIDIA H100                        1   90   132  233472    93.096    24.047   69.049   60000  2500  
22    uc3n080.   NVIDIA H100                        2   90   132  233472    93.096    24.047   69.049   60000  2500  
23    uc3n080.   NVIDIA H100                        3   90   132  233472    93.096    24.047   69.049   60000  2500  

[2025-07-11 07:39:43] [[32minfo[m] Simulation size [X/Y/N]:    [ 60000 / 60000 / 5000 ]
[2025-07-11 07:39:43] [[32minfo[m] Sub-domain size [X/Y/N]:    [ 60000 / 2500 / 5000 ] * 24
[2025-07-11 07:39:43] [[32minfo[m] Halo cells per sub-domain:  0.08 %

[2025-07-11 07:39:43] [[32minfo[m] Kernel [name/grid/block]:   [ FFLU_LidDrivenCavity_Push_Inner_K / 585469 / 256 ]
[2025-07-11 07:39:43] [[32minfo[m] Registers per thread:       37
[2025-07-11 07:39:43] [[32minfo[m] Shared memory per block:    18432 bytes
[2025-07-11 07:39:43] [[32minfo[m] Local memory per thread:    0 bytes
[2025-07-11 07:39:43] [[32minfo[m] Kernel domain size [X/Y]:   [ 60000 / 2498 ]

[2025-07-11 07:39:43] [[32minfo[m] Kernel [name/grid/block]:   [ FFLU_LidDrivenCavity_Push_Outer_K / 469 / 256 ]
[2025-07-11 07:39:43] [[32minfo[m] Registers per thread:       44
[2025-07-11 07:39:43] [[32minfo[m] Shared memory per block:    18432 bytes
[2025-07-11 07:39:43] [[32minfo[m] Local memory per thread:    0 bytes
[2025-07-11 07:39:43] [[32minfo[m] Kernel domain size [X/Y]:   [ 60000 / 2 ]

[2025-07-11 07:40:36] [[32minfo[m] Simulation size [X/Y/N]:    [ 60000 / 60000 / 5000 ]
[2025-07-11 07:40:36] [[32minfo[m] Total execution time:       53.087 sec
[2025-07-11 07:40:36] [[32minfo[m] Step execution time:        10.617 ms
[2025-07-11 07:40:36] [[32minfo[m] BLUPS:                      339.068

[2025-07-11 07:40:36] [[32minfo[m] ------------------------------------------------------




[2025-07-11 07:40:51] [[32minfo[m] Rank 0 loaded parameters from input_03.txt

Parameters
------------------------------
N_X_TOTAL            = 60000
N_Y_TOTAL            = 60000
N_STEPS              = 5000
omega                = 1.700
rho_0                = 1.000
u_max                = 0.100
u_lid                = 0.100
n_sin                = 2.000
export_interval      = 5000
export_name          = C
export_num           = 04
export_rho           = false
export_u_x           = false
export_u_y           = false
export_u_mag         = false
shear_wave_decay     = false
lid_driven_cavity    = true
branchless           = false

Rank  Node       GPU Model                          #   CC   SMs  ShMem/SM  Total GB  Used GB  Free GB  Sub-X  Sub-Y 
--------------------------------------------------------------------------------------------------------------------
0     uc3n075.   NVIDIA H100                        0   90   132  233472    93.096    28.723   64.373   60000  3000  
1     uc3n075.   NVIDIA H100                        1   90   132  233472    93.096    28.723   64.373   60000  3000  
2     uc3n075.   NVIDIA H100                        2   90   132  233472    93.096    28.723   64.373   60000  3000  
3     uc3n075.   NVIDIA H100                        3   90   132  233472    93.096    28.723   64.373   60000  3000  
4     uc3n076.   NVIDIA H100                        0   90   132  233472    93.096    28.723   64.373   60000  3000  
5     uc3n076.   NVIDIA H100                        1   90   132  233472    93.096    28.723   64.373   60000  3000  
6     uc3n076.   NVIDIA H100                        2   90   132  233472    93.096    28.723   64.373   60000  3000  
7     uc3n076.   NVIDIA H100                        3   90   132  233472    93.096    28.723   64.373   60000  3000  
8     uc3n077.   NVIDIA H100                        0   90   132  233472    93.096    28.723   64.373   60000  3000  
9     uc3n077.   NVIDIA H100                        1   90   132  233472    93.096    28.723   64.373   60000  3000  
10    uc3n077.   NVIDIA H100                        2   90   132  233472    93.096    28.723   64.373   60000  3000  
11    uc3n077.   NVIDIA H100                        3   90   132  233472    93.096    28.723   64.373   60000  3000  
12    uc3n078.   NVIDIA H100                        0   90   132  233472    93.096    28.723   64.373   60000  3000  
13    uc3n078.   NVIDIA H100                        1   90   132  233472    93.096    28.723   64.373   60000  3000  
14    uc3n078.   NVIDIA H100                        2   90   132  233472    93.096    28.723   64.373   60000  3000  
15    uc3n078.   NVIDIA H100                        3   90   132  233472    93.096    28.723   64.373   60000  3000  
16    uc3n079.   NVIDIA H100                        0   90   132  233472    93.096    28.723   64.373   60000  3000  
17    uc3n079.   NVIDIA H100                        1   90   132  233472    93.096    28.723   64.373   60000  3000  
18    uc3n079.   NVIDIA H100                        2   90   132  233472    93.096    28.723   64.373   60000  3000  
19    uc3n079.   NVIDIA H100                        3   90   132  233472    93.096    28.723   64.373   60000  3000  

[2025-07-11 07:40:51] [[32minfo[m] Simulation size [X/Y/N]:    [ 60000 / 60000 / 5000 ]
[2025-07-11 07:40:51] [[32minfo[m] Sub-domain size [X/Y/N]:    [ 60000 / 3000 / 5000 ] * 20
[2025-07-11 07:40:51] [[32minfo[m] Halo cells per sub-domain:  0.07 %

[2025-07-11 07:40:51] [[32minfo[m] Kernel [name/grid/block]:   [ FFLU_LidDrivenCavity_Push_Inner_K / 702657 / 256 ]
[2025-07-11 07:40:51] [[32minfo[m] Registers per thread:       37
[2025-07-11 07:40:51] [[32minfo[m] Shared memory per block:    18432 bytes
[2025-07-11 07:40:51] [[32minfo[m] Local memory per thread:    0 bytes
[2025-07-11 07:40:51] [[32minfo[m] Kernel domain size [X/Y]:   [ 60000 / 2998 ]

[2025-07-11 07:40:51] [[32minfo[m] Kernel [name/grid/block]:   [ FFLU_LidDrivenCavity_Push_Outer_K / 469 / 256 ]
[2025-07-11 07:40:51] [[32minfo[m] Registers per thread:       44
[2025-07-11 07:40:51] [[32minfo[m] Shared memory per block:    18432 bytes
[2025-07-11 07:40:51] [[32minfo[m] Local memory per thread:    0 bytes
[2025-07-11 07:40:51] [[32minfo[m] Kernel domain size [X/Y]:   [ 60000 / 2 ]

[2025-07-11 07:41:54] [[32minfo[m] Simulation size [X/Y/N]:    [ 60000 / 60000 / 5000 ]
[2025-07-11 07:41:54] [[32minfo[m] Total execution time:       63.138 sec
[2025-07-11 07:41:54] [[32minfo[m] Step execution time:        12.628 ms
[2025-07-11 07:41:54] [[32minfo[m] BLUPS:                      285.089

[2025-07-11 07:41:54] [[32minfo[m] ------------------------------------------------------




[2025-07-11 07:42:08] [[32minfo[m] Rank 0 loaded parameters from input_03.txt

Parameters
------------------------------
N_X_TOTAL            = 60000
N_Y_TOTAL            = 60000
N_STEPS              = 5000
omega                = 1.700
rho_0                = 1.000
u_max                = 0.100
u_lid                = 0.100
n_sin                = 2.000
export_interval      = 5000
export_name          = C
export_num           = 04
export_rho           = false
export_u_x           = false
export_u_y           = false
export_u_mag         = false
shear_wave_decay     = false
lid_driven_cavity    = true
branchless           = false

Rank  Node       GPU Model                          #   CC   SMs  ShMem/SM  Total GB  Used GB  Free GB  Sub-X  Sub-Y 
--------------------------------------------------------------------------------------------------------------------
0     uc3n075.   NVIDIA H100                        0   90   132  233472    93.096    35.778   57.318   60000  3750  
1     uc3n075.   NVIDIA H100                        1   90   132  233472    93.096    35.778   57.318   60000  3750  
2     uc3n075.   NVIDIA H100                        2   90   132  233472    93.096    35.778   57.318   60000  3750  
3     uc3n076.   NVIDIA H100                        0   90   132  233472    93.096    35.778   57.318   60000  3750  
4     uc3n076.   NVIDIA H100                        1   90   132  233472    93.096    35.778   57.318   60000  3750  
5     uc3n076.   NVIDIA H100                        2   90   132  233472    93.096    35.778   57.318   60000  3750  
6     uc3n077.   NVIDIA H100                        0   90   132  233472    93.096    35.778   57.318   60000  3750  
7     uc3n077.   NVIDIA H100                        1   90   132  233472    93.096    35.778   57.318   60000  3750  
8     uc3n077.   NVIDIA H100                        2   90   132  233472    93.096    35.778   57.318   60000  3750  
9     uc3n078.   NVIDIA H100                        0   90   132  233472    93.096    35.778   57.318   60000  3750  
10    uc3n078.   NVIDIA H100                        1   90   132  233472    93.096    35.778   57.318   60000  3750  
11    uc3n078.   NVIDIA H100                        2   90   132  233472    93.096    35.778   57.318   60000  3750  
12    uc3n079.   NVIDIA H100                        0   90   132  233472    93.096    35.778   57.318   60000  3750  
13    uc3n079.   NVIDIA H100                        1   90   132  233472    93.096    35.778   57.318   60000  3750  
14    uc3n079.   NVIDIA H100                        2   90   132  233472    93.096    35.778   57.318   60000  3750  
15    uc3n080.   NVIDIA H100                        0   90   132  233472    93.096    35.778   57.318   60000  3750  

[2025-07-11 07:42:08] [[32minfo[m] Simulation size [X/Y/N]:    [ 60000 / 60000 / 5000 ]
[2025-07-11 07:42:08] [[32minfo[m] Sub-domain size [X/Y/N]:    [ 60000 / 3750 / 5000 ] * 16
[2025-07-11 07:42:08] [[32minfo[m] Halo cells per sub-domain:  0.05 %

[2025-07-11 07:42:08] [[32minfo[m] Kernel [name/grid/block]:   [ FFLU_LidDrivenCavity_Push_Inner_K / 878438 / 256 ]
[2025-07-11 07:42:08] [[32minfo[m] Registers per thread:       37
[2025-07-11 07:42:08] [[32minfo[m] Shared memory per block:    18432 bytes
[2025-07-11 07:42:08] [[32minfo[m] Local memory per thread:    0 bytes
[2025-07-11 07:42:08] [[32minfo[m] Kernel domain size [X/Y]:   [ 60000 / 3748 ]

[2025-07-11 07:42:08] [[32minfo[m] Kernel [name/grid/block]:   [ FFLU_LidDrivenCavity_Push_Outer_K / 469 / 256 ]
[2025-07-11 07:42:08] [[32minfo[m] Registers per thread:       44
[2025-07-11 07:42:08] [[32minfo[m] Shared memory per block:    18432 bytes
[2025-07-11 07:42:08] [[32minfo[m] Local memory per thread:    0 bytes
[2025-07-11 07:42:08] [[32minfo[m] Kernel domain size [X/Y]:   [ 60000 / 2 ]

[2025-07-11 07:43:27] [[32minfo[m] Simulation size [X/Y/N]:    [ 60000 / 60000 / 5000 ]
[2025-07-11 07:43:27] [[32minfo[m] Total execution time:       78.824 sec
[2025-07-11 07:43:27] [[32minfo[m] Step execution time:        15.765 ms
[2025-07-11 07:43:27] [[32minfo[m] BLUPS:                      228.358

[2025-07-11 07:43:27] [[32minfo[m] ------------------------------------------------------




[2025-07-11 07:43:40] [[32minfo[m] Rank 0 loaded parameters from input_03.txt

Parameters
------------------------------
N_X_TOTAL            = 60000
N_Y_TOTAL            = 60000
N_STEPS              = 5000
omega                = 1.700
rho_0                = 1.000
u_max                = 0.100
u_lid                = 0.100
n_sin                = 2.000
export_interval      = 5000
export_name          = C
export_num           = 04
export_rho           = false
export_u_x           = false
export_u_y           = false
export_u_mag         = false
shear_wave_decay     = false
lid_driven_cavity    = true
branchless           = false

Rank  Node       GPU Model                          #   CC   SMs  ShMem/SM  Total GB  Used GB  Free GB  Sub-X  Sub-Y 
--------------------------------------------------------------------------------------------------------------------
0     uc3n075.   NVIDIA H100                        0   90   132  233472    93.096    47.509   45.588   60000  5000  
1     uc3n075.   NVIDIA H100                        1   90   132  233472    93.096    47.508   45.588   60000  5000  
2     uc3n076.   NVIDIA H100                        0   90   132  233472    93.096    47.508   45.588   60000  5000  
3     uc3n076.   NVIDIA H100                        1   90   132  233472    93.096    47.509   45.588   60000  5000  
4     uc3n077.   NVIDIA H100                        0   90   132  233472    93.096    47.508   45.588   60000  5000  
5     uc3n077.   NVIDIA H100                        1   90   132  233472    93.096    47.508   45.588   60000  5000  
6     uc3n078.   NVIDIA H100                        0   90   132  233472    93.096    47.508   45.588   60000  5000  
7     uc3n078.   NVIDIA H100                        1   90   132  233472    93.096    47.508   45.588   60000  5000  
8     uc3n079.   NVIDIA H100                        0   90   132  233472    93.096    47.509   45.588   60000  5000  
9     uc3n079.   NVIDIA H100                        1   90   132  233472    93.096    47.508   45.588   60000  5000  
10    uc3n080.   NVIDIA H100                        0   90   132  233472    93.096    47.508   45.588   60000  5000  
11    uc3n080.   NVIDIA H100                        1   90   132  233472    93.096    47.508   45.588   60000  5000  

[2025-07-11 07:43:40] [[32minfo[m] Simulation size [X/Y/N]:    [ 60000 / 60000 / 5000 ]
[2025-07-11 07:43:40] [[32minfo[m] Sub-domain size [X/Y/N]:    [ 60000 / 5000 / 5000 ] * 12
[2025-07-11 07:43:40] [[32minfo[m] Halo cells per sub-domain:  0.04 %

[2025-07-11 07:43:40] [[32minfo[m] Kernel [name/grid/block]:   [ FFLU_LidDrivenCavity_Push_Inner_K / 1171407 / 256 ]
[2025-07-11 07:43:40] [[32minfo[m] Registers per thread:       37
[2025-07-11 07:43:40] [[32minfo[m] Shared memory per block:    18432 bytes
[2025-07-11 07:43:40] [[32minfo[m] Local memory per thread:    0 bytes
[2025-07-11 07:43:40] [[32minfo[m] Kernel domain size [X/Y]:   [ 60000 / 4998 ]

[2025-07-11 07:43:40] [[32minfo[m] Kernel [name/grid/block]:   [ FFLU_LidDrivenCavity_Push_Outer_K / 469 / 256 ]
[2025-07-11 07:43:40] [[32minfo[m] Registers per thread:       44
[2025-07-11 07:43:40] [[32minfo[m] Shared memory per block:    18432 bytes
[2025-07-11 07:43:40] [[32minfo[m] Local memory per thread:    0 bytes
[2025-07-11 07:43:40] [[32minfo[m] Kernel domain size [X/Y]:   [ 60000 / 2 ]

[1752212620.876735] [uc3n077:836525:0]           ib_md.c:282  UCX  ERROR ibv_reg_dmabuf_mr(address=0x15104c000000, length=2400000000, access=0x10000f) failed: Cannot allocate memory
[1752212620.876796] [uc3n077:836525:0]          ucp_mm.c:76   UCX  ERROR failed to register address 0x15104c000000 (cuda) length 2400000000 dmabuf_fd 258 on md[6]=mlx5_2: Input/output error (md supports: host|cuda)
[1752212620.887521] [uc3n078:440553:0]           ib_md.c:282  UCX  ERROR ibv_reg_dmabuf_mr(address=0x14d1bc000000, length=2400000000, access=0x10000f) failed: Cannot allocate memory
[1752212620.887576] [uc3n078:440553:0]          ucp_mm.c:76   UCX  ERROR failed to register address 0x14d1bc000000 (cuda) length 2400000000 dmabuf_fd 258 on md[6]=mlx5_2: Input/output error (md supports: host|cuda)
[1752212620.887609] [uc3n076:629697:0]           ib_md.c:282  UCX  ERROR ibv_reg_dmabuf_mr(address=0x14d366000000, length=2400000000, access=0x10000f) failed: Cannot allocate memory
[1752212620.887653] [uc3n076:629697:0]          ucp_mm.c:76   UCX  ERROR failed to register address 0x14d366000000 (cuda) length 2400000000 dmabuf_fd 258 on md[6]=mlx5_2: Input/output error (md supports: host|cuda)
[1752212620.919391] [uc3n080:316758:0]           ib_md.c:282  UCX  ERROR ibv_reg_dmabuf_mr(address=0x14bdc6000000, length=2400000000, access=0x10000f) failed: Cannot allocate memory
[1752212620.919447] [uc3n080:316758:0]          ucp_mm.c:76   UCX  ERROR failed to register address 0x14bdc6000000 (cuda) length 2400000000 dmabuf_fd 258 on md[6]=mlx5_2: Input/output error (md supports: host|cuda)
[1752212620.932918] [uc3n079:696187:0]           ib_md.c:282  UCX  ERROR ibv_reg_dmabuf_mr(address=0x14f2bc000000, length=2400000000, access=0x10000f) failed: Cannot allocate memory
[1752212620.932972] [uc3n079:696187:0]          ucp_mm.c:76   UCX  ERROR failed to register address 0x14f2bc000000 (cuda) length 2400000000 dmabuf_fd 258 on md[6]=mlx5_2: Input/output error (md supports: host|cuda)

[2025-07-11 07:43:56] [[32minfo[m] Rank 0 loaded parameters from input_03.txt

Parameters
------------------------------
N_X_TOTAL            = 60000
N_Y_TOTAL            = 60000
N_STEPS              = 5000
omega                = 1.700
rho_0                = 1.000
u_max                = 0.100
u_lid                = 0.100
n_sin                = 2.000
export_interval      = 5000
export_name          = C
export_num           = 04
export_rho           = false
export_u_x           = false
export_u_y           = false
export_u_mag         = false
shear_wave_decay     = false
lid_driven_cavity    = true
branchless           = false

Rank  Node       GPU Model                          #   CC   SMs  ShMem/SM  Total GB  Used GB  Free GB  Sub-X  Sub-Y 
--------------------------------------------------------------------------------------------------------------------
0     uc3n075.   NVIDIA H100                        0   90   132  233472    93.096    70.969   22.127   60000  7500  
1     uc3n075.   NVIDIA H100                        1   90   132  233472    93.096    70.969   22.127   60000  7500  
2     uc3n076.   NVIDIA H100                        0   90   132  233472    93.096    70.969   22.127   60000  7500  
3     uc3n076.   NVIDIA H100                        1   90   132  233472    93.096    70.969   22.127   60000  7500  
4     uc3n077.   NVIDIA H100                        0   90   132  233472    93.096    70.969   22.127   60000  7500  
5     uc3n077.   NVIDIA H100                        1   90   132  233472    93.096    70.969   22.127   60000  7500  
6     uc3n078.   NVIDIA H100                        0   90   132  233472    93.096    70.969   22.127   60000  7500  
7     uc3n078.   NVIDIA H100                        1   90   132  233472    93.096    70.969   22.127   60000  7500  

[2025-07-11 07:43:56] [[32minfo[m] Simulation size [X/Y/N]:    [ 60000 / 60000 / 5000 ]
[2025-07-11 07:43:56] [[32minfo[m] Sub-domain size [X/Y/N]:    [ 60000 / 7500 / 5000 ] * 8
[2025-07-11 07:43:56] [[32minfo[m] Halo cells per sub-domain:  0.03 %

[2025-07-11 07:43:56] [[32minfo[m] Kernel [name/grid/block]:   [ FFLU_LidDrivenCavity_Push_Inner_K / 1757344 / 256 ]
[2025-07-11 07:43:56] [[32minfo[m] Registers per thread:       37
[2025-07-11 07:43:56] [[32minfo[m] Shared memory per block:    18432 bytes
[2025-07-11 07:43:56] [[32minfo[m] Local memory per thread:    0 bytes
[2025-07-11 07:43:56] [[32minfo[m] Kernel domain size [X/Y]:   [ 60000 / 7498 ]

[2025-07-11 07:43:56] [[32minfo[m] Kernel [name/grid/block]:   [ FFLU_LidDrivenCavity_Push_Outer_K / 469 / 256 ]
[2025-07-11 07:43:56] [[32minfo[m] Registers per thread:       44
[2025-07-11 07:43:56] [[32minfo[m] Shared memory per block:    18432 bytes
[2025-07-11 07:43:56] [[32minfo[m] Local memory per thread:    0 bytes
[2025-07-11 07:43:56] [[32minfo[m] Kernel domain size [X/Y]:   [ 60000 / 2 ]

[1752212636.386270] [uc3n078:440643:0]           ib_md.c:282  UCX  ERROR ibv_reg_dmabuf_mr(address=0x14554c000000, length=3600000000, access=0x10000f) failed: Cannot allocate memory
[1752212636.386318] [uc3n078:440643:0]          ucp_mm.c:76   UCX  ERROR failed to register address 0x14554c000000 (cuda) length 3600000000 dmabuf_fd 258 on md[6]=mlx5_2: Input/output error (md supports: host|cuda)
[1752212636.400367] [uc3n077:836626:0]           ib_md.c:282  UCX  ERROR ibv_reg_dmabuf_mr(address=0x148180000000, length=3600000000, access=0x10000f) failed: Cannot allocate memory
[1752212636.400411] [uc3n077:836626:0]          ucp_mm.c:76   UCX  ERROR failed to register address 0x148180000000 (cuda) length 3600000000 dmabuf_fd 258 on md[6]=mlx5_2: Input/output error (md supports: host|cuda)
[1752212636.415088] [uc3n076:629786:0]           ib_md.c:282  UCX  ERROR ibv_reg_dmabuf_mr(address=0x148a5c000000, length=3600000000, access=0x10000f) failed: Cannot allocate memory
[1752212636.415143] [uc3n076:629786:0]          ucp_mm.c:76   UCX  ERROR failed to register address 0x148a5c000000 (cuda) length 3600000000 dmabuf_fd 258 on md[6]=mlx5_2: Input/output error (md supports: host|cuda)

[2025-07-11 07:44:10] [[32minfo[m] Rank 0 loaded parameters from input_03.txt

Parameters
------------------------------
N_X_TOTAL            = 60000
N_Y_TOTAL            = 60000
N_STEPS              = 5000
omega                = 1.700
rho_0                = 1.000
u_max                = 0.100
u_lid                = 0.100
n_sin                = 2.000
export_interval      = 5000
export_name          = C
export_num           = 04
export_rho           = false
export_u_x           = false
export_u_y           = false
export_u_mag         = false
shear_wave_decay     = false
lid_driven_cavity    = true
branchless           = false

[2025-07-11 07:44:10] [main.cpp:273] [[31m[1merror[m] CUDA error: out of memory

[2025-07-11 07:44:10] [main.cpp:273] [[31m[1merror[m] CUDA error: out of memory

[2025-07-11 07:44:10] [main.cpp:273] [[31m[1merror[m] CUDA error: out of memory

[2025-07-11 07:44:10] [main.cpp:273] [[31m[1merror[m] CUDA error: out of memory

Rank  Node       GPU Model                          #   CC   SMs  ShMem/SM  Total GB  Used GB  Free GB  Sub-X  Sub-Y 
--------------------------------------------------------------------------------------------------------------------
0     uc3n075.   NVIDIA H100                        0   90   132  233472    93.096    87.737   5.359    60000  15000 
1     uc3n076.   NVIDIA H100                        0   90   132  233472    93.096    87.737   5.359    60000  15000 
2     uc3n077.   NVIDIA H100                        0   90   132  233472    93.096    87.737   5.359    60000  15000 
3     uc3n078.   NVIDIA H100                        0   90   132  233472    93.096    87.737   5.359    60000  15000 

[2025-07-11 07:44:10] [[32minfo[m] Simulation size [X/Y/N]:    [ 60000 / 60000 / 5000 ]
[2025-07-11 07:44:10] [[32minfo[m] Sub-domain size [X/Y/N]:    [ 60000 / 15000 / 5000 ] * 4
[2025-07-11 07:44:10] [[32minfo[m] Halo cells per sub-domain:  0.01 %

[2025-07-11 07:44:10] [initialization.cu:169] [[31m[1merror[m] CUDA error: an illegal memory access was encountered

[2025-07-11 07:44:10] [[31m[1merror[m] Failed to get attributes for FFLU_LidDrivenCavity_Push_Inner_K: an illegal memory access was encountered
[2025-07-11 07:44:10] [simulation.cu:398] [[31m[1merror[m] CUDA error: an illegal memory access was encountered

[2025-07-11 07:44:10] [[31m[1merror[m] Failed to get attributes for FFLU_LidDrivenCavity_Push_Outer_K: an illegal memory access was encountered
[2025-07-11 07:44:10] [simulation.cu:896] [[31m[1merror[m] CUDA error: an illegal memory access was encountered

[1752212650.950401] [uc3n075:882687:0]    cuda_copy_md.c:522  UCX  WARN  cuCtxSetFlags(CU_CTX_SYNC_MEMOPS) failed: an illegal memory access was encountered
[1752212650.950418] [uc3n075:882687:0]    cuda_copy_md.c:650  UCX  ERROR cuMemGetAddressRange(0x146eff400000) error: an illegal memory access was encountered
[1752212650.954708] [uc3n075:882687:0]    cuda_copy_md.c:522  UCX  WARN  cuCtxSetFlags(CU_CTX_SYNC_MEMOPS) failed: an illegal memory access was encountered
[1752212650.954716] [uc3n075:882687:0]    cuda_copy_md.c:650  UCX  ERROR cuMemGetAddressRange(0x1474091ff500) error: an illegal memory access was encountered
[1752212650.954722] [uc3n075:882687:0]    cuda_copy_md.c:522  UCX  WARN  cuCtxSetFlags(CU_CTX_SYNC_MEMOPS) failed: an illegal memory access was encountered
[1752212650.954725] [uc3n075:882687:0]    cuda_copy_md.c:650  UCX  ERROR cuMemGetAddressRange(0x146eff4ea808) error: an illegal memory access was encountered
[1752212650.958232] [uc3n075:882687:0]    cuda_copy_md.c:522  UCX  WARN  cuCtxSetFlags(CU_CTX_SYNC_MEMOPS) failed: an illegal memory access was encountered
[1752212650.958237] [uc3n075:882687:0]    cuda_copy_md.c:650  UCX  ERROR cuMemGetAddressRange(0x146eff600000) error: an illegal memory access was encountered
[2025-07-11 07:44:10] [simulation.cu:398] [[31m[1merror[m] CUDA error: an illegal memory access was encountered

[2025-07-11 07:44:11] [initialization.cu:169] [[31m[1merror[m] CUDA error: an illegal memory access was encountered

[2025-07-11 07:44:11] [simulation.cu:398] [[31m[1merror[m] CUDA error: an illegal memory access was encountered

[2025-07-11 07:44:11] [simulation.cu:896] [[31m[1merror[m] CUDA error: an illegal memory access was encountered

[1752212651.003240] [uc3n077:836707:0]    cuda_copy_md.c:522  UCX  WARN  cuCtxSetFlags(CU_CTX_SYNC_MEMOPS) failed: an illegal memory access was encountered
[1752212651.003255] [uc3n077:836707:0]    cuda_copy_md.c:650  UCX  ERROR cuMemGetAddressRange(0x151343400000) error: an illegal memory access was encountered
[2025-07-11 07:44:11] [initialization.cu:169] [[31m[1merror[m] CUDA error: an illegal memory access was encountered

[2025-07-11 07:44:11] [simulation.cu:398] [[31m[1merror[m] CUDA error: an illegal memory access was encountered

[2025-07-11 07:44:11] [simulation.cu:896] [[31m[1merror[m] CUDA error: an illegal memory access was encountered

[1752212651.004388] [uc3n078:440723:0]    cuda_copy_md.c:522  UCX  WARN  cuCtxSetFlags(CU_CTX_SYNC_MEMOPS) failed: an illegal memory access was encountered
[1752212651.004405] [uc3n078:440723:0]    cuda_copy_md.c:650  UCX  ERROR cuMemGetAddressRange(0x146656000000) error: an illegal memory access was encountered
[1752212651.004419] [uc3n078:440723:0]    cuda_copy_md.c:522  UCX  WARN  cuCtxSetFlags(CU_CTX_SYNC_MEMOPS) failed: an illegal memory access was encountered
[1752212651.004422] [uc3n078:440723:0]    cuda_copy_md.c:650  UCX  ERROR cuMemGetAddressRange(0x145c41475400) error: an illegal memory access was encountered
[2025-07-11 07:44:11] [initialization.cu:169] [[31m[1merror[m] CUDA error: an illegal memory access was encountered

[2025-07-11 07:44:11] [simulation.cu:398] [[31m[1merror[m] CUDA error: an illegal memory access was encountered

[2025-07-11 07:44:11] [simulation.cu:896] [[31m[1merror[m] CUDA error: an illegal memory access was encountered

[1752212651.006960] [uc3n076:629879:0]    cuda_copy_md.c:522  UCX  WARN  cuCtxSetFlags(CU_CTX_SYNC_MEMOPS) failed: an illegal memory access was encountered
[1752212651.006977] [uc3n076:629879:0]    cuda_copy_md.c:650  UCX  ERROR cuMemGetAddressRange(0x146163400000) error: an illegal memory access was encountered
[1752212651.007558] [uc3n077:836707:0]    cuda_copy_md.c:522  UCX  WARN  cuCtxSetFlags(CU_CTX_SYNC_MEMOPS) failed: an illegal memory access was encountered
[1752212651.007565] [uc3n077:836707:0]    cuda_copy_md.c:650  UCX  ERROR cuMemGetAddressRange(0x151d58000000) error: an illegal memory access was encountered
[1752212651.007722] [uc3n077:836707:0]    cuda_copy_md.c:522  UCX  WARN  cuCtxSetFlags(CU_CTX_SYNC_MEMOPS) failed: an illegal memory access was encountered
[1752212651.007727] [uc3n077:836707:0]    cuda_copy_md.c:650  UCX  ERROR cuMemGetAddressRange(0x151343475400) error: an illegal memory access was encountered
[1752212651.008749] [uc3n078:440723:0]    cuda_copy_md.c:522  UCX  WARN  cuCtxSetFlags(CU_CTX_SYNC_MEMOPS) failed: an illegal memory access was encountered
[1752212651.008757] [uc3n078:440723:0]    cuda_copy_md.c:650  UCX  ERROR cuMemGetAddressRange(0x145c42000008) error: an illegal memory access was encountered
[1752212651.008762] [uc3n078:440723:0]    cuda_copy_md.c:522  UCX  WARN  cuCtxSetFlags(CU_CTX_SYNC_MEMOPS) failed: an illegal memory access was encountered
[1752212651.008765] [uc3n078:440723:0]    cuda_copy_md.c:650  UCX  ERROR cuMemGetAddressRange(0x145c4155fc00) error: an illegal memory access was encountered
[1752212651.011221] [uc3n077:836707:0]    cuda_copy_md.c:522  UCX  WARN  cuCtxSetFlags(CU_CTX_SYNC_MEMOPS) failed: an illegal memory access was encountered
[1752212651.011226] [uc3n077:836707:0]    cuda_copy_md.c:650  UCX  ERROR cuMemGetAddressRange(0x15184d1ff500) error: an illegal memory access was encountered
[1752212651.011232] [uc3n077:836707:0]    cuda_copy_md.c:522  UCX  WARN  cuCtxSetFlags(CU_CTX_SYNC_MEMOPS) failed: an illegal memory access was encountered
[1752212651.011234] [uc3n077:836707:0]    cuda_copy_md.c:650  UCX  ERROR cuMemGetAddressRange(0x1513434ea808) error: an illegal memory access was encountered
[1752212651.011455] [uc3n076:629879:0]    cuda_copy_md.c:522  UCX  WARN  cuCtxSetFlags(CU_CTX_SYNC_MEMOPS) failed: an illegal memory access was encountered
[1752212651.011463] [uc3n076:629879:0]    cuda_copy_md.c:650  UCX  ERROR cuMemGetAddressRange(0x146b78000000) error: an illegal memory access was encountered
[1752212651.011472] [uc3n076:629879:0]    cuda_copy_md.c:522  UCX  WARN  cuCtxSetFlags(CU_CTX_SYNC_MEMOPS) failed: an illegal memory access was encountered
[1752212651.011475] [uc3n076:629879:0]    cuda_copy_md.c:650  UCX  ERROR cuMemGetAddressRange(0x146163475400) error: an illegal memory access was encountered
[1752212651.012381] [uc3n078:440723:0]    cuda_copy_md.c:522  UCX  WARN  cuCtxSetFlags(CU_CTX_SYNC_MEMOPS) failed: an illegal memory access was encountered
[1752212651.012388] [uc3n078:440723:0]    cuda_copy_md.c:650  UCX  ERROR cuMemGetAddressRange(0x145c41675408) error: an illegal memory access was encountered
[1752212651.014777] [uc3n077:836707:0]    cuda_copy_md.c:522  UCX  WARN  cuCtxSetFlags(CU_CTX_SYNC_MEMOPS) failed: an illegal memory access was encountered
[1752212651.014782] [uc3n077:836707:0]    cuda_copy_md.c:650  UCX  ERROR cuMemGetAddressRange(0x151344000008) error: an illegal memory access was encountered
[1752212651.014787] [uc3n077:836707:0]    cuda_copy_md.c:522  UCX  WARN  cuCtxSetFlags(CU_CTX_SYNC_MEMOPS) failed: an illegal memory access was encountered
[1752212651.014790] [uc3n077:836707:0]    cuda_copy_md.c:650  UCX  ERROR cuMemGetAddressRange(0x15134355fc00) error: an illegal memory access was encountered
[1752212651.015209] [uc3n076:629879:0]    cuda_copy_md.c:522  UCX  WARN  cuCtxSetFlags(CU_CTX_SYNC_MEMOPS) failed: an illegal memory access was encountered
[1752212651.015217] [uc3n076:629879:0]    cuda_copy_md.c:650  UCX  ERROR cuMemGetAddressRange(0x14666d1ff500) error: an illegal memory access was encountered
[1752212651.015222] [uc3n076:629879:0]    cuda_copy_md.c:522  UCX  WARN  cuCtxSetFlags(CU_CTX_SYNC_MEMOPS) failed: an illegal memory access was encountered
[1752212651.015225] [uc3n076:629879:0]    cuda_copy_md.c:650  UCX  ERROR cuMemGetAddressRange(0x1461634ea808) error: an illegal memory access was encountered
[2025-07-11 07:44:11] [simulation.cu:398] [[31m[1merror[m] CUDA error: an illegal memory access was encountered

[1752212651.018271] [uc3n077:836707:0]    cuda_copy_md.c:522  UCX  WARN  cuCtxSetFlags(CU_CTX_SYNC_MEMOPS) failed: an illegal memory access was encountered
[1752212651.018276] [uc3n077:836707:0]    cuda_copy_md.c:650  UCX  ERROR cuMemGetAddressRange(0x151343600000) error: an illegal memory access was encountered
[1752212651.018927] [uc3n076:629879:0]    cuda_copy_md.c:522  UCX  WARN  cuCtxSetFlags(CU_CTX_SYNC_MEMOPS) failed: an illegal memory access was encountered
[1752212651.018934] [uc3n076:629879:0]    cuda_copy_md.c:650  UCX  ERROR cuMemGetAddressRange(0x146164000008) error: an illegal memory access was encountered
[1752212651.018939] [uc3n076:629879:0]    cuda_copy_md.c:522  UCX  WARN  cuCtxSetFlags(CU_CTX_SYNC_MEMOPS) failed: an illegal memory access was encountered
[1752212651.018942] [uc3n076:629879:0]    cuda_copy_md.c:650  UCX  ERROR cuMemGetAddressRange(0x14616355fc00) error: an illegal memory access was encountered
[1752212651.021726] [uc3n077:836707:0]    cuda_copy_md.c:522  UCX  WARN  cuCtxSetFlags(CU_CTX_SYNC_MEMOPS) failed: an illegal memory access was encountered
[1752212651.021732] [uc3n077:836707:0]    cuda_copy_md.c:650  UCX  ERROR cuMemGetAddressRange(0x151343675408) error: an illegal memory access was encountered
[1752212651.022937] [uc3n075:882687:0]           ib_md.c:282  UCX  ERROR ibv_reg_mr(address=0x1ad1ff500, length=480000, access=0x10000f) failed: Cannot allocate memory
[1752212651.022955] [uc3n075:882687:0]          ucp_mm.c:76   UCX  ERROR failed to register address 0x1ad1ff500 (host) length 480000 on md[6]=mlx5_2: Input/output error (md supports: host|cuda)
[1752212651.022682] [uc3n076:629879:0]    cuda_copy_md.c:522  UCX  WARN  cuCtxSetFlags(CU_CTX_SYNC_MEMOPS) failed: an illegal memory access was encountered
[1752212651.022687] [uc3n076:629879:0]    cuda_copy_md.c:650  UCX  ERROR cuMemGetAddressRange(0x146163600000) error: an illegal memory access was encountered
[2025-07-11 07:44:11] [simulation.cu:398] [[31m[1merror[m] CUDA error: an illegal memory access was encountered

[1752212651.026395] [uc3n076:629879:0]    cuda_copy_md.c:522  UCX  WARN  cuCtxSetFlags(CU_CTX_SYNC_MEMOPS) failed: an illegal memory access was encountered
[1752212651.026401] [uc3n076:629879:0]    cuda_copy_md.c:650  UCX  ERROR cuMemGetAddressRange(0x146163675408) error: an illegal memory access was encountered
[1752212651.027874] [uc3n077:836707:0]           ib_md.c:282  UCX  ERROR ibv_reg_mr(address=0x1ad1ff500, length=480000, access=0x10000f) failed: Cannot allocate memory
[1752212651.027888] [uc3n077:836707:0]          ucp_mm.c:76   UCX  ERROR failed to register address 0x1ad1ff500 (host) length 480000 on md[6]=mlx5_2: Input/output error (md supports: host|cuda)
[2025-07-11 07:44:11] [simulation.cu:398] [[31m[1merror[m] CUDA error: an illegal memory access was encountered

2 total processes killed (some possibly by mpirun during cleanup)

[2025-07-11 07:44:33] [[32minfo[m] Rank 0 loaded parameters from input_02.txt

Parameters
------------------------------
N_X_TOTAL            = 30000
N_Y_TOTAL            = 30000
N_STEPS              = 5000
omega                = 1.700
rho_0                = 1.000
u_max                = 0.100
u_lid                = 0.100
n_sin                = 2.000
export_interval      = 5000
export_name          = C
export_num           = 04
export_rho           = false
export_u_x           = false
export_u_y           = false
export_u_mag         = false
shear_wave_decay     = false
lid_driven_cavity    = true
branchless           = false

Rank  Node       GPU Model                          #   CC   SMs  ShMem/SM  Total GB  Used GB  Free GB  Sub-X  Sub-Y 
--------------------------------------------------------------------------------------------------------------------
0     uc3n075.   NVIDIA H100                        0   90   132  233472    93.096    6.450    86.646   30000  1250  
1     uc3n075.   NVIDIA H100                        1   90   132  233472    93.096    6.450    86.646   30000  1250  
2     uc3n075.   NVIDIA H100                        2   90   132  233472    93.096    6.450    86.646   30000  1250  
3     uc3n075.   NVIDIA H100                        3   90   132  233472    93.096    6.450    86.646   30000  1250  
4     uc3n076.   NVIDIA H100                        0   90   132  233472    93.096    6.450    86.646   30000  1250  
5     uc3n076.   NVIDIA H100                        1   90   132  233472    93.096    6.450    86.646   30000  1250  
6     uc3n076.   NVIDIA H100                        2   90   132  233472    93.096    6.450    86.646   30000  1250  
7     uc3n076.   NVIDIA H100                        3   90   132  233472    93.096    6.450    86.646   30000  1250  
8     uc3n077.   NVIDIA H100                        0   90   132  233472    93.096    6.450    86.646   30000  1250  
9     uc3n077.   NVIDIA H100                        1   90   132  233472    93.096    6.450    86.646   30000  1250  
10    uc3n077.   NVIDIA H100                        2   90   132  233472    93.096    6.450    86.646   30000  1250  
11    uc3n077.   NVIDIA H100                        3   90   132  233472    93.096    6.450    86.646   30000  1250  
12    uc3n078.   NVIDIA H100                        0   90   132  233472    93.096    6.450    86.646   30000  1250  
13    uc3n078.   NVIDIA H100                        1   90   132  233472    93.096    6.450    86.646   30000  1250  
14    uc3n078.   NVIDIA H100                        2   90   132  233472    93.096    6.450    86.646   30000  1250  
15    uc3n078.   NVIDIA H100                        3   90   132  233472    93.096    6.450    86.646   30000  1250  
16    uc3n079.   NVIDIA H100                        0   90   132  233472    93.096    6.450    86.646   30000  1250  
17    uc3n079.   NVIDIA H100                        1   90   132  233472    93.096    6.450    86.646   30000  1250  
18    uc3n079.   NVIDIA H100                        2   90   132  233472    93.096    6.450    86.646   30000  1250  
19    uc3n079.   NVIDIA H100                        3   90   132  233472    93.096    6.450    86.646   30000  1250  
20    uc3n080.   NVIDIA H100                        0   90   132  233472    93.096    6.450    86.646   30000  1250  
21    uc3n080.   NVIDIA H100                        1   90   132  233472    93.096    6.450    86.646   30000  1250  
22    uc3n080.   NVIDIA H100                        2   90   132  233472    93.096    6.450    86.646   30000  1250  
23    uc3n080.   NVIDIA H100                        3   90   132  233472    93.096    6.450    86.646   30000  1250  

[2025-07-11 07:44:33] [[32minfo[m] Simulation size [X/Y/N]:    [ 30000 / 30000 / 5000 ]
[2025-07-11 07:44:33] [[32minfo[m] Sub-domain size [X/Y/N]:    [ 30000 / 1250 / 5000 ] * 24
[2025-07-11 07:44:33] [[32minfo[m] Halo cells per sub-domain:  0.16 %

[2025-07-11 07:44:33] [[32minfo[m] Kernel [name/grid/block]:   [ FFLU_LidDrivenCavity_Push_Inner_K / 146250 / 256 ]
[2025-07-11 07:44:33] [[32minfo[m] Registers per thread:       37
[2025-07-11 07:44:33] [[32minfo[m] Shared memory per block:    18432 bytes
[2025-07-11 07:44:33] [[32minfo[m] Local memory per thread:    0 bytes
[2025-07-11 07:44:33] [[32minfo[m] Kernel domain size [X/Y]:   [ 30000 / 1248 ]

[2025-07-11 07:44:33] [[32minfo[m] Kernel [name/grid/block]:   [ FFLU_LidDrivenCavity_Push_Outer_K / 235 / 256 ]
[2025-07-11 07:44:33] [[32minfo[m] Registers per thread:       44
[2025-07-11 07:44:33] [[32minfo[m] Shared memory per block:    18432 bytes
[2025-07-11 07:44:33] [[32minfo[m] Local memory per thread:    0 bytes
[2025-07-11 07:44:33] [[32minfo[m] Kernel domain size [X/Y]:   [ 30000 / 2 ]

[2025-07-11 07:44:47] [[32minfo[m] Simulation size [X/Y/N]:    [ 30000 / 30000 / 5000 ]
[2025-07-11 07:44:47] [[32minfo[m] Total execution time:       13.540 sec
[2025-07-11 07:44:47] [[32minfo[m] Step execution time:        2.708 ms
[2025-07-11 07:44:47] [[32minfo[m] BLUPS:                      332.350

[2025-07-11 07:44:47] [[32minfo[m] ------------------------------------------------------




[2025-07-11 07:45:01] [[32minfo[m] Rank 0 loaded parameters from input_02.txt

Parameters
------------------------------
N_X_TOTAL            = 30000
N_Y_TOTAL            = 30000
N_STEPS              = 5000
omega                = 1.700
rho_0                = 1.000
u_max                = 0.100
u_lid                = 0.100
n_sin                = 2.000
export_interval      = 5000
export_name          = C
export_num           = 04
export_rho           = false
export_u_x           = false
export_u_y           = false
export_u_mag         = false
shear_wave_decay     = false
lid_driven_cavity    = true
branchless           = false

Rank  Node       GPU Model                          #   CC   SMs  ShMem/SM  Total GB  Used GB  Free GB  Sub-X  Sub-Y 
--------------------------------------------------------------------------------------------------------------------
0     uc3n075.   NVIDIA H100                        0   90   132  233472    93.096    7.598    85.498   30000  1500  
1     uc3n075.   NVIDIA H100                        1   90   132  233472    93.096    7.598    85.498   30000  1500  
2     uc3n075.   NVIDIA H100                        2   90   132  233472    93.096    7.598    85.498   30000  1500  
3     uc3n075.   NVIDIA H100                        3   90   132  233472    93.096    7.598    85.498   30000  1500  
4     uc3n076.   NVIDIA H100                        0   90   132  233472    93.096    7.598    85.498   30000  1500  
5     uc3n076.   NVIDIA H100                        1   90   132  233472    93.096    7.598    85.498   30000  1500  
6     uc3n076.   NVIDIA H100                        2   90   132  233472    93.096    7.598    85.498   30000  1500  
7     uc3n076.   NVIDIA H100                        3   90   132  233472    93.096    7.598    85.498   30000  1500  
8     uc3n077.   NVIDIA H100                        0   90   132  233472    93.096    7.598    85.498   30000  1500  
9     uc3n077.   NVIDIA H100                        1   90   132  233472    93.096    7.598    85.498   30000  1500  
10    uc3n077.   NVIDIA H100                        2   90   132  233472    93.096    7.598    85.498   30000  1500  
11    uc3n077.   NVIDIA H100                        3   90   132  233472    93.096    7.598    85.498   30000  1500  
12    uc3n078.   NVIDIA H100                        0   90   132  233472    93.096    7.598    85.498   30000  1500  
13    uc3n078.   NVIDIA H100                        1   90   132  233472    93.096    7.598    85.498   30000  1500  
14    uc3n078.   NVIDIA H100                        2   90   132  233472    93.096    7.598    85.498   30000  1500  
15    uc3n078.   NVIDIA H100                        3   90   132  233472    93.096    7.598    85.498   30000  1500  
16    uc3n079.   NVIDIA H100                        0   90   132  233472    93.096    7.598    85.498   30000  1500  
17    uc3n079.   NVIDIA H100                        1   90   132  233472    93.096    7.598    85.498   30000  1500  
18    uc3n079.   NVIDIA H100                        2   90   132  233472    93.096    7.598    85.498   30000  1500  
19    uc3n079.   NVIDIA H100                        3   90   132  233472    93.096    7.598    85.498   30000  1500  

[2025-07-11 07:45:02] [[32minfo[m] Simulation size [X/Y/N]:    [ 30000 / 30000 / 5000 ]
[2025-07-11 07:45:02] [[32minfo[m] Sub-domain size [X/Y/N]:    [ 30000 / 1500 / 5000 ] * 20
[2025-07-11 07:45:02] [[32minfo[m] Halo cells per sub-domain:  0.13 %

[2025-07-11 07:45:02] [[32minfo[m] Kernel [name/grid/block]:   [ FFLU_LidDrivenCavity_Push_Inner_K / 175547 / 256 ]
[2025-07-11 07:45:02] [[32minfo[m] Registers per thread:       37
[2025-07-11 07:45:02] [[32minfo[m] Shared memory per block:    18432 bytes
[2025-07-11 07:45:02] [[32minfo[m] Local memory per thread:    0 bytes
[2025-07-11 07:45:02] [[32minfo[m] Kernel domain size [X/Y]:   [ 30000 / 1498 ]

[2025-07-11 07:45:02] [[32minfo[m] Kernel [name/grid/block]:   [ FFLU_LidDrivenCavity_Push_Outer_K / 235 / 256 ]
[2025-07-11 07:45:02] [[32minfo[m] Registers per thread:       44
[2025-07-11 07:45:02] [[32minfo[m] Shared memory per block:    18432 bytes
[2025-07-11 07:45:02] [[32minfo[m] Local memory per thread:    0 bytes
[2025-07-11 07:45:02] [[32minfo[m] Kernel domain size [X/Y]:   [ 30000 / 2 ]

[2025-07-11 07:45:18] [[32minfo[m] Simulation size [X/Y/N]:    [ 30000 / 30000 / 5000 ]
[2025-07-11 07:45:18] [[32minfo[m] Total execution time:       16.159 sec
[2025-07-11 07:45:18] [[32minfo[m] Step execution time:        3.232 ms
[2025-07-11 07:45:18] [[32minfo[m] BLUPS:                      278.482

[2025-07-11 07:45:18] [[32minfo[m] ------------------------------------------------------




============================= JOB FEEDBACK =============================

NodeName=uc3n[075-080]
Job ID: 703044
Cluster: uc3
User/Group: fr_fl184/fr_fr
State: COMPLETED (exit code 0)
Nodes: 6
Cores per node: 32
CPU Utilized: 01:26:13
CPU Efficiency: 5.74% of 1-01:00:48 core-walltime
Job Wall-clock time: 00:07:49
Memory Utilized: 23.47 GB
Memory Efficiency: 3.06% of 768.00 GB (128.00 GB/node)
The task which had the largest memory consumption differs by 106.94% from the average task max memory consumption
