The Meson build system
Version: 1.5.1
Source dir: /pfs/data6/home/fr/fr_fr/fr_fl184/MightyBatticeLoltzmann
Build dir: /pfs/data6/home/fr/fr_fr/fr_fl184/MightyBatticeLoltzmann/buildDir
Build type: native build
Project name: MightyBatticeLoltzmann
Project version: 0.1
C compiler for the host machine: gcc (gcc 11.4.1 "gcc (GCC) 11.4.1 20231218 (Red Hat 11.4.1-4)")
C linker for the host machine: gcc ld.bfd 2.35.2-43
C++ compiler for the host machine: g++ (gcc 11.4.1 "g++ (GCC) 11.4.1 20231218 (Red Hat 11.4.1-4)")
C++ linker for the host machine: g++ ld.bfd 2.35.2-43
Cuda compiler for the host machine: nvcc (nvcc 12.6.85
Build cuda_12.6.r12.6/compiler.35059454_0)
Cuda linker for the host machine: nvcc nvlink 12.6.85
Build cuda_12.6.r12.6/compiler.35059454_0
Host machine cpu family: x86_64
Host machine cpu: x86_64
Run-time dependency CUDA (modules: cudart_static) found: YES 12.6 (/software/bwhpc/common/toolkit/nvidia_hpc_sdk/25.1/Linux_x86_64/25.1/cuda)
WARNING: You should add the boolean check kwarg to the run_command call.
         It currently defaults to false,
         but it will default to true in future releases of meson.
         See also: https://github.com/mesonbuild/meson/issues/9300
Found pkg-config: YES (/usr/bin/pkg-config) 1.7.3
Found CMake: /usr/bin/cmake (3.26.5)
Run-time dependency spdlog found: NO (tried pkgconfig and cmake)
Looking for a fallback subproject for the dependency spdlog

Executing subproject spdlog 

spdlog| Project name: spdlog
spdlog| Project version: 1.15.2
spdlog| C++ compiler for the host machine: g++ (gcc 11.4.1 "g++ (GCC) 11.4.1 20231218 (Red Hat 11.4.1-4)")
spdlog| C++ linker for the host machine: g++ ld.bfd 2.35.2-43
spdlog| Run-time dependency threads found: YES
spdlog| Header "format" has symbol "__cpp_lib_format" : NO
spdlog| Run-time dependency fmt found: NO (tried pkgconfig and cmake)
spdlog| Looking for a fallback subproject for the dependency fmt

Executing subproject spdlog:fmt

fmt| Project name: fmt
fmt| Project version: 11.2.0
fmt| C++ compiler for the host machine: g++ (gcc 11.4.1 "g++ (GCC) 11.4.1 20231218 (Red Hat 11.4.1-4)")
fmt| C++ linker for the host machine: g++ ld.bfd 2.35.2-43
fmt| Build targets in project: 1
fmt| Subproject fmt finished.

spdlog| Dependency fmt found: YES 11.2.0 (overridden)
spdlog| Run-time dependency catch2-with-main found: NO (tried pkgconfig and cmake)
spdlog| Message: Skipping tests since Catch2 was not found
spdlog| Build targets in project: 2
spdlog| Subproject spdlog finished.

Dependency spdlog from subproject subprojects/spdlog-1.15.2 found: YES 1.15.2
Message: MPI found
WARNING: Build target lib has no sources. This was never supposed to be allowed but did because of a bug, support will be removed in a future release of Meson
Run-time dependency GTest found: NO (tried pkgconfig and system)
Looking for a fallback subproject for the dependency gtest

Executing subproject gtest 

gtest| Project name: gtest
gtest| Project version: 1.15.2
gtest| C++ compiler for the host machine: g++ (gcc 11.4.1 "g++ (GCC) 11.4.1 20231218 (Red Hat 11.4.1-4)")
gtest| C++ linker for the host machine: g++ ld.bfd 2.35.2-43
gtest| Dependency threads found: YES unknown (cached)
gtest| Build targets in project: 36
gtest| Subproject gtest finished.

Dependency gtest from subproject subprojects/googletest-1.15.2 found: YES 1.15.2
Build targets in project: 37

MightyBatticeLoltzmann 0.1

  Subprojects
    fmt      : YES (from spdlog)
    gtest    : YES
    spdlog   : YES

  User defined options
    buildtype: release

Found ninja-1.10.2 at /usr/bin/ninja
ninja: Entering directory `buildDir'
[1/18] Linking static target implementations/liblib.a
[2/18] Compiling C++ object subprojects/fmt-11.2.0/libfmt.so.p/src_os.cc.o
[3/18] Compiling C++ object subprojects/spdlog-1.15.2/src/libspdlog.so.1.15.2.p/cfg.cpp.o
[4/18] Compiling C++ object subprojects/spdlog-1.15.2/src/libspdlog.so.1.15.2.p/file_sinks.cpp.o
[5/18] Compiling C++ object subprojects/spdlog-1.15.2/src/libspdlog.so.1.15.2.p/async.cpp.o
[6/18] Compiling C++ object implementations/cuda_mpi/cuda_mpi_03.p/tools_data_export.cpp.o
../implementations/cuda_mpi/tools/data_export.cpp: In function ‘void ExportScalarFieldFromMPIDevices(const float*, SimulationData, MPI_Comm, const string&, const string&, const string&, uint32_t, uint32_t, uint32_t, uint32_t, uint32_t, uint32_t, uint32_t, int)’:
../implementations/cuda_mpi/tools/data_export.cpp:34:20: warning: unused parameter ‘N_X’ [-Wunused-parameter]
   34 |     const uint32_t N_X, const uint32_t N_Y,
      |     ~~~~~~~~~~~~~~~^~~
../implementations/cuda_mpi/tools/data_export.cpp:34:40: warning: unused parameter ‘N_Y’ [-Wunused-parameter]
   34 |     const uint32_t N_X, const uint32_t N_Y,
      |                         ~~~~~~~~~~~~~~~^~~
../implementations/cuda_mpi/tools/data_export.cpp:35:46: warning: unused parameter ‘N_Y_TOTAL’ [-Wunused-parameter]
   35 |     const uint32_t N_X_TOTAL, const uint32_t N_Y_TOTAL,
      |                               ~~~~~~~~~~~~~~~^~~~~~~~~
../implementations/cuda_mpi/tools/data_export.cpp: In function ‘void ExportSimulationData(const SimulationExportContext&, const SimulationData&, const string&, const string&, uint32_t)’:
../implementations/cuda_mpi/tools/data_export.cpp:88:9: warning: unused variable ‘dvc_u_mag’ [-Wunused-variable]
   88 |     FP* dvc_u_mag = nullptr;
      |         ^~~~~~~~~
[7/18] Compiling C++ object subprojects/spdlog-1.15.2/src/libspdlog.so.1.15.2.p/stdout_sinks.cpp.o
[8/18] Compiling C++ object subprojects/spdlog-1.15.2/src/libspdlog.so.1.15.2.p/color_sinks.cpp.o
[9/18] Compiling C++ object implementations/cuda_mpi/cuda_mpi_03.p/03_src_main.cpp.o
In file included from ../implementations/cuda_mpi/03/src/main.cpp:16:
../implementations/cuda_mpi/03/src/../../tools/utilities.h: In function ‘int DisplayProgressBar(uint32_t, uint32_t, bool, double, double, double, double)’:
../implementations/cuda_mpi/03/src/../../tools/utilities.h:309:16: warning: unused variable ‘misc_time’ [-Wunused-variable]
  309 |         double misc_time = (acc_total_step_time - acc_communication_time
      |                ^~~~~~~~~
../implementations/cuda_mpi/03/src/../../tools/utilities.h:313:16: warning: unused variable ‘comm_pct’ [-Wunused-variable]
  313 |         double comm_pct  = (100.0 * comm_time)  / step_time;
      |                ^~~~~~~~
../implementations/cuda_mpi/03/src/../../tools/utilities.h:314:16: warning: unused variable ‘inner_pct’ [-Wunused-variable]
  314 |         double inner_pct = (100.0 * inner_time) / step_time;
      |                ^~~~~~~~~
../implementations/cuda_mpi/03/src/../../tools/utilities.h:315:16: warning: unused variable ‘outer_pct’ [-Wunused-variable]
  315 |         double outer_pct = (100.0 * outer_time) / step_time;
      |                ^~~~~~~~~
../implementations/cuda_mpi/03/src/../../tools/utilities.h:285:10: warning: unused parameter ‘extended’ [-Wunused-parameter]
  285 |     bool extended = false,
      |     ~~~~~^~~~~~~~~~~~~~~~
../implementations/cuda_mpi/03/src/main.cpp: In function ‘int main(int, char**)’:
../implementations/cuda_mpi/03/src/main.cpp:142:20: warning: unused variable ‘N_CELLS_TOTAL’ [-Wunused-variable]
  142 |     const uint64_t N_CELLS_TOTAL =  N_X_TOTAL * N_Y_TOTAL;
      |                    ^~~~~~~~~~~~~
../implementations/cuda_mpi/03/src/main.cpp:179:20: warning: unused variable ‘Y_END’ [-Wunused-variable]
  179 |     const uint32_t Y_END =          Y_START + N_Y - 1;
      |                    ^~~~~
[10/18] Compiling C++ object subprojects/fmt-11.2.0/libfmt.so.p/src_format.cc.o
[11/18] Linking target subprojects/fmt-11.2.0/libfmt.so
[12/18] Generating symbol file subprojects/fmt-11.2.0/libfmt.so.p/libfmt.so.symbols
[13/18] Compiling C++ object subprojects/spdlog-1.15.2/src/libspdlog.so.1.15.2.p/spdlog.cpp.o
[14/18] Linking target subprojects/spdlog-1.15.2/src/libspdlog.so.1.15.2
[15/18] Generating symbol file subprojects/spdlog-1.15.2/src/libspdlog.so.1.15.2.p/libspdlog.so.1.15.2.symbols
[16/18] Compiling Cuda object implementations/cuda_mpi/cuda_mpi_03.p/03_src_initialization.cu.o
../subprojects/fmt-11.2.0/include/fmt/base.h(473): warning #128-D: loop is not reachable
    for (; n != 0; ++s1, ++s2, --n) {
    ^
          detected during:
            instantiation of "auto fmt::v11::detail::compare(const Char *, const Char *, std::size_t)->int [with Char=char]" at line 591
            instantiation of "auto fmt::v11::basic_string_view<Char>::compare(fmt::v11::basic_string_view<Char>) const->int [with Char=char]" at line 598
            instantiation of class "fmt::v11::basic_string_view<Char> [with Char=char]" at line 2642
            instantiation of "auto fmt::v11::basic_format_args<Context>::get_id(fmt::v11::basic_string_view<Char>) const->int [with Context=fmt::v11::context, Char=char]" at line 2685

Remark: The warnings can be suppressed with "-diag-suppress <warning-number>"

../subprojects/fmt-11.2.0/include/fmt/format.h(2597): warning #2417-D: constexpr constructor calls non-constexpr function "fmt::v11::basic_memory_buffer<T, SIZE, Allocator>::basic_memory_buffer(const Allocator &) [with T=fmt::v11::detail::bigint::bigit, SIZE=32UL, Allocator=fmt::v11::detail::allocator<fmt::v11::detail::bigint::bigit>]"
    constexpr bigint() : exp_(0) {}
                                 ^

../subprojects/fmt-11.2.0/include/fmt/base.h(473): warning #128-D: loop is not reachable
    for (; n != 0; ++s1, ++s2, --n) {
    ^
          detected during:
            instantiation of "auto fmt::v11::detail::compare(const Char *, const Char *, std::size_t)->int [with Char=char]" at line 591
            instantiation of "auto fmt::v11::basic_string_view<Char>::compare(fmt::v11::basic_string_view<Char>) const->int [with Char=char]" at line 598
            instantiation of class "fmt::v11::basic_string_view<Char> [with Char=char]" at line 2642
            instantiation of "auto fmt::v11::basic_format_args<Context>::get_id(fmt::v11::basic_string_view<Char>) const->int [with Context=fmt::v11::context, Char=char]" at line 2685

Remark: The warnings can be suppressed with "-diag-suppress <warning-number>"

../subprojects/fmt-11.2.0/include/fmt/format.h(2597): warning #2417-D: constexpr constructor calls non-constexpr function "fmt::v11::basic_memory_buffer<T, SIZE, Allocator>::basic_memory_buffer(const Allocator &) [with T=fmt::v11::detail::bigint::bigit, SIZE=32UL, Allocator=fmt::v11::detail::allocator<fmt::v11::detail::bigint::bigit>]"
    constexpr bigint() : exp_(0) {}
                                 ^

../subprojects/fmt-11.2.0/include/fmt/base.h(473): warning #128-D: loop is not reachable
    for (; n != 0; ++s1, ++s2, --n) {
    ^
          detected during:
            instantiation of "auto fmt::v11::detail::compare(const Char *, const Char *, std::size_t)->int [with Char=char]" at line 591
            instantiation of "auto fmt::v11::basic_string_view<Char>::compare(fmt::v11::basic_string_view<Char>) const->int [with Char=char]" at line 598
            instantiation of class "fmt::v11::basic_string_view<Char> [with Char=char]" at line 2642
            instantiation of "auto fmt::v11::basic_format_args<Context>::get_id(fmt::v11::basic_string_view<Char>) const->int [with Context=fmt::v11::context, Char=char]" at line 2685

Remark: The warnings can be suppressed with "-diag-suppress <warning-number>"

../subprojects/fmt-11.2.0/include/fmt/format.h(2597): warning #2417-D: constexpr constructor calls non-constexpr function "fmt::v11::basic_memory_buffer<T, SIZE, Allocator>::basic_memory_buffer(const Allocator &) [with T=fmt::v11::detail::bigint::bigit, SIZE=32UL, Allocator=fmt::v11::detail::allocator<fmt::v11::detail::bigint::bigit>]"
    constexpr bigint() : exp_(0) {}
                                 ^

../subprojects/fmt-11.2.0/include/fmt/base.h(473): warning #128-D: loop is not reachable
    for (; n != 0; ++s1, ++s2, --n) {
    ^
          detected during:
            instantiation of "auto fmt::v11::detail::compare(const Char *, const Char *, std::size_t)->int [with Char=char]" at line 591
            instantiation of "auto fmt::v11::basic_string_view<Char>::compare(fmt::v11::basic_string_view<Char>) const->int [with Char=char]" at line 598
            instantiation of class "fmt::v11::basic_string_view<Char> [with Char=char]" at line 2642
            instantiation of "auto fmt::v11::basic_format_args<Context>::get_id(fmt::v11::basic_string_view<Char>) const->int [with Context=fmt::v11::context, Char=char]" at line 2685

Remark: The warnings can be suppressed with "-diag-suppress <warning-number>"

../subprojects/fmt-11.2.0/include/fmt/format.h(2597): warning #2417-D: constexpr constructor calls non-constexpr function "fmt::v11::basic_memory_buffer<T, SIZE, Allocator>::basic_memory_buffer(const Allocator &) [with T=fmt::v11::detail::bigint::bigit, SIZE=32UL, Allocator=fmt::v11::detail::allocator<fmt::v11::detail::bigint::bigit>]"
    constexpr bigint() : exp_(0) {}
                                 ^

../subprojects/fmt-11.2.0/include/fmt/base.h(473): warning #128-D: loop is not reachable
    for (; n != 0; ++s1, ++s2, --n) {
    ^
          detected during:
            instantiation of "auto fmt::v11::detail::compare(const Char *, const Char *, std::size_t)->int [with Char=char]" at line 591
            instantiation of "auto fmt::v11::basic_string_view<Char>::compare(fmt::v11::basic_string_view<Char>) const->int [with Char=char]" at line 598
            instantiation of class "fmt::v11::basic_string_view<Char> [with Char=char]" at line 2642
            instantiation of "auto fmt::v11::basic_format_args<Context>::get_id(fmt::v11::basic_string_view<Char>) const->int [with Context=fmt::v11::context, Char=char]" at line 2685

Remark: The warnings can be suppressed with "-diag-suppress <warning-number>"

../subprojects/fmt-11.2.0/include/fmt/format.h(2597): warning #2417-D: constexpr constructor calls non-constexpr function "fmt::v11::basic_memory_buffer<T, SIZE, Allocator>::basic_memory_buffer(const Allocator &) [with T=fmt::v11::detail::bigint::bigit, SIZE=32UL, Allocator=fmt::v11::detail::allocator<fmt::v11::detail::bigint::bigit>]"
    constexpr bigint() : exp_(0) {}
                                 ^

../subprojects/fmt-11.2.0/include/fmt/base.h(473): warning #128-D: loop is not reachable
    for (; n != 0; ++s1, ++s2, --n) {
    ^
          detected during:
            instantiation of "auto fmt::v11::detail::compare(const Char *, const Char *, std::size_t)->int [with Char=char]" at line 591
            instantiation of "auto fmt::v11::basic_string_view<Char>::compare(fmt::v11::basic_string_view<Char>) const->int [with Char=char]" at line 598
            instantiation of class "fmt::v11::basic_string_view<Char> [with Char=char]" at line 2642
            instantiation of "auto fmt::v11::basic_format_args<Context>::get_id(fmt::v11::basic_string_view<Char>) const->int [with Context=fmt::v11::context, Char=char]" at line 2685

Remark: The warnings can be suppressed with "-diag-suppress <warning-number>"

../subprojects/fmt-11.2.0/include/fmt/format.h(2597): warning #2417-D: constexpr constructor calls non-constexpr function "fmt::v11::basic_memory_buffer<T, SIZE, Allocator>::basic_memory_buffer(const Allocator &) [with T=fmt::v11::detail::bigint::bigit, SIZE=32UL, Allocator=fmt::v11::detail::allocator<fmt::v11::detail::bigint::bigit>]"
    constexpr bigint() : exp_(0) {}
                                 ^

../subprojects/fmt-11.2.0/include/fmt/base.h(473): warning #128-D: loop is not reachable
    for (; n != 0; ++s1, ++s2, --n) {
    ^
          detected during:
            instantiation of "auto fmt::v11::detail::compare(const Char *, const Char *, std::size_t)->int [with Char=char]" at line 591
            instantiation of "auto fmt::v11::basic_string_view<Char>::compare(fmt::v11::basic_string_view<Char>) const->int [with Char=char]" at line 598
            instantiation of class "fmt::v11::basic_string_view<Char> [with Char=char]" at line 2642
            instantiation of "auto fmt::v11::basic_format_args<Context>::get_id(fmt::v11::basic_string_view<Char>) const->int [with Context=fmt::v11::context, Char=char]" at line 2685

Remark: The warnings can be suppressed with "-diag-suppress <warning-number>"

../subprojects/fmt-11.2.0/include/fmt/format.h(2597): warning #2417-D: constexpr constructor calls non-constexpr function "fmt::v11::basic_memory_buffer<T, SIZE, Allocator>::basic_memory_buffer(const Allocator &) [with T=fmt::v11::detail::bigint::bigit, SIZE=32UL, Allocator=fmt::v11::detail::allocator<fmt::v11::detail::bigint::bigit>]"
    constexpr bigint() : exp_(0) {}
                                 ^

../subprojects/fmt-11.2.0/include/fmt/base.h(473): warning #128-D: loop is not reachable
    for (; n != 0; ++s1, ++s2, --n) {
    ^
          detected during:
            instantiation of "auto fmt::v11::detail::compare(const Char *, const Char *, std::size_t)->int [with Char=char]" at line 591
            instantiation of "auto fmt::v11::basic_string_view<Char>::compare(fmt::v11::basic_string_view<Char>) const->int [with Char=char]" at line 598
            instantiation of class "fmt::v11::basic_string_view<Char> [with Char=char]" at line 2642
            instantiation of "auto fmt::v11::basic_format_args<Context>::get_id(fmt::v11::basic_string_view<Char>) const->int [with Context=fmt::v11::context, Char=char]" at line 2685

Remark: The warnings can be suppressed with "-diag-suppress <warning-number>"

../subprojects/fmt-11.2.0/include/fmt/format.h(2597): warning #2417-D: constexpr constructor calls non-constexpr function "fmt::v11::basic_memory_buffer<T, SIZE, Allocator>::basic_memory_buffer(const Allocator &) [with T=fmt::v11::detail::bigint::bigit, SIZE=32UL, Allocator=fmt::v11::detail::allocator<fmt::v11::detail::bigint::bigit>]"
    constexpr bigint() : exp_(0) {}
                                 ^

[17/18] Compiling Cuda object implementations/cuda_mpi/cuda_mpi_03.p/03_src_simulation.cu.o
../subprojects/fmt-11.2.0/include/fmt/base.h(473): warning #128-D: loop is not reachable
    for (; n != 0; ++s1, ++s2, --n) {
    ^
          detected during:
            instantiation of "auto fmt::v11::detail::compare(const Char *, const Char *, std::size_t)->int [with Char=char]" at line 591
            instantiation of "auto fmt::v11::basic_string_view<Char>::compare(fmt::v11::basic_string_view<Char>) const->int [with Char=char]" at line 598
            instantiation of class "fmt::v11::basic_string_view<Char> [with Char=char]" at line 2642
            instantiation of "auto fmt::v11::basic_format_args<Context>::get_id(fmt::v11::basic_string_view<Char>) const->int [with Context=fmt::v11::context, Char=char]" at line 2685

Remark: The warnings can be suppressed with "-diag-suppress <warning-number>"

../subprojects/fmt-11.2.0/include/fmt/format.h(2597): warning #2417-D: constexpr constructor calls non-constexpr function "fmt::v11::basic_memory_buffer<T, SIZE, Allocator>::basic_memory_buffer(const Allocator &) [with T=fmt::v11::detail::bigint::bigit, SIZE=32UL, Allocator=fmt::v11::detail::allocator<fmt::v11::detail::bigint::bigit>]"
    constexpr bigint() : exp_(0) {}
                                 ^

../subprojects/fmt-11.2.0/include/fmt/base.h(473): warning #128-D: loop is not reachable
    for (; n != 0; ++s1, ++s2, --n) {
    ^
          detected during:
            instantiation of "auto fmt::v11::detail::compare(const Char *, const Char *, std::size_t)->int [with Char=char]" at line 591
            instantiation of "auto fmt::v11::basic_string_view<Char>::compare(fmt::v11::basic_string_view<Char>) const->int [with Char=char]" at line 598
            instantiation of class "fmt::v11::basic_string_view<Char> [with Char=char]" at line 2642
            instantiation of "auto fmt::v11::basic_format_args<Context>::get_id(fmt::v11::basic_string_view<Char>) const->int [with Context=fmt::v11::context, Char=char]" at line 2685

Remark: The warnings can be suppressed with "-diag-suppress <warning-number>"

../subprojects/fmt-11.2.0/include/fmt/format.h(2597): warning #2417-D: constexpr constructor calls non-constexpr function "fmt::v11::basic_memory_buffer<T, SIZE, Allocator>::basic_memory_buffer(const Allocator &) [with T=fmt::v11::detail::bigint::bigit, SIZE=32UL, Allocator=fmt::v11::detail::allocator<fmt::v11::detail::bigint::bigit>]"
    constexpr bigint() : exp_(0) {}
                                 ^

../subprojects/fmt-11.2.0/include/fmt/base.h(473): warning #128-D: loop is not reachable
    for (; n != 0; ++s1, ++s2, --n) {
    ^
          detected during:
            instantiation of "auto fmt::v11::detail::compare(const Char *, const Char *, std::size_t)->int [with Char=char]" at line 591
            instantiation of "auto fmt::v11::basic_string_view<Char>::compare(fmt::v11::basic_string_view<Char>) const->int [with Char=char]" at line 598
            instantiation of class "fmt::v11::basic_string_view<Char> [with Char=char]" at line 2642
            instantiation of "auto fmt::v11::basic_format_args<Context>::get_id(fmt::v11::basic_string_view<Char>) const->int [with Context=fmt::v11::context, Char=char]" at line 2685

Remark: The warnings can be suppressed with "-diag-suppress <warning-number>"

../subprojects/fmt-11.2.0/include/fmt/format.h(2597): warning #2417-D: constexpr constructor calls non-constexpr function "fmt::v11::basic_memory_buffer<T, SIZE, Allocator>::basic_memory_buffer(const Allocator &) [with T=fmt::v11::detail::bigint::bigit, SIZE=32UL, Allocator=fmt::v11::detail::allocator<fmt::v11::detail::bigint::bigit>]"
    constexpr bigint() : exp_(0) {}
                                 ^

../subprojects/fmt-11.2.0/include/fmt/base.h(473): warning #128-D: loop is not reachable
    for (; n != 0; ++s1, ++s2, --n) {
    ^
          detected during:
            instantiation of "auto fmt::v11::detail::compare(const Char *, const Char *, std::size_t)->int [with Char=char]" at line 591
            instantiation of "auto fmt::v11::basic_string_view<Char>::compare(fmt::v11::basic_string_view<Char>) const->int [with Char=char]" at line 598
            instantiation of class "fmt::v11::basic_string_view<Char> [with Char=char]" at line 2642
            instantiation of "auto fmt::v11::basic_format_args<Context>::get_id(fmt::v11::basic_string_view<Char>) const->int [with Context=fmt::v11::context, Char=char]" at line 2685

Remark: The warnings can be suppressed with "-diag-suppress <warning-number>"

../subprojects/fmt-11.2.0/include/fmt/format.h(2597): warning #2417-D: constexpr constructor calls non-constexpr function "fmt::v11::basic_memory_buffer<T, SIZE, Allocator>::basic_memory_buffer(const Allocator &) [with T=fmt::v11::detail::bigint::bigit, SIZE=32UL, Allocator=fmt::v11::detail::allocator<fmt::v11::detail::bigint::bigit>]"
    constexpr bigint() : exp_(0) {}
                                 ^

../subprojects/fmt-11.2.0/include/fmt/base.h(473): warning #128-D: loop is not reachable
    for (; n != 0; ++s1, ++s2, --n) {
    ^
          detected during:
            instantiation of "auto fmt::v11::detail::compare(const Char *, const Char *, std::size_t)->int [with Char=char]" at line 591
            instantiation of "auto fmt::v11::basic_string_view<Char>::compare(fmt::v11::basic_string_view<Char>) const->int [with Char=char]" at line 598
            instantiation of class "fmt::v11::basic_string_view<Char> [with Char=char]" at line 2642
            instantiation of "auto fmt::v11::basic_format_args<Context>::get_id(fmt::v11::basic_string_view<Char>) const->int [with Context=fmt::v11::context, Char=char]" at line 2685

Remark: The warnings can be suppressed with "-diag-suppress <warning-number>"

../subprojects/fmt-11.2.0/include/fmt/format.h(2597): warning #2417-D: constexpr constructor calls non-constexpr function "fmt::v11::basic_memory_buffer<T, SIZE, Allocator>::basic_memory_buffer(const Allocator &) [with T=fmt::v11::detail::bigint::bigit, SIZE=32UL, Allocator=fmt::v11::detail::allocator<fmt::v11::detail::bigint::bigit>]"
    constexpr bigint() : exp_(0) {}
                                 ^

../subprojects/fmt-11.2.0/include/fmt/base.h(473): warning #128-D: loop is not reachable
    for (; n != 0; ++s1, ++s2, --n) {
    ^
          detected during:
            instantiation of "auto fmt::v11::detail::compare(const Char *, const Char *, std::size_t)->int [with Char=char]" at line 591
            instantiation of "auto fmt::v11::basic_string_view<Char>::compare(fmt::v11::basic_string_view<Char>) const->int [with Char=char]" at line 598
            instantiation of class "fmt::v11::basic_string_view<Char> [with Char=char]" at line 2642
            instantiation of "auto fmt::v11::basic_format_args<Context>::get_id(fmt::v11::basic_string_view<Char>) const->int [with Context=fmt::v11::context, Char=char]" at line 2685

Remark: The warnings can be suppressed with "-diag-suppress <warning-number>"

../subprojects/fmt-11.2.0/include/fmt/format.h(2597): warning #2417-D: constexpr constructor calls non-constexpr function "fmt::v11::basic_memory_buffer<T, SIZE, Allocator>::basic_memory_buffer(const Allocator &) [with T=fmt::v11::detail::bigint::bigit, SIZE=32UL, Allocator=fmt::v11::detail::allocator<fmt::v11::detail::bigint::bigit>]"
    constexpr bigint() : exp_(0) {}
                                 ^

../subprojects/fmt-11.2.0/include/fmt/base.h(473): warning #128-D: loop is not reachable
    for (; n != 0; ++s1, ++s2, --n) {
    ^
          detected during:
            instantiation of "auto fmt::v11::detail::compare(const Char *, const Char *, std::size_t)->int [with Char=char]" at line 591
            instantiation of "auto fmt::v11::basic_string_view<Char>::compare(fmt::v11::basic_string_view<Char>) const->int [with Char=char]" at line 598
            instantiation of class "fmt::v11::basic_string_view<Char> [with Char=char]" at line 2642
            instantiation of "auto fmt::v11::basic_format_args<Context>::get_id(fmt::v11::basic_string_view<Char>) const->int [with Context=fmt::v11::context, Char=char]" at line 2685

Remark: The warnings can be suppressed with "-diag-suppress <warning-number>"

../subprojects/fmt-11.2.0/include/fmt/format.h(2597): warning #2417-D: constexpr constructor calls non-constexpr function "fmt::v11::basic_memory_buffer<T, SIZE, Allocator>::basic_memory_buffer(const Allocator &) [with T=fmt::v11::detail::bigint::bigit, SIZE=32UL, Allocator=fmt::v11::detail::allocator<fmt::v11::detail::bigint::bigit>]"
    constexpr bigint() : exp_(0) {}
                                 ^

../subprojects/fmt-11.2.0/include/fmt/base.h(473): warning #128-D: loop is not reachable
    for (; n != 0; ++s1, ++s2, --n) {
    ^
          detected during:
            instantiation of "auto fmt::v11::detail::compare(const Char *, const Char *, std::size_t)->int [with Char=char]" at line 591
            instantiation of "auto fmt::v11::basic_string_view<Char>::compare(fmt::v11::basic_string_view<Char>) const->int [with Char=char]" at line 598
            instantiation of class "fmt::v11::basic_string_view<Char> [with Char=char]" at line 2642
            instantiation of "auto fmt::v11::basic_format_args<Context>::get_id(fmt::v11::basic_string_view<Char>) const->int [with Context=fmt::v11::context, Char=char]" at line 2685

Remark: The warnings can be suppressed with "-diag-suppress <warning-number>"

../subprojects/fmt-11.2.0/include/fmt/format.h(2597): warning #2417-D: constexpr constructor calls non-constexpr function "fmt::v11::basic_memory_buffer<T, SIZE, Allocator>::basic_memory_buffer(const Allocator &) [with T=fmt::v11::detail::bigint::bigit, SIZE=32UL, Allocator=fmt::v11::detail::allocator<fmt::v11::detail::bigint::bigit>]"
    constexpr bigint() : exp_(0) {}
                                 ^

../implementations/cuda_mpi/03/src/../../tools/utilities.h: In function ‘int DisplayProgressBar(uint32_t, uint32_t, bool, double, double, double, double)’:
../implementations/cuda_mpi/03/src/../../tools/utilities.h:285:1: warning: unused parameter ‘extended’ [-Wunused-parameter]
  284 |     const uint32_t N_STEPS,
      |          ~~~~~~~~~~~~~~~~~~
  285 |     bool extended = false,
      | ^   ~~~~~~~~~~~~
../implementations/cuda_mpi/03/src/simulation.cu: In function ‘void Launch_FullyFusedLatticeUpdate_Push_Inner(const float* const*, float* const*, float*, float*, float*, float, uint32_t, uint32_t, uint32_t, uint32_t, uint32_t, uint32_t, int, bool, bool, bool, bool, bool)’:
../implementations/cuda_mpi/03/src/simulation.cu:340:1: warning: unused parameter ‘N_X_TOTAL’ [-Wunused-parameter]
  339 |     const uint32_t N_X, const uint32_t N_Y,
      |                          ~~~~~~~~~~~~~~~~~~
  340 |     const uint32_t N_X_TOTAL, const uint32_t N_Y_TOTAL,
      | ^   ~~~~~
../implementations/cuda_mpi/03/src/simulation.cu:340:27: warning: unused parameter ‘N_Y_TOTAL’ [-Wunused-parameter]
  340 |     const uint32_t N_X_TOTAL, const uint32_t N_Y_TOTAL,
      |            ~~~~~~~~~~~~~~~^~~~~~~~~
../implementations/cuda_mpi/03/src/simulation.cu:341:1: warning: unused parameter ‘N_STEPS’ [-Wunused-parameter]
  340 |     const uint32_t N_X_TOTAL, const uint32_t N_Y_TOTAL,
      |                                      ~~~~~~~~~~~~~~~~~~
  341 |     const uint32_t N_STEPS,
      | ^   ~~~
../implementations/cuda_mpi/03/src/simulation.cu: In function ‘void Launch_FullyFusedLatticeUpdate_Push_Outer(const float* const*, float* const*, float* const*, float* const*, float*, float*, float*, float, float, uint32_t, uint32_t, uint32_t, uint32_t, uint32_t, uint32_t, uint32_t, int, bool, bool, bool, bool, bool, bool)’:
../implementations/cuda_mpi/03/src/simulation.cu:819:1: warning: unused parameter ‘N_X_TOTAL’ [-Wunused-parameter]
  818 |     const uint32_t N_X, const uint32_t N_Y,
      |                          ~~~~~~~~~~~~~~~~~~
  819 |     const uint32_t N_X_TOTAL, const uint32_t N_Y_TOTAL,
      | ^   ~~~~~
../implementations/cuda_mpi/03/src/simulation.cu:821:1: warning: unused parameter ‘N_STEPS’ [-Wunused-parameter]
  820 |     const uint32_t Y_START,
      |          ~~~~~~~~~~~~~~~~~~
  821 |     const uint32_t N_STEPS,
      | ^   ~~~
[18/18] Linking target implementations/cuda_mpi/cuda_mpi_03
ninja: Entering directory `buildDir'
[1/5] Compiling C++ object implementations/cuda_mpi/cuda_mpi_04.p/tools_data_export.cpp.o
../implementations/cuda_mpi/tools/data_export.cpp: In function ‘void ExportScalarFieldFromMPIDevices(const float*, SimulationData, MPI_Comm, const string&, const string&, const string&, uint32_t, uint32_t, uint32_t, uint32_t, uint32_t, uint32_t, uint32_t, int)’:
../implementations/cuda_mpi/tools/data_export.cpp:34:20: warning: unused parameter ‘N_X’ [-Wunused-parameter]
   34 |     const uint32_t N_X, const uint32_t N_Y,
      |     ~~~~~~~~~~~~~~~^~~
../implementations/cuda_mpi/tools/data_export.cpp:34:40: warning: unused parameter ‘N_Y’ [-Wunused-parameter]
   34 |     const uint32_t N_X, const uint32_t N_Y,
      |                         ~~~~~~~~~~~~~~~^~~
../implementations/cuda_mpi/tools/data_export.cpp:35:46: warning: unused parameter ‘N_Y_TOTAL’ [-Wunused-parameter]
   35 |     const uint32_t N_X_TOTAL, const uint32_t N_Y_TOTAL,
      |                               ~~~~~~~~~~~~~~~^~~~~~~~~
../implementations/cuda_mpi/tools/data_export.cpp: In function ‘void ExportSimulationData(const SimulationExportContext&, const SimulationData&, const string&, const string&, uint32_t)’:
../implementations/cuda_mpi/tools/data_export.cpp:88:9: warning: unused variable ‘dvc_u_mag’ [-Wunused-variable]
   88 |     FP* dvc_u_mag = nullptr;
      |         ^~~~~~~~~
[2/5] Compiling C++ object implementations/cuda_mpi/cuda_mpi_04.p/04_src_main.cpp.o
In file included from ../implementations/cuda_mpi/04/src/main.cpp:17:
../implementations/cuda_mpi/04/src/../../tools/utilities.h: In function ‘int DisplayProgressBar(uint32_t, uint32_t, bool, double, double, double, double)’:
../implementations/cuda_mpi/04/src/../../tools/utilities.h:309:16: warning: unused variable ‘misc_time’ [-Wunused-variable]
  309 |         double misc_time = (acc_total_step_time - acc_communication_time
      |                ^~~~~~~~~
../implementations/cuda_mpi/04/src/../../tools/utilities.h:313:16: warning: unused variable ‘comm_pct’ [-Wunused-variable]
  313 |         double comm_pct  = (100.0 * comm_time)  / step_time;
      |                ^~~~~~~~
../implementations/cuda_mpi/04/src/../../tools/utilities.h:314:16: warning: unused variable ‘inner_pct’ [-Wunused-variable]
  314 |         double inner_pct = (100.0 * inner_time) / step_time;
      |                ^~~~~~~~~
../implementations/cuda_mpi/04/src/../../tools/utilities.h:315:16: warning: unused variable ‘outer_pct’ [-Wunused-variable]
  315 |         double outer_pct = (100.0 * outer_time) / step_time;
      |                ^~~~~~~~~
../implementations/cuda_mpi/04/src/../../tools/utilities.h:285:10: warning: unused parameter ‘extended’ [-Wunused-parameter]
  285 |     bool extended = false,
      |     ~~~~~^~~~~~~~~~~~~~~~
../implementations/cuda_mpi/04/src/main.cpp: In function ‘int main(int, char**)’:
../implementations/cuda_mpi/04/src/main.cpp:143:20: warning: unused variable ‘N_CELLS_TOTAL’ [-Wunused-variable]
  143 |     const uint64_t N_CELLS_TOTAL =  N_X_TOTAL * N_Y_TOTAL;
      |                    ^~~~~~~~~~~~~
../implementations/cuda_mpi/04/src/main.cpp:180:20: warning: unused variable ‘Y_END’ [-Wunused-variable]
  180 |     const uint32_t Y_END =          Y_START + N_Y - 1;
      |                    ^~~~~
[3/5] Compiling Cuda object implementations/cuda_mpi/cuda_mpi_04.p/04_src_initialization.cu.o
../subprojects/fmt-11.2.0/include/fmt/base.h(473): warning #128-D: loop is not reachable
    for (; n != 0; ++s1, ++s2, --n) {
    ^
          detected during:
            instantiation of "auto fmt::v11::detail::compare(const Char *, const Char *, std::size_t)->int [with Char=char]" at line 591
            instantiation of "auto fmt::v11::basic_string_view<Char>::compare(fmt::v11::basic_string_view<Char>) const->int [with Char=char]" at line 598
            instantiation of class "fmt::v11::basic_string_view<Char> [with Char=char]" at line 2642
            instantiation of "auto fmt::v11::basic_format_args<Context>::get_id(fmt::v11::basic_string_view<Char>) const->int [with Context=fmt::v11::context, Char=char]" at line 2685

Remark: The warnings can be suppressed with "-diag-suppress <warning-number>"

../subprojects/fmt-11.2.0/include/fmt/format.h(2597): warning #2417-D: constexpr constructor calls non-constexpr function "fmt::v11::basic_memory_buffer<T, SIZE, Allocator>::basic_memory_buffer(const Allocator &) [with T=fmt::v11::detail::bigint::bigit, SIZE=32UL, Allocator=fmt::v11::detail::allocator<fmt::v11::detail::bigint::bigit>]"
    constexpr bigint() : exp_(0) {}
                                 ^

../subprojects/fmt-11.2.0/include/fmt/base.h(473): warning #128-D: loop is not reachable
    for (; n != 0; ++s1, ++s2, --n) {
    ^
          detected during:
            instantiation of "auto fmt::v11::detail::compare(const Char *, const Char *, std::size_t)->int [with Char=char]" at line 591
            instantiation of "auto fmt::v11::basic_string_view<Char>::compare(fmt::v11::basic_string_view<Char>) const->int [with Char=char]" at line 598
            instantiation of class "fmt::v11::basic_string_view<Char> [with Char=char]" at line 2642
            instantiation of "auto fmt::v11::basic_format_args<Context>::get_id(fmt::v11::basic_string_view<Char>) const->int [with Context=fmt::v11::context, Char=char]" at line 2685

Remark: The warnings can be suppressed with "-diag-suppress <warning-number>"

../subprojects/fmt-11.2.0/include/fmt/format.h(2597): warning #2417-D: constexpr constructor calls non-constexpr function "fmt::v11::basic_memory_buffer<T, SIZE, Allocator>::basic_memory_buffer(const Allocator &) [with T=fmt::v11::detail::bigint::bigit, SIZE=32UL, Allocator=fmt::v11::detail::allocator<fmt::v11::detail::bigint::bigit>]"
    constexpr bigint() : exp_(0) {}
                                 ^

../subprojects/fmt-11.2.0/include/fmt/base.h(473): warning #128-D: loop is not reachable
    for (; n != 0; ++s1, ++s2, --n) {
    ^
          detected during:
            instantiation of "auto fmt::v11::detail::compare(const Char *, const Char *, std::size_t)->int [with Char=char]" at line 591
            instantiation of "auto fmt::v11::basic_string_view<Char>::compare(fmt::v11::basic_string_view<Char>) const->int [with Char=char]" at line 598
            instantiation of class "fmt::v11::basic_string_view<Char> [with Char=char]" at line 2642
            instantiation of "auto fmt::v11::basic_format_args<Context>::get_id(fmt::v11::basic_string_view<Char>) const->int [with Context=fmt::v11::context, Char=char]" at line 2685

Remark: The warnings can be suppressed with "-diag-suppress <warning-number>"

../subprojects/fmt-11.2.0/include/fmt/format.h(2597): warning #2417-D: constexpr constructor calls non-constexpr function "fmt::v11::basic_memory_buffer<T, SIZE, Allocator>::basic_memory_buffer(const Allocator &) [with T=fmt::v11::detail::bigint::bigit, SIZE=32UL, Allocator=fmt::v11::detail::allocator<fmt::v11::detail::bigint::bigit>]"
    constexpr bigint() : exp_(0) {}
                                 ^

../subprojects/fmt-11.2.0/include/fmt/base.h(473): warning #128-D: loop is not reachable
    for (; n != 0; ++s1, ++s2, --n) {
    ^
          detected during:
            instantiation of "auto fmt::v11::detail::compare(const Char *, const Char *, std::size_t)->int [with Char=char]" at line 591
            instantiation of "auto fmt::v11::basic_string_view<Char>::compare(fmt::v11::basic_string_view<Char>) const->int [with Char=char]" at line 598
            instantiation of class "fmt::v11::basic_string_view<Char> [with Char=char]" at line 2642
            instantiation of "auto fmt::v11::basic_format_args<Context>::get_id(fmt::v11::basic_string_view<Char>) const->int [with Context=fmt::v11::context, Char=char]" at line 2685

Remark: The warnings can be suppressed with "-diag-suppress <warning-number>"

../subprojects/fmt-11.2.0/include/fmt/format.h(2597): warning #2417-D: constexpr constructor calls non-constexpr function "fmt::v11::basic_memory_buffer<T, SIZE, Allocator>::basic_memory_buffer(const Allocator &) [with T=fmt::v11::detail::bigint::bigit, SIZE=32UL, Allocator=fmt::v11::detail::allocator<fmt::v11::detail::bigint::bigit>]"
    constexpr bigint() : exp_(0) {}
                                 ^

../subprojects/fmt-11.2.0/include/fmt/base.h(473): warning #128-D: loop is not reachable
    for (; n != 0; ++s1, ++s2, --n) {
    ^
          detected during:
            instantiation of "auto fmt::v11::detail::compare(const Char *, const Char *, std::size_t)->int [with Char=char]" at line 591
            instantiation of "auto fmt::v11::basic_string_view<Char>::compare(fmt::v11::basic_string_view<Char>) const->int [with Char=char]" at line 598
            instantiation of class "fmt::v11::basic_string_view<Char> [with Char=char]" at line 2642
            instantiation of "auto fmt::v11::basic_format_args<Context>::get_id(fmt::v11::basic_string_view<Char>) const->int [with Context=fmt::v11::context, Char=char]" at line 2685

Remark: The warnings can be suppressed with "-diag-suppress <warning-number>"

../subprojects/fmt-11.2.0/include/fmt/format.h(2597): warning #2417-D: constexpr constructor calls non-constexpr function "fmt::v11::basic_memory_buffer<T, SIZE, Allocator>::basic_memory_buffer(const Allocator &) [with T=fmt::v11::detail::bigint::bigit, SIZE=32UL, Allocator=fmt::v11::detail::allocator<fmt::v11::detail::bigint::bigit>]"
    constexpr bigint() : exp_(0) {}
                                 ^

../subprojects/fmt-11.2.0/include/fmt/base.h(473): warning #128-D: loop is not reachable
    for (; n != 0; ++s1, ++s2, --n) {
    ^
          detected during:
            instantiation of "auto fmt::v11::detail::compare(const Char *, const Char *, std::size_t)->int [with Char=char]" at line 591
            instantiation of "auto fmt::v11::basic_string_view<Char>::compare(fmt::v11::basic_string_view<Char>) const->int [with Char=char]" at line 598
            instantiation of class "fmt::v11::basic_string_view<Char> [with Char=char]" at line 2642
            instantiation of "auto fmt::v11::basic_format_args<Context>::get_id(fmt::v11::basic_string_view<Char>) const->int [with Context=fmt::v11::context, Char=char]" at line 2685

Remark: The warnings can be suppressed with "-diag-suppress <warning-number>"

../subprojects/fmt-11.2.0/include/fmt/format.h(2597): warning #2417-D: constexpr constructor calls non-constexpr function "fmt::v11::basic_memory_buffer<T, SIZE, Allocator>::basic_memory_buffer(const Allocator &) [with T=fmt::v11::detail::bigint::bigit, SIZE=32UL, Allocator=fmt::v11::detail::allocator<fmt::v11::detail::bigint::bigit>]"
    constexpr bigint() : exp_(0) {}
                                 ^

../subprojects/fmt-11.2.0/include/fmt/base.h(473): warning #128-D: loop is not reachable
    for (; n != 0; ++s1, ++s2, --n) {
    ^
          detected during:
            instantiation of "auto fmt::v11::detail::compare(const Char *, const Char *, std::size_t)->int [with Char=char]" at line 591
            instantiation of "auto fmt::v11::basic_string_view<Char>::compare(fmt::v11::basic_string_view<Char>) const->int [with Char=char]" at line 598
            instantiation of class "fmt::v11::basic_string_view<Char> [with Char=char]" at line 2642
            instantiation of "auto fmt::v11::basic_format_args<Context>::get_id(fmt::v11::basic_string_view<Char>) const->int [with Context=fmt::v11::context, Char=char]" at line 2685

Remark: The warnings can be suppressed with "-diag-suppress <warning-number>"

../subprojects/fmt-11.2.0/include/fmt/format.h(2597): warning #2417-D: constexpr constructor calls non-constexpr function "fmt::v11::basic_memory_buffer<T, SIZE, Allocator>::basic_memory_buffer(const Allocator &) [with T=fmt::v11::detail::bigint::bigit, SIZE=32UL, Allocator=fmt::v11::detail::allocator<fmt::v11::detail::bigint::bigit>]"
    constexpr bigint() : exp_(0) {}
                                 ^

../subprojects/fmt-11.2.0/include/fmt/base.h(473): warning #128-D: loop is not reachable
    for (; n != 0; ++s1, ++s2, --n) {
    ^
          detected during:
            instantiation of "auto fmt::v11::detail::compare(const Char *, const Char *, std::size_t)->int [with Char=char]" at line 591
            instantiation of "auto fmt::v11::basic_string_view<Char>::compare(fmt::v11::basic_string_view<Char>) const->int [with Char=char]" at line 598
            instantiation of class "fmt::v11::basic_string_view<Char> [with Char=char]" at line 2642
            instantiation of "auto fmt::v11::basic_format_args<Context>::get_id(fmt::v11::basic_string_view<Char>) const->int [with Context=fmt::v11::context, Char=char]" at line 2685

Remark: The warnings can be suppressed with "-diag-suppress <warning-number>"

../subprojects/fmt-11.2.0/include/fmt/format.h(2597): warning #2417-D: constexpr constructor calls non-constexpr function "fmt::v11::basic_memory_buffer<T, SIZE, Allocator>::basic_memory_buffer(const Allocator &) [with T=fmt::v11::detail::bigint::bigit, SIZE=32UL, Allocator=fmt::v11::detail::allocator<fmt::v11::detail::bigint::bigit>]"
    constexpr bigint() : exp_(0) {}
                                 ^

[4/5] Compiling Cuda object implementations/cuda_mpi/cuda_mpi_04.p/04_src_simulation.cu.o
../subprojects/fmt-11.2.0/include/fmt/base.h(473): warning #128-D: loop is not reachable
    for (; n != 0; ++s1, ++s2, --n) {
    ^
          detected during:
            instantiation of "auto fmt::v11::detail::compare(const Char *, const Char *, std::size_t)->int [with Char=char]" at line 591
            instantiation of "auto fmt::v11::basic_string_view<Char>::compare(fmt::v11::basic_string_view<Char>) const->int [with Char=char]" at line 598
            instantiation of class "fmt::v11::basic_string_view<Char> [with Char=char]" at line 2642
            instantiation of "auto fmt::v11::basic_format_args<Context>::get_id(fmt::v11::basic_string_view<Char>) const->int [with Context=fmt::v11::context, Char=char]" at line 2685

Remark: The warnings can be suppressed with "-diag-suppress <warning-number>"

../subprojects/fmt-11.2.0/include/fmt/format.h(2597): warning #2417-D: constexpr constructor calls non-constexpr function "fmt::v11::basic_memory_buffer<T, SIZE, Allocator>::basic_memory_buffer(const Allocator &) [with T=fmt::v11::detail::bigint::bigit, SIZE=32UL, Allocator=fmt::v11::detail::allocator<fmt::v11::detail::bigint::bigit>]"
    constexpr bigint() : exp_(0) {}
                                 ^

../subprojects/fmt-11.2.0/include/fmt/base.h(473): warning #128-D: loop is not reachable
    for (; n != 0; ++s1, ++s2, --n) {
    ^
          detected during:
            instantiation of "auto fmt::v11::detail::compare(const Char *, const Char *, std::size_t)->int [with Char=char]" at line 591
            instantiation of "auto fmt::v11::basic_string_view<Char>::compare(fmt::v11::basic_string_view<Char>) const->int [with Char=char]" at line 598
            instantiation of class "fmt::v11::basic_string_view<Char> [with Char=char]" at line 2642
            instantiation of "auto fmt::v11::basic_format_args<Context>::get_id(fmt::v11::basic_string_view<Char>) const->int [with Context=fmt::v11::context, Char=char]" at line 2685

Remark: The warnings can be suppressed with "-diag-suppress <warning-number>"

../subprojects/fmt-11.2.0/include/fmt/format.h(2597): warning #2417-D: constexpr constructor calls non-constexpr function "fmt::v11::basic_memory_buffer<T, SIZE, Allocator>::basic_memory_buffer(const Allocator &) [with T=fmt::v11::detail::bigint::bigit, SIZE=32UL, Allocator=fmt::v11::detail::allocator<fmt::v11::detail::bigint::bigit>]"
    constexpr bigint() : exp_(0) {}
                                 ^

../subprojects/fmt-11.2.0/include/fmt/base.h(473): warning #128-D: loop is not reachable
    for (; n != 0; ++s1, ++s2, --n) {
    ^
          detected during:
            instantiation of "auto fmt::v11::detail::compare(const Char *, const Char *, std::size_t)->int [with Char=char]" at line 591
            instantiation of "auto fmt::v11::basic_string_view<Char>::compare(fmt::v11::basic_string_view<Char>) const->int [with Char=char]" at line 598
            instantiation of class "fmt::v11::basic_string_view<Char> [with Char=char]" at line 2642
            instantiation of "auto fmt::v11::basic_format_args<Context>::get_id(fmt::v11::basic_string_view<Char>) const->int [with Context=fmt::v11::context, Char=char]" at line 2685

Remark: The warnings can be suppressed with "-diag-suppress <warning-number>"

../subprojects/fmt-11.2.0/include/fmt/format.h(2597): warning #2417-D: constexpr constructor calls non-constexpr function "fmt::v11::basic_memory_buffer<T, SIZE, Allocator>::basic_memory_buffer(const Allocator &) [with T=fmt::v11::detail::bigint::bigit, SIZE=32UL, Allocator=fmt::v11::detail::allocator<fmt::v11::detail::bigint::bigit>]"
    constexpr bigint() : exp_(0) {}
                                 ^

../subprojects/fmt-11.2.0/include/fmt/base.h(473): warning #128-D: loop is not reachable
    for (; n != 0; ++s1, ++s2, --n) {
    ^
          detected during:
            instantiation of "auto fmt::v11::detail::compare(const Char *, const Char *, std::size_t)->int [with Char=char]" at line 591
            instantiation of "auto fmt::v11::basic_string_view<Char>::compare(fmt::v11::basic_string_view<Char>) const->int [with Char=char]" at line 598
            instantiation of class "fmt::v11::basic_string_view<Char> [with Char=char]" at line 2642
            instantiation of "auto fmt::v11::basic_format_args<Context>::get_id(fmt::v11::basic_string_view<Char>) const->int [with Context=fmt::v11::context, Char=char]" at line 2685

Remark: The warnings can be suppressed with "-diag-suppress <warning-number>"

../subprojects/fmt-11.2.0/include/fmt/format.h(2597): warning #2417-D: constexpr constructor calls non-constexpr function "fmt::v11::basic_memory_buffer<T, SIZE, Allocator>::basic_memory_buffer(const Allocator &) [with T=fmt::v11::detail::bigint::bigit, SIZE=32UL, Allocator=fmt::v11::detail::allocator<fmt::v11::detail::bigint::bigit>]"
    constexpr bigint() : exp_(0) {}
                                 ^

../subprojects/fmt-11.2.0/include/fmt/base.h(473): warning #128-D: loop is not reachable
    for (; n != 0; ++s1, ++s2, --n) {
    ^
          detected during:
            instantiation of "auto fmt::v11::detail::compare(const Char *, const Char *, std::size_t)->int [with Char=char]" at line 591
            instantiation of "auto fmt::v11::basic_string_view<Char>::compare(fmt::v11::basic_string_view<Char>) const->int [with Char=char]" at line 598
            instantiation of class "fmt::v11::basic_string_view<Char> [with Char=char]" at line 2642
            instantiation of "auto fmt::v11::basic_format_args<Context>::get_id(fmt::v11::basic_string_view<Char>) const->int [with Context=fmt::v11::context, Char=char]" at line 2685

Remark: The warnings can be suppressed with "-diag-suppress <warning-number>"

../subprojects/fmt-11.2.0/include/fmt/format.h(2597): warning #2417-D: constexpr constructor calls non-constexpr function "fmt::v11::basic_memory_buffer<T, SIZE, Allocator>::basic_memory_buffer(const Allocator &) [with T=fmt::v11::detail::bigint::bigit, SIZE=32UL, Allocator=fmt::v11::detail::allocator<fmt::v11::detail::bigint::bigit>]"
    constexpr bigint() : exp_(0) {}
                                 ^

../subprojects/fmt-11.2.0/include/fmt/base.h(473): warning #128-D: loop is not reachable
    for (; n != 0; ++s1, ++s2, --n) {
    ^
          detected during:
            instantiation of "auto fmt::v11::detail::compare(const Char *, const Char *, std::size_t)->int [with Char=char]" at line 591
            instantiation of "auto fmt::v11::basic_string_view<Char>::compare(fmt::v11::basic_string_view<Char>) const->int [with Char=char]" at line 598
            instantiation of class "fmt::v11::basic_string_view<Char> [with Char=char]" at line 2642
            instantiation of "auto fmt::v11::basic_format_args<Context>::get_id(fmt::v11::basic_string_view<Char>) const->int [with Context=fmt::v11::context, Char=char]" at line 2685

Remark: The warnings can be suppressed with "-diag-suppress <warning-number>"

../subprojects/fmt-11.2.0/include/fmt/format.h(2597): warning #2417-D: constexpr constructor calls non-constexpr function "fmt::v11::basic_memory_buffer<T, SIZE, Allocator>::basic_memory_buffer(const Allocator &) [with T=fmt::v11::detail::bigint::bigit, SIZE=32UL, Allocator=fmt::v11::detail::allocator<fmt::v11::detail::bigint::bigit>]"
    constexpr bigint() : exp_(0) {}
                                 ^

../subprojects/fmt-11.2.0/include/fmt/base.h(473): warning #128-D: loop is not reachable
    for (; n != 0; ++s1, ++s2, --n) {
    ^
          detected during:
            instantiation of "auto fmt::v11::detail::compare(const Char *, const Char *, std::size_t)->int [with Char=char]" at line 591
            instantiation of "auto fmt::v11::basic_string_view<Char>::compare(fmt::v11::basic_string_view<Char>) const->int [with Char=char]" at line 598
            instantiation of class "fmt::v11::basic_string_view<Char> [with Char=char]" at line 2642
            instantiation of "auto fmt::v11::basic_format_args<Context>::get_id(fmt::v11::basic_string_view<Char>) const->int [with Context=fmt::v11::context, Char=char]" at line 2685

Remark: The warnings can be suppressed with "-diag-suppress <warning-number>"

../subprojects/fmt-11.2.0/include/fmt/format.h(2597): warning #2417-D: constexpr constructor calls non-constexpr function "fmt::v11::basic_memory_buffer<T, SIZE, Allocator>::basic_memory_buffer(const Allocator &) [with T=fmt::v11::detail::bigint::bigit, SIZE=32UL, Allocator=fmt::v11::detail::allocator<fmt::v11::detail::bigint::bigit>]"
    constexpr bigint() : exp_(0) {}
                                 ^

../subprojects/fmt-11.2.0/include/fmt/base.h(473): warning #128-D: loop is not reachable
    for (; n != 0; ++s1, ++s2, --n) {
    ^
          detected during:
            instantiation of "auto fmt::v11::detail::compare(const Char *, const Char *, std::size_t)->int [with Char=char]" at line 591
            instantiation of "auto fmt::v11::basic_string_view<Char>::compare(fmt::v11::basic_string_view<Char>) const->int [with Char=char]" at line 598
            instantiation of class "fmt::v11::basic_string_view<Char> [with Char=char]" at line 2642
            instantiation of "auto fmt::v11::basic_format_args<Context>::get_id(fmt::v11::basic_string_view<Char>) const->int [with Context=fmt::v11::context, Char=char]" at line 2685

Remark: The warnings can be suppressed with "-diag-suppress <warning-number>"

../subprojects/fmt-11.2.0/include/fmt/format.h(2597): warning #2417-D: constexpr constructor calls non-constexpr function "fmt::v11::basic_memory_buffer<T, SIZE, Allocator>::basic_memory_buffer(const Allocator &) [with T=fmt::v11::detail::bigint::bigit, SIZE=32UL, Allocator=fmt::v11::detail::allocator<fmt::v11::detail::bigint::bigit>]"
    constexpr bigint() : exp_(0) {}
                                 ^

../implementations/cuda_mpi/04/src/../../tools/utilities.h: In function ‘int DisplayProgressBar(uint32_t, uint32_t, bool, double, double, double, double)’:
../implementations/cuda_mpi/04/src/../../tools/utilities.h:285:1: warning: unused parameter ‘extended’ [-Wunused-parameter]
  284 |     const uint32_t N_STEPS,
      |          ~~~~~~~~~~~~~~~~~~
  285 |     bool extended = false,
      | ^   ~~~~~~~~~~~~
../implementations/cuda_mpi/04/src/simulation.cu: In function ‘void Launch_FullyFusedLatticeUpdate_Push_Inner(const float* const*, float* const*, float*, float*, float*, float, uint32_t, uint32_t, uint32_t, uint32_t, uint32_t, uint32_t, int, bool, bool, bool, bool, bool)’:
../implementations/cuda_mpi/04/src/simulation.cu:340:1: warning: unused parameter ‘N_X_TOTAL’ [-Wunused-parameter]
  339 |     const uint32_t N_X, const uint32_t N_Y,
      |                          ~~~~~~~~~~~~~~~~~~
  340 |     const uint32_t N_X_TOTAL, const uint32_t N_Y_TOTAL,
      | ^   ~~~~~
../implementations/cuda_mpi/04/src/simulation.cu:340:27: warning: unused parameter ‘N_Y_TOTAL’ [-Wunused-parameter]
  340 |     const uint32_t N_X_TOTAL, const uint32_t N_Y_TOTAL,
      |            ~~~~~~~~~~~~~~~^~~~~~~~~
../implementations/cuda_mpi/04/src/simulation.cu:341:1: warning: unused parameter ‘N_STEPS’ [-Wunused-parameter]
  340 |     const uint32_t N_X_TOTAL, const uint32_t N_Y_TOTAL,
      |                                      ~~~~~~~~~~~~~~~~~~
  341 |     const uint32_t N_STEPS,
      | ^   ~~~
../implementations/cuda_mpi/04/src/simulation.cu: In function ‘void Launch_FullyFusedLatticeUpdate_Push_Outer(const float* const*, float* const*, float* const*, float* const*, float*, float*, float*, float, float, uint32_t, uint32_t, uint32_t, uint32_t, uint32_t, uint32_t, uint32_t, int, bool, bool, bool, bool, bool, bool)’:
../implementations/cuda_mpi/04/src/simulation.cu:819:1: warning: unused parameter ‘N_X_TOTAL’ [-Wunused-parameter]
  818 |     const uint32_t N_X, const uint32_t N_Y,
      |                          ~~~~~~~~~~~~~~~~~~
  819 |     const uint32_t N_X_TOTAL, const uint32_t N_Y_TOTAL,
      | ^   ~~~~~
../implementations/cuda_mpi/04/src/simulation.cu:821:1: warning: unused parameter ‘N_STEPS’ [-Wunused-parameter]
  820 |     const uint32_t Y_START,
      |          ~~~~~~~~~~~~~~~~~~
  821 |     const uint32_t N_STEPS,
      | ^   ~~~
[5/5] Linking target implementations/cuda_mpi/cuda_mpi_04

[2025-07-09 15:55:52] [[32minfo[m] Rank 0 loaded parameters from input_04.txt

Parameters
------------------------------
N_X_TOTAL            = 40320
N_Y_TOTAL            = 40320
N_STEPS              = 5000
omega                = 1.700
rho_0                = 1.000
u_max                = 0.100
u_lid                = 0.100
n_sin                = 2.000
export_interval      = 5000
export_name          = C
export_num           = 04
export_rho           = false
export_u_x           = false
export_u_y           = false
export_u_mag         = false
shear_wave_decay     = false
lid_driven_cavity    = true
branchless           = false

Rank  Node       GPU Model                          #   CC   SMs  ShMem/SM  Total GB  Used GB  Free GB  Sub-X  Sub-Y 
--------------------------------------------------------------------------------------------------------------------
0     uc3n077.   NVIDIA H100                        0   90   132  233472    93.096    32.372   60.724   40320  10080 
1     uc3n077.   NVIDIA H100                        1   90   132  233472    93.096    32.372   60.724   40320  10080 
2     uc3n077.   NVIDIA H100                        2   90   132  233472    93.096    32.372   60.724   40320  10080 
3     uc3n077.   NVIDIA H100                        3   90   132  233472    93.096    32.372   60.724   40320  10080 

[2025-07-09 15:55:52] [[32minfo[m] Simulation size [X/Y/N]:    [ 40320 / 40320 / 5000 ]
[2025-07-09 15:55:52] [[32minfo[m] Sub-domain size [X/Y/N]:    [ 40320 / 10080 / 5000 ] * 4
[2025-07-09 15:55:52] [[32minfo[m] Halo cells per sub-domain:  0.02 %

[2025-07-09 15:55:52] [[32minfo[m] Kernel [name/grid/block]:   [ FFLU_LidDrivenCavity_Push_Inner_K / 1587285 / 256 ]
[2025-07-09 15:55:52] [[32minfo[m] Registers per thread:       30
[2025-07-09 15:55:52] [[32minfo[m] Shared memory per block:    9216 bytes
[2025-07-09 15:55:52] [[32minfo[m] Local memory per thread:    0 bytes
[2025-07-09 15:55:52] [[32minfo[m] Kernel domain size [X/Y]:   [ 40320 / 10078 ]

[2025-07-09 15:55:52] [[32minfo[m] Kernel [name/grid/block]:   [ FFLU_LidDrivenCavity_Push_Outer_K / 315 / 256 ]
[2025-07-09 15:55:52] [[32minfo[m] Registers per thread:       36
[2025-07-09 15:55:52] [[32minfo[m] Shared memory per block:    9216 bytes
[2025-07-09 15:55:52] [[32minfo[m] Local memory per thread:    0 bytes
[2025-07-09 15:55:52] [[32minfo[m] Kernel domain size [X/Y]:   [ 40320 / 2 ]

[2025-07-09 15:57:03] [[32minfo[m] Simulation size [X/Y/N]:    [ 40320 / 40320 / 5000 ]
[2025-07-09 15:57:03] [[32minfo[m] Total execution time:       70.791 sec
[2025-07-09 15:57:03] [[32minfo[m] Step execution time:        14.158 ms
[2025-07-09 15:57:03] [[32minfo[m] BLUPS:                      114.824

[2025-07-09 15:57:03] [[32minfo[m] ------------------------------------------------------




[2025-07-09 15:57:59] [[32minfo[m] Rank 0 loaded parameters from input_04.txt

Parameters
------------------------------
N_X_TOTAL            = 40320
N_Y_TOTAL            = 40320
N_STEPS              = 5000
omega                = 1.700
rho_0                = 1.000
u_max                = 0.100
u_lid                = 0.100
n_sin                = 2.000
export_interval      = 5000
export_name          = C
export_num           = 04
export_rho           = false
export_u_x           = false
export_u_y           = false
export_u_mag         = false
shear_wave_decay     = false
lid_driven_cavity    = true
branchless           = false

Rank  Node       GPU Model                          #   CC   SMs  ShMem/SM  Total GB  Used GB  Free GB  Sub-X  Sub-Y 
--------------------------------------------------------------------------------------------------------------------
0     uc3n077.   NVIDIA H100                        0   90   132  233472    93.096    32.372   60.724   40320  10080 
1     uc3n077.   NVIDIA H100                        1   90   132  233472    93.096    32.372   60.724   40320  10080 
2     uc3n077.   NVIDIA H100                        2   90   132  233472    93.096    32.372   60.724   40320  10080 
3     uc3n077.   NVIDIA H100                        3   90   132  233472    93.096    32.372   60.724   40320  10080 

[2025-07-09 15:57:59] [[32minfo[m] Simulation size [X/Y/N]:    [ 40320 / 40320 / 5000 ]
[2025-07-09 15:57:59] [[32minfo[m] Sub-domain size [X/Y/N]:    [ 40320 / 10080 / 5000 ] * 4
[2025-07-09 15:57:59] [[32minfo[m] Halo cells per sub-domain:  0.02 %

[2025-07-09 15:57:59] [[32minfo[m] Kernel [name/grid/block]:   [ FFLU_LidDrivenCavity_Push_Inner_K / 1587285 / 256 ]
[2025-07-09 15:57:59] [[32minfo[m] Registers per thread:       30
[2025-07-09 15:57:59] [[32minfo[m] Shared memory per block:    9216 bytes
[2025-07-09 15:57:59] [[32minfo[m] Local memory per thread:    0 bytes
[2025-07-09 15:57:59] [[32minfo[m] Kernel domain size [X/Y]:   [ 40320 / 10078 ]

[2025-07-09 15:57:59] [[32minfo[m] Kernel [name/grid/block]:   [ FFLU_LidDrivenCavity_Push_Outer_K / 315 / 256 ]
[2025-07-09 15:57:59] [[32minfo[m] Registers per thread:       36
[2025-07-09 15:57:59] [[32minfo[m] Shared memory per block:    9216 bytes
[2025-07-09 15:57:59] [[32minfo[m] Local memory per thread:    0 bytes
[2025-07-09 15:57:59] [[32minfo[m] Kernel domain size [X/Y]:   [ 40320 / 2 ]

[15:57:59] [38;2;255;40;50m  0 %[0m
[15:58:00] [38;2;255;40;50m  1 %[0m  (T-00:01:28) 50/5000 steps
[15:58:01] [38;2;255;40;50m  2 %[0m  (T-00:01:09) 100/5000 steps
[15:58:01] [38;2;255;40;50m  3 %[0m  (T-00:01:08) 150/5000 steps
[15:58:02] [38;2;255;40;50m  4 %[0m  (T-00:01:07) 200/5000 steps
[15:58:03] [38;2;255;40;50m  5 %[0m  (T-00:01:07) 250/5000 steps
[15:58:04] [38;2;255;40;50m  6 %[0m  (T-00:01:06) 300/5000 steps
[15:58:04] [38;2;255;40;50m  7 %[0m  (T-00:01:05) 350/5000 steps
[15:58:05] [38;2;255;40;50m  8 %[0m  (T-00:01:04) 400/5000 steps
[15:58:06] [38;2;255;40;50m  9 %[0m  (T-00:01:04) 450/5000 steps
[15:58:06] [38;2;255;40;50m 10 %[0m  (T-00:01:03) 500/5000 steps
[15:58:07] [38;2;255;40;50m 11 %[0m  (T-00:01:02) 550/5000 steps
[15:58:08] [38;2;255;40;50m 12 %[0m  (T-00:01:02) 600/5000 steps
[15:58:08] [38;2;255;40;50m 13 %[0m  (T-00:01:01) 650/5000 steps
[15:58:09] [38;2;255;40;50m 14 %[0m  (T-00:01:00) 700/5000 steps
[15:58:10] [38;2;255;40;50m 15 %[0m  (T-00:01:00) 750/5000 steps
[15:58:11] [38;2;255;40;50m 16 %[0m  (T-00:00:59) 800/5000 steps
[15:58:11] [38;2;255;40;50m 17 %[0m  (T-00:00:58) 850/5000 steps
[15:58:12] [38;2;255;40;50m 18 %[0m  (T-00:00:57) 900/5000 steps
[15:58:13] [38;2;255;40;50m 19 %[0m  (T-00:00:57) 950/5000 steps
[15:58:13] [38;2;255;40;50m 20 %[0m  (T-00:00:56) 1000/5000 steps
[15:58:14] [38;2;255;40;50m 21 %[0m  (T-00:00:55) 1050/5000 steps
[15:58:15] [38;2;255;40;50m 22 %[0m  (T-00:00:55) 1100/5000 steps
[15:58:16] [38;2;255;40;50m 23 %[0m  (T-00:00:54) 1150/5000 steps
[15:58:16] [38;2;255;40;50m 24 %[0m  (T-00:00:53) 1200/5000 steps
[15:58:17] [38;2;255;40;50m 25 %[0m  (T-00:00:52) 1250/5000 steps
[15:58:18] [38;2;255;40;50m 26 %[0m  (T-00:00:52) 1300/5000 steps
[15:58:18] [38;2;255;40;50m 27 %[0m  (T-00:00:51) 1350/5000 steps
[15:58:19] [38;2;255;40;50m 28 %[0m  (T-00:00:50) 1400/5000 steps
[15:58:20] [38;2;255;40;50m 29 %[0m  (T-00:00:50) 1450/5000 steps
[15:58:20] [38;2;255;40;50m 30 %[0m  (T-00:00:49) 1500/5000 steps
[15:58:21] [38;2;255;40;50m 31 %[0m  (T-00:00:48) 1550/5000 steps
[15:58:22] [38;2;255;40;50m 32 %[0m  (T-00:00:47) 1600/5000 steps
[15:58:23] [38;2;255;40;50m 33 %[0m  (T-00:00:47) 1650/5000 steps
[15:58:23] [38;2;255;40;50m 34 %[0m  (T-00:00:46) 1700/5000 steps
[15:58:24] [38;2;255;40;50m 35 %[0m  (T-00:00:45) 1750/5000 steps
[15:58:25] [38;2;255;40;50m 36 %[0m  (T-00:00:45) 1800/5000 steps
[15:58:25] [38;2;255;40;50m 37 %[0m  (T-00:00:44) 1850/5000 steps
[15:58:26] [38;2;255;40;50m 38 %[0m  (T-00:00:43) 1900/5000 steps
[15:58:27] [38;2;255;40;50m 39 %[0m  (T-00:00:43) 1950/5000 steps
[15:58:28] [38;2;255;40;50m 40 %[0m  (T-00:00:42) 2000/5000 steps
[15:58:28] [38;2;255;40;50m 41 %[0m  (T-00:00:41) 2050/5000 steps
[15:58:29] [38;2;255;40;50m 42 %[0m  (T-00:00:40) 2100/5000 steps
[15:58:30] [38;2;255;40;50m 43 %[0m  (T-00:00:40) 2150/5000 steps
[15:58:30] [38;2;255;40;50m 44 %[0m  (T-00:00:39) 2200/5000 steps
[15:58:31] [38;2;255;40;50m 45 %[0m  (T-00:00:38) 2250/5000 steps
[15:58:32] [38;2;255;40;50m 46 %[0m  (T-00:00:38) 2300/5000 steps
[15:58:32] [38;2;255;40;50m 47 %[0m  (T-00:00:37) 2350/5000 steps
[15:58:33] [38;2;255;40;50m 48 %[0m  (T-00:00:36) 2400/5000 steps
[15:58:34] [38;2;255;40;50m 49 %[0m  (T-00:00:35) 2450/5000 steps
[15:58:35] [38;2;255;40;50m 50 %[0m  (T-00:00:35) 2500/5000 steps
[15:58:35] [38;2;255;40;50m 51 %[0m  (T-00:00:34) 2550/5000 steps
[15:58:36] [38;2;255;40;50m 52 %[0m  (T-00:00:33) 2600/5000 steps
[15:58:37] [38;2;255;40;50m 53 %[0m  (T-00:00:33) 2651/5000 steps
[15:58:37] [38;2;255;40;50m 54 %[0m  (T-00:00:31) 2700/5000 steps
[15:58:38] [38;2;255;40;50m 55 %[0m  (T-00:00:31) 2750/5000 steps
[15:58:39] [38;2;255;40;50m 56 %[0m  (T-00:00:31) 2800/5000 steps
[15:58:40] [38;2;255;40;50m 57 %[0m  (T-00:00:30) 2850/5000 steps
[15:58:40] [38;2;255;40;50m 58 %[0m  (T-00:00:29) 2900/5000 steps
[15:58:41] [38;2;255;40;50m 59 %[0m  (T-00:00:29) 2951/5000 steps
[15:58:42] [38;2;255;40;50m 60 %[0m  (T-00:00:27) 3000/5000 steps
[15:58:42] [38;2;255;40;50m 61 %[0m  (T-00:00:27) 3050/5000 steps
[15:58:43] [38;2;255;40;50m 62 %[0m  (T-00:00:26) 3100/5000 steps
[15:58:44] [38;2;255;40;50m 63 %[0m  (T-00:00:26) 3150/5000 steps
[15:58:44] [38;2;255;40;50m 64 %[0m  (T-00:00:25) 3200/5000 steps
[15:58:45] [38;2;255;40;50m 65 %[0m  (T-00:00:24) 3250/5000 steps
[15:58:46] [38;2;255;40;50m 66 %[0m  (T-00:00:24) 3300/5000 steps
[15:58:47] [38;2;255;40;50m 67 %[0m  (T-00:00:23) 3350/5000 steps
[15:58:47] [38;2;255;40;50m 68 %[0m  (T-00:00:22) 3400/5000 steps
[15:58:48] [38;2;255;40;50m 69 %[0m  (T-00:00:21) 3450/5000 steps
[15:58:49] [38;2;255;40;50m 70 %[0m  (T-00:00:21) 3500/5000 steps
[15:58:49] [38;2;255;40;50m 71 %[0m  (T-00:00:20) 3550/5000 steps
[15:58:50] [38;2;255;40;50m 72 %[0m  (T-00:00:19) 3600/5000 steps
[15:58:51] [38;2;255;40;50m 73 %[0m  (T-00:00:19) 3650/5000 steps
[15:58:51] [38;2;255;40;50m 74 %[0m  (T-00:00:18) 3700/5000 steps
[15:58:52] [38;2;255;40;50m 75 %[0m  (T-00:00:17) 3750/5000 steps
[15:58:53] [38;2;255;40;50m 76 %[0m  (T-00:00:16) 3800/5000 steps
[15:58:54] [38;2;255;40;50m 77 %[0m  (T-00:00:16) 3850/5000 steps
[15:58:54] [38;2;255;40;50m 78 %[0m  (T-00:00:15) 3900/5000 steps
[15:58:55] [38;2;255;40;50m 79 %[0m  (T-00:00:14) 3950/5000 steps
[15:58:56] [38;2;255;40;50m 80 %[0m  (T-00:00:14) 4000/5000 steps
[15:58:56] [38;2;255;40;50m 81 %[0m  (T-00:00:13) 4050/5000 steps
[15:58:57] [38;2;255;40;50m 82 %[0m  (T-00:00:12) 4100/5000 steps
[15:58:58] [38;2;255;40;50m 83 %[0m  (T-00:00:11) 4150/5000 steps
[15:58:59] [38;2;255;40;50m 84 %[0m  (T-00:00:11) 4200/5000 steps
[15:58:59] [38;2;255;40;50m 85 %[0m  (T-00:00:10) 4250/5000 steps
[15:59:00] [38;2;255;40;50m 86 %[0m  (T-00:00:09) 4300/5000 steps
[15:59:01] [38;2;255;40;50m 87 %[0m  (T-00:00:09) 4350/5000 steps
[15:59:01] [38;2;255;40;50m 88 %[0m  (T-00:00:08) 4400/5000 steps
[15:59:02] [38;2;255;40;50m 89 %[0m  (T-00:00:07) 4450/5000 steps
[15:59:03] [38;2;255;40;50m 90 %[0m  (T-00:00:07) 4500/5000 steps
[15:59:03] [38;2;255;40;50m 91 %[0m  (T-00:00:06) 4550/5000 steps
[15:59:04] [38;2;255;40;50m 92 %[0m  (T-00:00:05) 4600/5000 steps
[15:59:05] [38;2;255;40;50m 93 %[0m  (T-00:00:04) 4650/5000 steps
[15:59:06] [38;2;255;40;50m 94 %[0m  (T-00:00:04) 4700/5000 steps
[15:59:06] [38;2;255;40;50m 95 %[0m  (T-00:00:03) 4750/5000 steps
[15:59:07] [38;2;255;40;50m 96 %[0m  (T-00:00:02) 4800/5000 steps
[15:59:08] [38;2;255;40;50m 97 %[0m  (T-00:00:02) 4850/5000 steps
[15:59:08] [38;2;255;40;50m 98 %[0m  (T-00:00:01) 4900/5000 steps
[15:59:09] [38;2;255;40;50m 99 %[0m  (T-00:00:00) 4950/5000 steps
[15:59:10] [38;2;255;40;50m100 %[0m

[2025-07-09 15:59:10] [[32minfo[m] Simulation size [X/Y/N]:    [ 40320 / 40320 / 5000 ]
[2025-07-09 15:59:10] [[32minfo[m] Total execution time:       70.776 sec
[2025-07-09 15:59:10] [[32minfo[m] Step execution time:        14.155 ms
[2025-07-09 15:59:10] [[32minfo[m] BLUPS:                      114.848

[2025-07-09 15:59:10] [[32minfo[m] ------------------------------------------------------




============================= JOB FEEDBACK =============================

NodeName=uc3n077
Job ID: 683075
Cluster: uc3
User/Group: fr_fl184/fr_fr
State: FAILED (exit code 1)
Nodes: 1
Cores per node: 32
CPU Utilized: 00:13:48
CPU Efficiency: 6.65% of 03:27:28 core-walltime
Job Wall-clock time: 00:06:29
Memory Utilized: 3.02 GB
Memory Efficiency: 1.18% of 256.00 GB (256.00 GB/node)
