+ module load toolkit/nvidia-hpc-sdk/25.1
++ /opt/bwhpc/common/admin/modules/module-wrapper/modulecmd bash load toolkit/nvidia-hpc-sdk/25.1
+ eval 'CC=/software/bwhpc/common/toolkit/nvidia_hpc_sdk/25.1/Linux_x86_64/25.1/compilers/bin/nvc;' export 'CC;' '__LMOD_REF_COUNT_CPATH=/software/bwhpc/common/toolkit/nvidia_hpc_sdk/25.1/Linux_x86_64/25.1/compilers/extras/qd/include/qd:1\;/software/bwhpc/common/toolkit/nvidia_hpc_sdk/25.1/Linux_x86_64/25.1/comm_libs/nvshmem/include:1\;/software/bwhpc/common/toolkit/nvidia_hpc_sdk/25.1/Linux_x86_64/25.1/comm_libs/nccl/include:1\;/software/bwhpc/common/toolkit/nvidia_hpc_sdk/25.1/Linux_x86_64/25.1/math_libs/include:1;' export '__LMOD_REF_COUNT_CPATH;' 'CPATH=/software/bwhpc/common/toolkit/nvidia_hpc_sdk/25.1/Linux_x86_64/25.1/compilers/extras/qd/include/qd:/software/bwhpc/common/toolkit/nvidia_hpc_sdk/25.1/Linux_x86_64/25.1/comm_libs/nvshmem/include:/software/bwhpc/common/toolkit/nvidia_hpc_sdk/25.1/Linux_x86_64/25.1/comm_libs/nccl/include:/software/bwhpc/common/toolkit/nvidia_hpc_sdk/25.1/Linux_x86_64/25.1/math_libs/include;' export 'CPATH;' '__LMOD_REF_COUNT_CPLUS_INCLUDE_PATH=/software/bwhpc/common/toolkit/nvidia_hpc_sdk/25.1/Linux_x86_64/25.1/compilers/extras/qd/include/qd:1\;/software/bwhpc/common/toolkit/nvidia_hpc_sdk/25.1/Linux_x86_64/25.1/comm_libs/nvshmem/include:1\;/software/bwhpc/common/toolkit/nvidia_hpc_sdk/25.1/Linux_x86_64/25.1/comm_libs/nccl/include:1\;/software/bwhpc/common/toolkit/nvidia_hpc_sdk/25.1/Linux_x86_64/25.1/math_libs/include:1;' export '__LMOD_REF_COUNT_CPLUS_INCLUDE_PATH;' 'CPLUS_INCLUDE_PATH=/software/bwhpc/common/toolkit/nvidia_hpc_sdk/25.1/Linux_x86_64/25.1/compilers/extras/qd/include/qd:/software/bwhpc/common/toolkit/nvidia_hpc_sdk/25.1/Linux_x86_64/25.1/comm_libs/nvshmem/include:/software/bwhpc/common/toolkit/nvidia_hpc_sdk/25.1/Linux_x86_64/25.1/comm_libs/nccl/include:/software/bwhpc/common/toolkit/nvidia_hpc_sdk/25.1/Linux_x86_64/25.1/math_libs/include;' export 'CPLUS_INCLUDE_PATH;' 'CPP=cpp;' export 'CPP;' 'CXX=/software/bwhpc/common/toolkit/nvidia_hpc_sdk/25.1/Linux_x86_64/25.1/compilers/bin/nvc++;' export 'CXX;' '__LMOD_REF_COUNT_C_INCLUDE_PATH=/software/bwhpc/common/toolkit/nvidia_hpc_sdk/25.1/Linux_x86_64/25.1/compilers/extras/qd/include/qd:1\;/software/bwhpc/common/toolkit/nvidia_hpc_sdk/25.1/Linux_x86_64/25.1/comm_libs/nvshmem/include:1\;/software/bwhpc/common/toolkit/nvidia_hpc_sdk/25.1/Linux_x86_64/25.1/comm_libs/nccl/include:1\;/software/bwhpc/common/toolkit/nvidia_hpc_sdk/25.1/Linux_x86_64/25.1/math_libs/include:1;' export '__LMOD_REF_COUNT_C_INCLUDE_PATH;' 'C_INCLUDE_PATH=/software/bwhpc/common/toolkit/nvidia_hpc_sdk/25.1/Linux_x86_64/25.1/compilers/extras/qd/include/qd:/software/bwhpc/common/toolkit/nvidia_hpc_sdk/25.1/Linux_x86_64/25.1/comm_libs/nvshmem/include:/software/bwhpc/common/toolkit/nvidia_hpc_sdk/25.1/Linux_x86_64/25.1/comm_libs/nccl/include:/software/bwhpc/common/toolkit/nvidia_hpc_sdk/25.1/Linux_x86_64/25.1/math_libs/include;' export 'C_INCLUDE_PATH;' 'F77=/software/bwhpc/common/toolkit/nvidia_hpc_sdk/25.1/Linux_x86_64/25.1/compilers/bin/nvfortran;' export 'F77;' 'F90=/software/bwhpc/common/toolkit/nvidia_hpc_sdk/25.1/Linux_x86_64/25.1/compilers/bin/nvfortran;' export 'F90;' 'FC=/software/bwhpc/common/toolkit/nvidia_hpc_sdk/25.1/Linux_x86_64/25.1/compilers/bin/nvfortran;' export 'FC;' 'KIT_FAMILY_COMPILER=toolkit/nvidia-hpc-sdk;' export 'KIT_FAMILY_COMPILER;' 'KIT_FAMILY_COMPILER_VERSION=25.1;' export 'KIT_FAMILY_COMPILER_VERSION;' 'KIT_FAMILY_MPI=toolkit/nvidia-hpc-sdk;' export 'KIT_FAMILY_MPI;' 'KIT_FAMILY_MPI_VERSION=25.1;' export 'KIT_FAMILY_MPI_VERSION;' '__LMOD_REF_COUNT_LD_LIBRARY_PATH=/software/bwhpc/common/toolkit/nvidia_hpc_sdk/25.1/Linux_x86_64/25.1/comm_libs/nvshmem/lib:1\;/software/bwhpc/common/toolkit/nvidia_hpc_sdk/25.1/Linux_x86_64/25.1/comm_libs/nccl/lib:1\;/software/bwhpc/common/toolkit/nvidia_hpc_sdk/25.1/Linux_x86_64/25.1/math_libs/lib64:1\;/software/bwhpc/common/toolkit/nvidia_hpc_sdk/25.1/Linux_x86_64/25.1/compilers/lib:1\;/software/bwhpc/common/toolkit/nvidia_hpc_sdk/25.1/Linux_x86_64/25.1/compilers/extras/qd/lib:1\;/software/bwhpc/common/toolkit/nvidia_hpc_sdk/25.1/Linux_x86_64/25.1/cuda/lib64:1;' export '__LMOD_REF_COUNT_LD_LIBRARY_PATH;' 'LD_LIBRARY_PATH=/software/bwhpc/common/toolkit/nvidia_hpc_sdk/25.1/Linux_x86_64/25.1/comm_libs/nvshmem/lib:/software/bwhpc/common/toolkit/nvidia_hpc_sdk/25.1/Linux_x86_64/25.1/comm_libs/nccl/lib:/software/bwhpc/common/toolkit/nvidia_hpc_sdk/25.1/Linux_x86_64/25.1/math_libs/lib64:/software/bwhpc/common/toolkit/nvidia_hpc_sdk/25.1/Linux_x86_64/25.1/compilers/lib:/software/bwhpc/common/toolkit/nvidia_hpc_sdk/25.1/Linux_x86_64/25.1/compilers/extras/qd/lib:/software/bwhpc/common/toolkit/nvidia_hpc_sdk/25.1/Linux_x86_64/25.1/cuda/lib64;' export 'LD_LIBRARY_PATH;' 'LMOD_FAMILY_COMPILER=toolkit/nvidia-hpc-sdk;' export 'LMOD_FAMILY_COMPILER;' 'LMOD_FAMILY_COMPILER_VERSION=25.1;' export 'LMOD_FAMILY_COMPILER_VERSION;' 'LMOD_FAMILY_MPI=toolkit/nvidia-hpc-sdk;' export 'LMOD_FAMILY_MPI;' 'LMOD_FAMILY_MPI_VERSION=25.1;' export 'LMOD_FAMILY_MPI_VERSION;' 'LOADEDMODULES=toolkit/nvidia-hpc-sdk/25.1;' export 'LOADEDMODULES;' '__LMOD_REF_COUNT_MANPATH=/software/bwhpc/common/toolkit/nvidia_hpc_sdk/25.1/Linux_x86_64/25.1/compilers/man:1\;/usr/share/lmod/lmod/share/man:1\;/usr/share/man:1\;:1;' export '__LMOD_REF_COUNT_MANPATH;' 'MANPATH=/software/bwhpc/common/toolkit/nvidia_hpc_sdk/25.1/Linux_x86_64/25.1/compilers/man:/usr/share/lmod/lmod/share/man:/usr/share/man::;' export 'MANPATH;' '__LMOD_REF_COUNT_MODULEPATH=/opt/bwhpc/fr/modulefiles:1\;/opt/bwhpc/common/modulefiles:1;' export '__LMOD_REF_COUNT_MODULEPATH;' 'MODULEPATH=/opt/bwhpc/fr/modulefiles:/opt/bwhpc/common/modulefiles;' export 'MODULEPATH;' 'NVHPC=/software/bwhpc/common/toolkit/nvidia_hpc_sdk/25.1;' export 'NVHPC;' 'NVHPC_ROOT=/software/bwhpc/common/toolkit/nvidia_hpc_sdk/25.1/Linux_x86_64/25.1;' export 'NVHPC_ROOT;' '__LMOD_REF_COUNT_PATH=/software/bwhpc/common/toolkit/nvidia_hpc_sdk/25.1/Linux_x86_64/25.1/compilers/extras/qd/bin:1\;/software/bwhpc/common/toolkit/nvidia_hpc_sdk/25.1/Linux_x86_64/25.1/comm_libs/mpi/bin:1\;/software/bwhpc/common/toolkit/nvidia_hpc_sdk/25.1/Linux_x86_64/25.1/compilers/bin:1\;/software/bwhpc/common/toolkit/nvidia_hpc_sdk/25.1/Linux_x86_64/25.1/cuda/bin:1\;/home/fr/fr_fr/fr_fl184/.local/bin:1\;/home/fr/fr_fr/fr_fl184/bin:1\;/software/all/bin:1\;/usr/share/Modules/bin:1\;/usr/local/bin:1\;/usr/bin:1\;/usr/local/sbin:1\;/usr/sbin:1;' export '__LMOD_REF_COUNT_PATH;' 'PATH=/software/bwhpc/common/toolkit/nvidia_hpc_sdk/25.1/Linux_x86_64/25.1/compilers/extras/qd/bin:/software/bwhpc/common/toolkit/nvidia_hpc_sdk/25.1/Linux_x86_64/25.1/comm_libs/mpi/bin:/software/bwhpc/common/toolkit/nvidia_hpc_sdk/25.1/Linux_x86_64/25.1/compilers/bin:/software/bwhpc/common/toolkit/nvidia_hpc_sdk/25.1/Linux_x86_64/25.1/cuda/bin:/home/fr/fr_fr/fr_fl184/.local/bin:/home/fr/fr_fr/fr_fl184/bin:/software/all/bin:/usr/share/Modules/bin:/usr/local/bin:/usr/bin:/usr/local/sbin:/usr/sbin;' export 'PATH;' '_LMFILES_=/opt/bwhpc/common/modulefiles/toolkit/nvidia-hpc-sdk/25.1.lua;' export '_LMFILES_;' '_ModuleTable001_=X01vZHVsZVRhYmxlXyA9IHsKTVR2ZXJzaW9uID0gMywKY19yZWJ1aWxkVGltZSA9IGZhbHNlLApjX3Nob3J0VGltZSA9IGZhbHNlLApkZXB0aFQgPSB7fSwKZmFtaWx5ID0gewpjb21waWxlciA9ICJ0b29sa2l0L252aWRpYS1ocGMtc2RrIiwKbXBpID0gInRvb2xraXQvbnZpZGlhLWhwYy1zZGsiLAp9LAptVCA9IHsKWyJ0b29sa2l0L252aWRpYS1ocGMtc2RrIl0gPSB7CmZuID0gIi9vcHQvYndocGMvY29tbW9uL21vZHVsZWZpbGVzL3Rvb2xraXQvbnZpZGlhLWhwYy1zZGsvMjUuMS5sdWEiLApmdWxsTmFtZSA9ICJ0b29sa2l0L252aWRpYS1ocGMtc2RrLzI1LjEiLApsb2FkT3JkZXIgPSAxLApwcm9wVCA9IHt9LApzdGFja0RlcHRoID0gMCwKc3RhdHVzID0gImFjdGl2ZSIs;' export '_ModuleTable001_;' '_ModuleTable002_=CnVzZXJOYW1lID0gInRvb2xraXQvbnZpZGlhLWhwYy1zZGsvMjUuMSIsCndWID0gIjAwMDAwMDAyNS4wMDAwMDAwMDEuKnpmaW5hbCIsCn0sCn0sCm1wYXRoQSA9IHsKIi9vcHQvYndocGMvZnIvbW9kdWxlZmlsZXMiLCAiL29wdC9id2hwYy9jb21tb24vbW9kdWxlZmlsZXMiLAp9LApzeXN0ZW1CYXNlTVBBVEggPSAiL29wdC9id2hwYy9mci9tb2R1bGVmaWxlczovb3B0L2J3aHBjL2NvbW1vbi9tb2R1bGVmaWxlcyIsCn0K;' export '_ModuleTable002_;' '_ModuleTable_Sz_=2;' export '_ModuleTable_Sz_;'
++ CC=/software/bwhpc/common/toolkit/nvidia_hpc_sdk/25.1/Linux_x86_64/25.1/compilers/bin/nvc
++ export CC
++ __LMOD_REF_COUNT_CPATH='/software/bwhpc/common/toolkit/nvidia_hpc_sdk/25.1/Linux_x86_64/25.1/compilers/extras/qd/include/qd:1;/software/bwhpc/common/toolkit/nvidia_hpc_sdk/25.1/Linux_x86_64/25.1/comm_libs/nvshmem/include:1;/software/bwhpc/common/toolkit/nvidia_hpc_sdk/25.1/Linux_x86_64/25.1/comm_libs/nccl/include:1;/software/bwhpc/common/toolkit/nvidia_hpc_sdk/25.1/Linux_x86_64/25.1/math_libs/include:1'
++ export __LMOD_REF_COUNT_CPATH
++ CPATH=/software/bwhpc/common/toolkit/nvidia_hpc_sdk/25.1/Linux_x86_64/25.1/compilers/extras/qd/include/qd:/software/bwhpc/common/toolkit/nvidia_hpc_sdk/25.1/Linux_x86_64/25.1/comm_libs/nvshmem/include:/software/bwhpc/common/toolkit/nvidia_hpc_sdk/25.1/Linux_x86_64/25.1/comm_libs/nccl/include:/software/bwhpc/common/toolkit/nvidia_hpc_sdk/25.1/Linux_x86_64/25.1/math_libs/include
++ export CPATH
++ __LMOD_REF_COUNT_CPLUS_INCLUDE_PATH='/software/bwhpc/common/toolkit/nvidia_hpc_sdk/25.1/Linux_x86_64/25.1/compilers/extras/qd/include/qd:1;/software/bwhpc/common/toolkit/nvidia_hpc_sdk/25.1/Linux_x86_64/25.1/comm_libs/nvshmem/include:1;/software/bwhpc/common/toolkit/nvidia_hpc_sdk/25.1/Linux_x86_64/25.1/comm_libs/nccl/include:1;/software/bwhpc/common/toolkit/nvidia_hpc_sdk/25.1/Linux_x86_64/25.1/math_libs/include:1'
++ export __LMOD_REF_COUNT_CPLUS_INCLUDE_PATH
++ CPLUS_INCLUDE_PATH=/software/bwhpc/common/toolkit/nvidia_hpc_sdk/25.1/Linux_x86_64/25.1/compilers/extras/qd/include/qd:/software/bwhpc/common/toolkit/nvidia_hpc_sdk/25.1/Linux_x86_64/25.1/comm_libs/nvshmem/include:/software/bwhpc/common/toolkit/nvidia_hpc_sdk/25.1/Linux_x86_64/25.1/comm_libs/nccl/include:/software/bwhpc/common/toolkit/nvidia_hpc_sdk/25.1/Linux_x86_64/25.1/math_libs/include
++ export CPLUS_INCLUDE_PATH
++ CPP=cpp
++ export CPP
++ CXX=/software/bwhpc/common/toolkit/nvidia_hpc_sdk/25.1/Linux_x86_64/25.1/compilers/bin/nvc++
++ export CXX
++ __LMOD_REF_COUNT_C_INCLUDE_PATH='/software/bwhpc/common/toolkit/nvidia_hpc_sdk/25.1/Linux_x86_64/25.1/compilers/extras/qd/include/qd:1;/software/bwhpc/common/toolkit/nvidia_hpc_sdk/25.1/Linux_x86_64/25.1/comm_libs/nvshmem/include:1;/software/bwhpc/common/toolkit/nvidia_hpc_sdk/25.1/Linux_x86_64/25.1/comm_libs/nccl/include:1;/software/bwhpc/common/toolkit/nvidia_hpc_sdk/25.1/Linux_x86_64/25.1/math_libs/include:1'
++ export __LMOD_REF_COUNT_C_INCLUDE_PATH
++ C_INCLUDE_PATH=/software/bwhpc/common/toolkit/nvidia_hpc_sdk/25.1/Linux_x86_64/25.1/compilers/extras/qd/include/qd:/software/bwhpc/common/toolkit/nvidia_hpc_sdk/25.1/Linux_x86_64/25.1/comm_libs/nvshmem/include:/software/bwhpc/common/toolkit/nvidia_hpc_sdk/25.1/Linux_x86_64/25.1/comm_libs/nccl/include:/software/bwhpc/common/toolkit/nvidia_hpc_sdk/25.1/Linux_x86_64/25.1/math_libs/include
++ export C_INCLUDE_PATH
++ F77=/software/bwhpc/common/toolkit/nvidia_hpc_sdk/25.1/Linux_x86_64/25.1/compilers/bin/nvfortran
++ export F77
++ F90=/software/bwhpc/common/toolkit/nvidia_hpc_sdk/25.1/Linux_x86_64/25.1/compilers/bin/nvfortran
++ export F90
++ FC=/software/bwhpc/common/toolkit/nvidia_hpc_sdk/25.1/Linux_x86_64/25.1/compilers/bin/nvfortran
++ export FC
++ KIT_FAMILY_COMPILER=toolkit/nvidia-hpc-sdk
++ export KIT_FAMILY_COMPILER
++ KIT_FAMILY_COMPILER_VERSION=25.1
++ export KIT_FAMILY_COMPILER_VERSION
++ KIT_FAMILY_MPI=toolkit/nvidia-hpc-sdk
++ export KIT_FAMILY_MPI
++ KIT_FAMILY_MPI_VERSION=25.1
++ export KIT_FAMILY_MPI_VERSION
++ __LMOD_REF_COUNT_LD_LIBRARY_PATH='/software/bwhpc/common/toolkit/nvidia_hpc_sdk/25.1/Linux_x86_64/25.1/comm_libs/nvshmem/lib:1;/software/bwhpc/common/toolkit/nvidia_hpc_sdk/25.1/Linux_x86_64/25.1/comm_libs/nccl/lib:1;/software/bwhpc/common/toolkit/nvidia_hpc_sdk/25.1/Linux_x86_64/25.1/math_libs/lib64:1;/software/bwhpc/common/toolkit/nvidia_hpc_sdk/25.1/Linux_x86_64/25.1/compilers/lib:1;/software/bwhpc/common/toolkit/nvidia_hpc_sdk/25.1/Linux_x86_64/25.1/compilers/extras/qd/lib:1;/software/bwhpc/common/toolkit/nvidia_hpc_sdk/25.1/Linux_x86_64/25.1/cuda/lib64:1'
++ export __LMOD_REF_COUNT_LD_LIBRARY_PATH
++ LD_LIBRARY_PATH=/software/bwhpc/common/toolkit/nvidia_hpc_sdk/25.1/Linux_x86_64/25.1/comm_libs/nvshmem/lib:/software/bwhpc/common/toolkit/nvidia_hpc_sdk/25.1/Linux_x86_64/25.1/comm_libs/nccl/lib:/software/bwhpc/common/toolkit/nvidia_hpc_sdk/25.1/Linux_x86_64/25.1/math_libs/lib64:/software/bwhpc/common/toolkit/nvidia_hpc_sdk/25.1/Linux_x86_64/25.1/compilers/lib:/software/bwhpc/common/toolkit/nvidia_hpc_sdk/25.1/Linux_x86_64/25.1/compilers/extras/qd/lib:/software/bwhpc/common/toolkit/nvidia_hpc_sdk/25.1/Linux_x86_64/25.1/cuda/lib64
++ export LD_LIBRARY_PATH
++ LMOD_FAMILY_COMPILER=toolkit/nvidia-hpc-sdk
++ export LMOD_FAMILY_COMPILER
++ LMOD_FAMILY_COMPILER_VERSION=25.1
++ export LMOD_FAMILY_COMPILER_VERSION
++ LMOD_FAMILY_MPI=toolkit/nvidia-hpc-sdk
++ export LMOD_FAMILY_MPI
++ LMOD_FAMILY_MPI_VERSION=25.1
++ export LMOD_FAMILY_MPI_VERSION
++ LOADEDMODULES=toolkit/nvidia-hpc-sdk/25.1
++ export LOADEDMODULES
++ __LMOD_REF_COUNT_MANPATH='/software/bwhpc/common/toolkit/nvidia_hpc_sdk/25.1/Linux_x86_64/25.1/compilers/man:1;/usr/share/lmod/lmod/share/man:1;/usr/share/man:1;:1'
++ export __LMOD_REF_COUNT_MANPATH
++ MANPATH=/software/bwhpc/common/toolkit/nvidia_hpc_sdk/25.1/Linux_x86_64/25.1/compilers/man:/usr/share/lmod/lmod/share/man:/usr/share/man::
++ export MANPATH
++ __LMOD_REF_COUNT_MODULEPATH='/opt/bwhpc/fr/modulefiles:1;/opt/bwhpc/common/modulefiles:1'
++ export __LMOD_REF_COUNT_MODULEPATH
++ MODULEPATH=/opt/bwhpc/fr/modulefiles:/opt/bwhpc/common/modulefiles
++ export MODULEPATH
++ NVHPC=/software/bwhpc/common/toolkit/nvidia_hpc_sdk/25.1
++ export NVHPC
++ NVHPC_ROOT=/software/bwhpc/common/toolkit/nvidia_hpc_sdk/25.1/Linux_x86_64/25.1
++ export NVHPC_ROOT
++ __LMOD_REF_COUNT_PATH='/software/bwhpc/common/toolkit/nvidia_hpc_sdk/25.1/Linux_x86_64/25.1/compilers/extras/qd/bin:1;/software/bwhpc/common/toolkit/nvidia_hpc_sdk/25.1/Linux_x86_64/25.1/comm_libs/mpi/bin:1;/software/bwhpc/common/toolkit/nvidia_hpc_sdk/25.1/Linux_x86_64/25.1/compilers/bin:1;/software/bwhpc/common/toolkit/nvidia_hpc_sdk/25.1/Linux_x86_64/25.1/cuda/bin:1;/home/fr/fr_fr/fr_fl184/.local/bin:1;/home/fr/fr_fr/fr_fl184/bin:1;/software/all/bin:1;/usr/share/Modules/bin:1;/usr/local/bin:1;/usr/bin:1;/usr/local/sbin:1;/usr/sbin:1'
++ export __LMOD_REF_COUNT_PATH
++ PATH=/software/bwhpc/common/toolkit/nvidia_hpc_sdk/25.1/Linux_x86_64/25.1/compilers/extras/qd/bin:/software/bwhpc/common/toolkit/nvidia_hpc_sdk/25.1/Linux_x86_64/25.1/comm_libs/mpi/bin:/software/bwhpc/common/toolkit/nvidia_hpc_sdk/25.1/Linux_x86_64/25.1/compilers/bin:/software/bwhpc/common/toolkit/nvidia_hpc_sdk/25.1/Linux_x86_64/25.1/cuda/bin:/home/fr/fr_fr/fr_fl184/.local/bin:/home/fr/fr_fr/fr_fl184/bin:/software/all/bin:/usr/share/Modules/bin:/usr/local/bin:/usr/bin:/usr/local/sbin:/usr/sbin
++ export PATH
++ _LMFILES_=/opt/bwhpc/common/modulefiles/toolkit/nvidia-hpc-sdk/25.1.lua
++ export _LMFILES_
++ _ModuleTable001_=X01vZHVsZVRhYmxlXyA9IHsKTVR2ZXJzaW9uID0gMywKY19yZWJ1aWxkVGltZSA9IGZhbHNlLApjX3Nob3J0VGltZSA9IGZhbHNlLApkZXB0aFQgPSB7fSwKZmFtaWx5ID0gewpjb21waWxlciA9ICJ0b29sa2l0L252aWRpYS1ocGMtc2RrIiwKbXBpID0gInRvb2xraXQvbnZpZGlhLWhwYy1zZGsiLAp9LAptVCA9IHsKWyJ0b29sa2l0L252aWRpYS1ocGMtc2RrIl0gPSB7CmZuID0gIi9vcHQvYndocGMvY29tbW9uL21vZHVsZWZpbGVzL3Rvb2xraXQvbnZpZGlhLWhwYy1zZGsvMjUuMS5sdWEiLApmdWxsTmFtZSA9ICJ0b29sa2l0L252aWRpYS1ocGMtc2RrLzI1LjEiLApsb2FkT3JkZXIgPSAxLApwcm9wVCA9IHt9LApzdGFja0RlcHRoID0gMCwKc3RhdHVzID0gImFjdGl2ZSIs
++ export _ModuleTable001_
++ _ModuleTable002_=CnVzZXJOYW1lID0gInRvb2xraXQvbnZpZGlhLWhwYy1zZGsvMjUuMSIsCndWID0gIjAwMDAwMDAyNS4wMDAwMDAwMDEuKnpmaW5hbCIsCn0sCn0sCm1wYXRoQSA9IHsKIi9vcHQvYndocGMvZnIvbW9kdWxlZmlsZXMiLCAiL29wdC9id2hwYy9jb21tb24vbW9kdWxlZmlsZXMiLAp9LApzeXN0ZW1CYXNlTVBBVEggPSAiL29wdC9id2hwYy9mci9tb2R1bGVmaWxlczovb3B0L2J3aHBjL2NvbW1vbi9tb2R1bGVmaWxlcyIsCn0K
++ export _ModuleTable002_
++ _ModuleTable_Sz_=2
++ export _ModuleTable_Sz_
+ export CC=gcc
+ CC=gcc
+ export CXX=g++
+ CXX=g++
+ export CUDA_PATH=/software/bwhpc/common/toolkit/nvidia_hpc_sdk/25.1/Linux_x86_64/25.1/cuda
+ CUDA_PATH=/software/bwhpc/common/toolkit/nvidia_hpc_sdk/25.1/Linux_x86_64/25.1/cuda
+ cd /home/fr/fr_fr/fr_fl184/MightyBatticeLoltzmann
+ meson setup buildDir --wipe --buildtype=release
+ ninja -C buildDir implementations/cuda_mpi/cuda_mpi_04
+ mpirun --bind-to none --map-by ppr:4:node -np 32 ./buildDir/implementations/cuda_mpi/cuda_mpi_04 input_03.txt
--------------------------------------------------------------------------
Your job has requested more processes than the ppr for
this topology can support:

  App: ./buildDir/implementations/cuda_mpi/cuda_mpi_04
  Number of procs:  32
  PPR: 4:node

Please revise the conflict and try again.
--------------------------------------------------------------------------
+ mpirun --bind-to none --map-by ppr:4:node -np 24 ./buildDir/implementations/cuda_mpi/cuda_mpi_04 input_03.txt

+ mpirun --bind-to none --map-by ppr:4:node -np 20 ./buildDir/implementations/cuda_mpi/cuda_mpi_04 input_03.txt

+ mpirun --bind-to none --map-by ppr:3:node -np 16 ./buildDir/implementations/cuda_mpi/cuda_mpi_04 input_03.txt

+ mpirun --bind-to none --map-by ppr:2:node -np 12 ./buildDir/implementations/cuda_mpi/cuda_mpi_04 input_03.txt
[uc3n077:836525] *** An error occurred in MPI_Waitall
[uc3n077:836525] *** reported by process [3269459969,4]
[uc3n077:836525] *** on communicator MPI_COMM_WORLD
[uc3n077:836525] *** MPI_ERR_INTERN: internal error
[uc3n077:836525] *** MPI_ERRORS_ARE_FATAL (processes in this communicator will now abort,
[uc3n077:836525] ***    and potentially your MPI job)
[uc3n075.localdomain:882485] 8 more processes have sent help message help-mpi-errors.txt / mpi_errors_are_fatal
[uc3n075.localdomain:882485] Set MCA parameter "orte_base_help_aggregate" to 0 to see all help / error messages
+ mpirun --bind-to none --map-by ppr:2:node -np 8 ./buildDir/implementations/cuda_mpi/cuda_mpi_04 input_03.txt
[uc3n078:440643] *** An error occurred in MPI_Waitall
[uc3n078:440643] *** reported by process [3259957249,6]
[uc3n078:440643] *** on communicator MPI_COMM_WORLD
[uc3n078:440643] *** MPI_ERR_INTERN: internal error
[uc3n078:440643] *** MPI_ERRORS_ARE_FATAL (processes in this communicator will now abort,
[uc3n078:440643] ***    and potentially your MPI job)
[uc3n075.localdomain:882586] 4 more processes have sent help message help-mpi-errors.txt / mpi_errors_are_fatal
[uc3n075.localdomain:882586] Set MCA parameter "orte_base_help_aggregate" to 0 to see all help / error messages
+ mpirun --bind-to none --map-by ppr:1:node -np 4 ./buildDir/implementations/cuda_mpi/cuda_mpi_04 input_03.txt
[uc3n078:440723:1:440769] Caught signal 11 (Segmentation fault: address not mapped to object at address (nil))
[uc3n078:440723] *** Process received signal ***
[uc3n078:440723] Signal: Segmentation fault (11)
[uc3n078:440723] Signal code: Address not mapped (1)
[uc3n078:440723] Failing at address: (nil)
[uc3n078:440723] [ 0] /lib64/libc.so.6(+0x3e6f0)[0x14732c23e6f0]
[uc3n078:440723] [ 1] /lib64/libibverbs.so.1(ibv_dereg_mr+0xc)[0x14732725063c]
[uc3n078:440723] [ 2] /pfs/data6/software_uc3/bwhpc/common/toolkit/nvidia_hpc_sdk/25.1/Linux_x86_64/25.1/comm_libs/12.6/hpcx/hpcx-2.21/ucx/mt/lib/ucx/libuct_ib.so.0(uct_ib_dereg_mr+0x6)[0x14732728a6d6]
[uc3n078:440723] [ 3] /pfs/data6/software_uc3/bwhpc/common/toolkit/nvidia_hpc_sdk/25.1/Linux_x86_64/25.1/comm_libs/12.6/hpcx/hpcx-2.21/ucx/mt/lib/ucx/libuct_ib.so.0(uct_ib_md_mem_handle_thread_func+0x108)[0x147327289eb8]
[uc3n078:440723] [ 4] /lib64/libc.so.6(+0x89c0a)[0x14732c289c0a]
[uc3n078:440723] [ 5] /lib64/libc.so.6(+0x10ec60)[0x14732c30ec60]
[uc3n078:440723] *** End of error message ***
[uc3n075:882687] *** An error occurred in MPI_Waitall
[uc3n075:882687] *** reported by process [3258449921,0]
[uc3n075:882687] *** on communicator MPI_COMM_WORLD
[uc3n075:882687] *** MPI_ERR_INTERN: internal error
[uc3n075:882687] *** MPI_ERRORS_ARE_FATAL (processes in this communicator will now abort,
[uc3n075:882687] ***    and potentially your MPI job)
[uc3n076:629879:1:629913] Caught signal 11 (Segmentation fault: address not mapped to object at address (nil))
[uc3n076:629879] *** Process received signal ***
[uc3n076:629879] Signal: Segmentation fault (11)
[uc3n076:629879] Signal code: Address not mapped (1)
[uc3n076:629879] Failing at address: (nil)
[uc3n075.localdomain:882669] 1 more process has sent help message help-mpi-errors.txt / mpi_errors_are_fatal
[uc3n075.localdomain:882669] Set MCA parameter "orte_base_help_aggregate" to 0 to see all help / error messages
+ mpirun --bind-to none --map-by ppr:4:node -np 32 ./buildDir/implementations/cuda_mpi/cuda_mpi_04 input_02.txt
--------------------------------------------------------------------------
Your job has requested more processes than the ppr for
this topology can support:

  App: ./buildDir/implementations/cuda_mpi/cuda_mpi_04
  Number of procs:  32
  PPR: 4:node

Please revise the conflict and try again.
--------------------------------------------------------------------------
+ mpirun --bind-to none --map-by ppr:4:node -np 24 ./buildDir/implementations/cuda_mpi/cuda_mpi_04 input_02.txt

+ mpirun --bind-to none --map-by ppr:4:node -np 20 ./buildDir/implementations/cuda_mpi/cuda_mpi_04 input_02.txt

