The Meson build system
Version: 1.5.1
Source dir: /pfs/data6/home/fr/fr_fr/fr_fl184/MightyBatticeLoltzmann
Build dir: /pfs/data6/home/fr/fr_fr/fr_fl184/MightyBatticeLoltzmann/buildDir
Build type: native build
Project name: MightyBatticeLoltzmann
Project version: 0.1
C compiler for the host machine: gcc (gcc 11.4.1 "gcc (GCC) 11.4.1 20231218 (Red Hat 11.4.1-4)")
C linker for the host machine: gcc ld.bfd 2.35.2-43
C++ compiler for the host machine: g++ (gcc 11.4.1 "g++ (GCC) 11.4.1 20231218 (Red Hat 11.4.1-4)")
C++ linker for the host machine: g++ ld.bfd 2.35.2-43
Cuda compiler for the host machine: nvcc (nvcc 12.6.85
Build cuda_12.6.r12.6/compiler.35059454_0)
Cuda linker for the host machine: nvcc nvlink 12.6.85
Build cuda_12.6.r12.6/compiler.35059454_0
Host machine cpu family: x86_64
Host machine cpu: x86_64
Run-time dependency CUDA (modules: cudart_static) found: YES 12.6 (/software/bwhpc/common/toolkit/nvidia_hpc_sdk/25.1/Linux_x86_64/25.1/cuda)
WARNING: You should add the boolean check kwarg to the run_command call.
         It currently defaults to false,
         but it will default to true in future releases of meson.
         See also: https://github.com/mesonbuild/meson/issues/9300
Found pkg-config: YES (/usr/bin/pkg-config) 1.7.3
Found CMake: /usr/bin/cmake (3.26.5)
Run-time dependency spdlog found: NO (tried pkgconfig and cmake)
Looking for a fallback subproject for the dependency spdlog

Executing subproject spdlog 

spdlog| Project name: spdlog
spdlog| Project version: 1.15.2
spdlog| C++ compiler for the host machine: g++ (gcc 11.4.1 "g++ (GCC) 11.4.1 20231218 (Red Hat 11.4.1-4)")
spdlog| C++ linker for the host machine: g++ ld.bfd 2.35.2-43
spdlog| Run-time dependency threads found: YES
spdlog| Header "format" has symbol "__cpp_lib_format" : NO
spdlog| Run-time dependency fmt found: NO (tried pkgconfig and cmake)
spdlog| Looking for a fallback subproject for the dependency fmt

Executing subproject spdlog:fmt

fmt| Project name: fmt
fmt| Project version: 11.2.0
fmt| C++ compiler for the host machine: g++ (gcc 11.4.1 "g++ (GCC) 11.4.1 20231218 (Red Hat 11.4.1-4)")
fmt| C++ linker for the host machine: g++ ld.bfd 2.35.2-43
fmt| Build targets in project: 1
fmt| Subproject fmt finished.

spdlog| Dependency fmt found: YES 11.2.0 (overridden)
spdlog| Run-time dependency catch2-with-main found: NO (tried pkgconfig and cmake)
spdlog| Message: Skipping tests since Catch2 was not found
spdlog| Build targets in project: 2
spdlog| Subproject spdlog finished.

Dependency spdlog from subproject subprojects/spdlog-1.15.2 found: YES 1.15.2
Message: MPI found
WARNING: Build target lib has no sources. This was never supposed to be allowed but did because of a bug, support will be removed in a future release of Meson
Run-time dependency GTest found: NO (tried pkgconfig and system)
Looking for a fallback subproject for the dependency gtest

Executing subproject gtest 

gtest| Project name: gtest
gtest| Project version: 1.15.2
gtest| C++ compiler for the host machine: g++ (gcc 11.4.1 "g++ (GCC) 11.4.1 20231218 (Red Hat 11.4.1-4)")
gtest| C++ linker for the host machine: g++ ld.bfd 2.35.2-43
gtest| Dependency threads found: YES unknown (cached)
gtest| Build targets in project: 36
gtest| Subproject gtest finished.

Dependency gtest from subproject subprojects/googletest-1.15.2 found: YES 1.15.2
Build targets in project: 37

MightyBatticeLoltzmann 0.1

  Subprojects
    fmt      : YES (from spdlog)
    gtest    : YES
    spdlog   : YES

  User defined options
    buildtype: release

Found ninja-1.10.2 at /usr/bin/ninja
ninja: Entering directory `buildDir'
[1/18] Linking static target implementations/liblib.a
[2/18] Compiling C++ object subprojects/fmt-11.2.0/libfmt.so.p/src_os.cc.o
[3/18] Compiling C++ object subprojects/spdlog-1.15.2/src/libspdlog.so.1.15.2.p/cfg.cpp.o
[4/18] Compiling C++ object subprojects/spdlog-1.15.2/src/libspdlog.so.1.15.2.p/async.cpp.o
[5/18] Compiling C++ object subprojects/spdlog-1.15.2/src/libspdlog.so.1.15.2.p/stdout_sinks.cpp.o
[6/18] Compiling C++ object implementations/cuda_mpi/cuda_mpi_04.p/tools_data_export.cpp.o
../implementations/cuda_mpi/tools/data_export.cpp: In function ‘void ExportScalarFieldFromMPIDevices(const float*, SimulationData, MPI_Comm, const string&, const string&, const string&, uint32_t, uint32_t, uint32_t, uint32_t, uint32_t, uint32_t, uint32_t, int)’:
../implementations/cuda_mpi/tools/data_export.cpp:34:20: warning: unused parameter ‘N_X’ [-Wunused-parameter]
   34 |     const uint32_t N_X, const uint32_t N_Y,
      |     ~~~~~~~~~~~~~~~^~~
../implementations/cuda_mpi/tools/data_export.cpp:34:40: warning: unused parameter ‘N_Y’ [-Wunused-parameter]
   34 |     const uint32_t N_X, const uint32_t N_Y,
      |                         ~~~~~~~~~~~~~~~^~~
../implementations/cuda_mpi/tools/data_export.cpp:35:46: warning: unused parameter ‘N_Y_TOTAL’ [-Wunused-parameter]
   35 |     const uint32_t N_X_TOTAL, const uint32_t N_Y_TOTAL,
      |                               ~~~~~~~~~~~~~~~^~~~~~~~~
../implementations/cuda_mpi/tools/data_export.cpp: In function ‘void ExportSimulationData(const SimulationExportContext&, const SimulationData&, const string&, const string&, uint32_t)’:
../implementations/cuda_mpi/tools/data_export.cpp:88:9: warning: unused variable ‘dvc_u_mag’ [-Wunused-variable]
   88 |     FP* dvc_u_mag = nullptr;
      |         ^~~~~~~~~
[7/18] Compiling C++ object subprojects/spdlog-1.15.2/src/libspdlog.so.1.15.2.p/file_sinks.cpp.o
[8/18] Compiling C++ object implementations/cuda_mpi/cuda_mpi_04.p/04_src_main.cpp.o
In file included from ../implementations/cuda_mpi/04/src/main.cpp:17:
../implementations/cuda_mpi/04/src/../../tools/utilities.h: In function ‘int DisplayProgressBar(uint32_t, uint32_t, bool, double, double, double, double)’:
../implementations/cuda_mpi/04/src/../../tools/utilities.h:309:16: warning: unused variable ‘misc_time’ [-Wunused-variable]
  309 |         double misc_time = (acc_total_step_time - acc_communication_time
      |                ^~~~~~~~~
../implementations/cuda_mpi/04/src/../../tools/utilities.h:313:16: warning: unused variable ‘comm_pct’ [-Wunused-variable]
  313 |         double comm_pct  = (100.0 * comm_time)  / step_time;
      |                ^~~~~~~~
../implementations/cuda_mpi/04/src/../../tools/utilities.h:314:16: warning: unused variable ‘inner_pct’ [-Wunused-variable]
  314 |         double inner_pct = (100.0 * inner_time) / step_time;
      |                ^~~~~~~~~
../implementations/cuda_mpi/04/src/../../tools/utilities.h:315:16: warning: unused variable ‘outer_pct’ [-Wunused-variable]
  315 |         double outer_pct = (100.0 * outer_time) / step_time;
      |                ^~~~~~~~~
../implementations/cuda_mpi/04/src/../../tools/utilities.h:285:10: warning: unused parameter ‘extended’ [-Wunused-parameter]
  285 |     bool extended = false,
      |     ~~~~~^~~~~~~~~~~~~~~~
../implementations/cuda_mpi/04/src/main.cpp: In function ‘int main(int, char**)’:
../implementations/cuda_mpi/04/src/main.cpp:143:20: warning: unused variable ‘N_CELLS_TOTAL’ [-Wunused-variable]
  143 |     const uint64_t N_CELLS_TOTAL =  N_X_TOTAL * N_Y_TOTAL;
      |                    ^~~~~~~~~~~~~
../implementations/cuda_mpi/04/src/main.cpp:180:20: warning: unused variable ‘Y_END’ [-Wunused-variable]
  180 |     const uint32_t Y_END =          Y_START + N_Y - 1;
      |                    ^~~~~
[9/18] Compiling C++ object subprojects/spdlog-1.15.2/src/libspdlog.so.1.15.2.p/color_sinks.cpp.o
[10/18] Compiling C++ object subprojects/fmt-11.2.0/libfmt.so.p/src_format.cc.o
[11/18] Linking target subprojects/fmt-11.2.0/libfmt.so
[12/18] Generating symbol file subprojects/fmt-11.2.0/libfmt.so.p/libfmt.so.symbols
[13/18] Compiling C++ object subprojects/spdlog-1.15.2/src/libspdlog.so.1.15.2.p/spdlog.cpp.o
[14/18] Linking target subprojects/spdlog-1.15.2/src/libspdlog.so.1.15.2
[15/18] Generating symbol file subprojects/spdlog-1.15.2/src/libspdlog.so.1.15.2.p/libspdlog.so.1.15.2.symbols
[16/18] Compiling Cuda object implementations/cuda_mpi/cuda_mpi_04.p/04_src_initialization.cu.o
../subprojects/fmt-11.2.0/include/fmt/base.h(473): warning #128-D: loop is not reachable
    for (; n != 0; ++s1, ++s2, --n) {
    ^
          detected during:
            instantiation of "auto fmt::v11::detail::compare(const Char *, const Char *, std::size_t)->int [with Char=char]" at line 591
            instantiation of "auto fmt::v11::basic_string_view<Char>::compare(fmt::v11::basic_string_view<Char>) const->int [with Char=char]" at line 598
            instantiation of class "fmt::v11::basic_string_view<Char> [with Char=char]" at line 2642
            instantiation of "auto fmt::v11::basic_format_args<Context>::get_id(fmt::v11::basic_string_view<Char>) const->int [with Context=fmt::v11::context, Char=char]" at line 2685

Remark: The warnings can be suppressed with "-diag-suppress <warning-number>"

../subprojects/fmt-11.2.0/include/fmt/format.h(2597): warning #2417-D: constexpr constructor calls non-constexpr function "fmt::v11::basic_memory_buffer<T, SIZE, Allocator>::basic_memory_buffer(const Allocator &) [with T=fmt::v11::detail::bigint::bigit, SIZE=32UL, Allocator=fmt::v11::detail::allocator<fmt::v11::detail::bigint::bigit>]"
    constexpr bigint() : exp_(0) {}
                                 ^

../subprojects/fmt-11.2.0/include/fmt/base.h(473): warning #128-D: loop is not reachable
    for (; n != 0; ++s1, ++s2, --n) {
    ^
          detected during:
            instantiation of "auto fmt::v11::detail::compare(const Char *, const Char *, std::size_t)->int [with Char=char]" at line 591
            instantiation of "auto fmt::v11::basic_string_view<Char>::compare(fmt::v11::basic_string_view<Char>) const->int [with Char=char]" at line 598
            instantiation of class "fmt::v11::basic_string_view<Char> [with Char=char]" at line 2642
            instantiation of "auto fmt::v11::basic_format_args<Context>::get_id(fmt::v11::basic_string_view<Char>) const->int [with Context=fmt::v11::context, Char=char]" at line 2685

Remark: The warnings can be suppressed with "-diag-suppress <warning-number>"

../subprojects/fmt-11.2.0/include/fmt/format.h(2597): warning #2417-D: constexpr constructor calls non-constexpr function "fmt::v11::basic_memory_buffer<T, SIZE, Allocator>::basic_memory_buffer(const Allocator &) [with T=fmt::v11::detail::bigint::bigit, SIZE=32UL, Allocator=fmt::v11::detail::allocator<fmt::v11::detail::bigint::bigit>]"
    constexpr bigint() : exp_(0) {}
                                 ^

../subprojects/fmt-11.2.0/include/fmt/base.h(473): warning #128-D: loop is not reachable
    for (; n != 0; ++s1, ++s2, --n) {
    ^
          detected during:
            instantiation of "auto fmt::v11::detail::compare(const Char *, const Char *, std::size_t)->int [with Char=char]" at line 591
            instantiation of "auto fmt::v11::basic_string_view<Char>::compare(fmt::v11::basic_string_view<Char>) const->int [with Char=char]" at line 598
            instantiation of class "fmt::v11::basic_string_view<Char> [with Char=char]" at line 2642
            instantiation of "auto fmt::v11::basic_format_args<Context>::get_id(fmt::v11::basic_string_view<Char>) const->int [with Context=fmt::v11::context, Char=char]" at line 2685

Remark: The warnings can be suppressed with "-diag-suppress <warning-number>"

../subprojects/fmt-11.2.0/include/fmt/format.h(2597): warning #2417-D: constexpr constructor calls non-constexpr function "fmt::v11::basic_memory_buffer<T, SIZE, Allocator>::basic_memory_buffer(const Allocator &) [with T=fmt::v11::detail::bigint::bigit, SIZE=32UL, Allocator=fmt::v11::detail::allocator<fmt::v11::detail::bigint::bigit>]"
    constexpr bigint() : exp_(0) {}
                                 ^

../subprojects/fmt-11.2.0/include/fmt/base.h(473): warning #128-D: loop is not reachable
    for (; n != 0; ++s1, ++s2, --n) {
    ^
          detected during:
            instantiation of "auto fmt::v11::detail::compare(const Char *, const Char *, std::size_t)->int [with Char=char]" at line 591
            instantiation of "auto fmt::v11::basic_string_view<Char>::compare(fmt::v11::basic_string_view<Char>) const->int [with Char=char]" at line 598
            instantiation of class "fmt::v11::basic_string_view<Char> [with Char=char]" at line 2642
            instantiation of "auto fmt::v11::basic_format_args<Context>::get_id(fmt::v11::basic_string_view<Char>) const->int [with Context=fmt::v11::context, Char=char]" at line 2685

Remark: The warnings can be suppressed with "-diag-suppress <warning-number>"

../subprojects/fmt-11.2.0/include/fmt/format.h(2597): warning #2417-D: constexpr constructor calls non-constexpr function "fmt::v11::basic_memory_buffer<T, SIZE, Allocator>::basic_memory_buffer(const Allocator &) [with T=fmt::v11::detail::bigint::bigit, SIZE=32UL, Allocator=fmt::v11::detail::allocator<fmt::v11::detail::bigint::bigit>]"
    constexpr bigint() : exp_(0) {}
                                 ^

../subprojects/fmt-11.2.0/include/fmt/base.h(473): warning #128-D: loop is not reachable
    for (; n != 0; ++s1, ++s2, --n) {
    ^
          detected during:
            instantiation of "auto fmt::v11::detail::compare(const Char *, const Char *, std::size_t)->int [with Char=char]" at line 591
            instantiation of "auto fmt::v11::basic_string_view<Char>::compare(fmt::v11::basic_string_view<Char>) const->int [with Char=char]" at line 598
            instantiation of class "fmt::v11::basic_string_view<Char> [with Char=char]" at line 2642
            instantiation of "auto fmt::v11::basic_format_args<Context>::get_id(fmt::v11::basic_string_view<Char>) const->int [with Context=fmt::v11::context, Char=char]" at line 2685

Remark: The warnings can be suppressed with "-diag-suppress <warning-number>"

../subprojects/fmt-11.2.0/include/fmt/format.h(2597): warning #2417-D: constexpr constructor calls non-constexpr function "fmt::v11::basic_memory_buffer<T, SIZE, Allocator>::basic_memory_buffer(const Allocator &) [with T=fmt::v11::detail::bigint::bigit, SIZE=32UL, Allocator=fmt::v11::detail::allocator<fmt::v11::detail::bigint::bigit>]"
    constexpr bigint() : exp_(0) {}
                                 ^

../subprojects/fmt-11.2.0/include/fmt/base.h(473): warning #128-D: loop is not reachable
    for (; n != 0; ++s1, ++s2, --n) {
    ^
          detected during:
            instantiation of "auto fmt::v11::detail::compare(const Char *, const Char *, std::size_t)->int [with Char=char]" at line 591
            instantiation of "auto fmt::v11::basic_string_view<Char>::compare(fmt::v11::basic_string_view<Char>) const->int [with Char=char]" at line 598
            instantiation of class "fmt::v11::basic_string_view<Char> [with Char=char]" at line 2642
            instantiation of "auto fmt::v11::basic_format_args<Context>::get_id(fmt::v11::basic_string_view<Char>) const->int [with Context=fmt::v11::context, Char=char]" at line 2685

Remark: The warnings can be suppressed with "-diag-suppress <warning-number>"

../subprojects/fmt-11.2.0/include/fmt/format.h(2597): warning #2417-D: constexpr constructor calls non-constexpr function "fmt::v11::basic_memory_buffer<T, SIZE, Allocator>::basic_memory_buffer(const Allocator &) [with T=fmt::v11::detail::bigint::bigit, SIZE=32UL, Allocator=fmt::v11::detail::allocator<fmt::v11::detail::bigint::bigit>]"
    constexpr bigint() : exp_(0) {}
                                 ^

../subprojects/fmt-11.2.0/include/fmt/base.h(473): warning #128-D: loop is not reachable
    for (; n != 0; ++s1, ++s2, --n) {
    ^
          detected during:
            instantiation of "auto fmt::v11::detail::compare(const Char *, const Char *, std::size_t)->int [with Char=char]" at line 591
            instantiation of "auto fmt::v11::basic_string_view<Char>::compare(fmt::v11::basic_string_view<Char>) const->int [with Char=char]" at line 598
            instantiation of class "fmt::v11::basic_string_view<Char> [with Char=char]" at line 2642
            instantiation of "auto fmt::v11::basic_format_args<Context>::get_id(fmt::v11::basic_string_view<Char>) const->int [with Context=fmt::v11::context, Char=char]" at line 2685

Remark: The warnings can be suppressed with "-diag-suppress <warning-number>"

../subprojects/fmt-11.2.0/include/fmt/format.h(2597): warning #2417-D: constexpr constructor calls non-constexpr function "fmt::v11::basic_memory_buffer<T, SIZE, Allocator>::basic_memory_buffer(const Allocator &) [with T=fmt::v11::detail::bigint::bigit, SIZE=32UL, Allocator=fmt::v11::detail::allocator<fmt::v11::detail::bigint::bigit>]"
    constexpr bigint() : exp_(0) {}
                                 ^

../subprojects/fmt-11.2.0/include/fmt/base.h(473): warning #128-D: loop is not reachable
    for (; n != 0; ++s1, ++s2, --n) {
    ^
          detected during:
            instantiation of "auto fmt::v11::detail::compare(const Char *, const Char *, std::size_t)->int [with Char=char]" at line 591
            instantiation of "auto fmt::v11::basic_string_view<Char>::compare(fmt::v11::basic_string_view<Char>) const->int [with Char=char]" at line 598
            instantiation of class "fmt::v11::basic_string_view<Char> [with Char=char]" at line 2642
            instantiation of "auto fmt::v11::basic_format_args<Context>::get_id(fmt::v11::basic_string_view<Char>) const->int [with Context=fmt::v11::context, Char=char]" at line 2685

Remark: The warnings can be suppressed with "-diag-suppress <warning-number>"

../subprojects/fmt-11.2.0/include/fmt/format.h(2597): warning #2417-D: constexpr constructor calls non-constexpr function "fmt::v11::basic_memory_buffer<T, SIZE, Allocator>::basic_memory_buffer(const Allocator &) [with T=fmt::v11::detail::bigint::bigit, SIZE=32UL, Allocator=fmt::v11::detail::allocator<fmt::v11::detail::bigint::bigit>]"
    constexpr bigint() : exp_(0) {}
                                 ^

[17/18] Compiling Cuda object implementations/cuda_mpi/cuda_mpi_04.p/04_src_simulation.cu.o
../subprojects/fmt-11.2.0/include/fmt/base.h(473): warning #128-D: loop is not reachable
    for (; n != 0; ++s1, ++s2, --n) {
    ^
          detected during:
            instantiation of "auto fmt::v11::detail::compare(const Char *, const Char *, std::size_t)->int [with Char=char]" at line 591
            instantiation of "auto fmt::v11::basic_string_view<Char>::compare(fmt::v11::basic_string_view<Char>) const->int [with Char=char]" at line 598
            instantiation of class "fmt::v11::basic_string_view<Char> [with Char=char]" at line 2642
            instantiation of "auto fmt::v11::basic_format_args<Context>::get_id(fmt::v11::basic_string_view<Char>) const->int [with Context=fmt::v11::context, Char=char]" at line 2685

Remark: The warnings can be suppressed with "-diag-suppress <warning-number>"

../subprojects/fmt-11.2.0/include/fmt/format.h(2597): warning #2417-D: constexpr constructor calls non-constexpr function "fmt::v11::basic_memory_buffer<T, SIZE, Allocator>::basic_memory_buffer(const Allocator &) [with T=fmt::v11::detail::bigint::bigit, SIZE=32UL, Allocator=fmt::v11::detail::allocator<fmt::v11::detail::bigint::bigit>]"
    constexpr bigint() : exp_(0) {}
                                 ^

../subprojects/fmt-11.2.0/include/fmt/base.h(473): warning #128-D: loop is not reachable
    for (; n != 0; ++s1, ++s2, --n) {
    ^
          detected during:
            instantiation of "auto fmt::v11::detail::compare(const Char *, const Char *, std::size_t)->int [with Char=char]" at line 591
            instantiation of "auto fmt::v11::basic_string_view<Char>::compare(fmt::v11::basic_string_view<Char>) const->int [with Char=char]" at line 598
            instantiation of class "fmt::v11::basic_string_view<Char> [with Char=char]" at line 2642
            instantiation of "auto fmt::v11::basic_format_args<Context>::get_id(fmt::v11::basic_string_view<Char>) const->int [with Context=fmt::v11::context, Char=char]" at line 2685

Remark: The warnings can be suppressed with "-diag-suppress <warning-number>"

../subprojects/fmt-11.2.0/include/fmt/format.h(2597): warning #2417-D: constexpr constructor calls non-constexpr function "fmt::v11::basic_memory_buffer<T, SIZE, Allocator>::basic_memory_buffer(const Allocator &) [with T=fmt::v11::detail::bigint::bigit, SIZE=32UL, Allocator=fmt::v11::detail::allocator<fmt::v11::detail::bigint::bigit>]"
    constexpr bigint() : exp_(0) {}
                                 ^

../subprojects/fmt-11.2.0/include/fmt/base.h(473): warning #128-D: loop is not reachable
    for (; n != 0; ++s1, ++s2, --n) {
    ^
          detected during:
            instantiation of "auto fmt::v11::detail::compare(const Char *, const Char *, std::size_t)->int [with Char=char]" at line 591
            instantiation of "auto fmt::v11::basic_string_view<Char>::compare(fmt::v11::basic_string_view<Char>) const->int [with Char=char]" at line 598
            instantiation of class "fmt::v11::basic_string_view<Char> [with Char=char]" at line 2642
            instantiation of "auto fmt::v11::basic_format_args<Context>::get_id(fmt::v11::basic_string_view<Char>) const->int [with Context=fmt::v11::context, Char=char]" at line 2685

Remark: The warnings can be suppressed with "-diag-suppress <warning-number>"

../subprojects/fmt-11.2.0/include/fmt/format.h(2597): warning #2417-D: constexpr constructor calls non-constexpr function "fmt::v11::basic_memory_buffer<T, SIZE, Allocator>::basic_memory_buffer(const Allocator &) [with T=fmt::v11::detail::bigint::bigit, SIZE=32UL, Allocator=fmt::v11::detail::allocator<fmt::v11::detail::bigint::bigit>]"
    constexpr bigint() : exp_(0) {}
                                 ^

../subprojects/fmt-11.2.0/include/fmt/base.h(473): warning #128-D: loop is not reachable
    for (; n != 0; ++s1, ++s2, --n) {
    ^
          detected during:
            instantiation of "auto fmt::v11::detail::compare(const Char *, const Char *, std::size_t)->int [with Char=char]" at line 591
            instantiation of "auto fmt::v11::basic_string_view<Char>::compare(fmt::v11::basic_string_view<Char>) const->int [with Char=char]" at line 598
            instantiation of class "fmt::v11::basic_string_view<Char> [with Char=char]" at line 2642
            instantiation of "auto fmt::v11::basic_format_args<Context>::get_id(fmt::v11::basic_string_view<Char>) const->int [with Context=fmt::v11::context, Char=char]" at line 2685

Remark: The warnings can be suppressed with "-diag-suppress <warning-number>"

../subprojects/fmt-11.2.0/include/fmt/format.h(2597): warning #2417-D: constexpr constructor calls non-constexpr function "fmt::v11::basic_memory_buffer<T, SIZE, Allocator>::basic_memory_buffer(const Allocator &) [with T=fmt::v11::detail::bigint::bigit, SIZE=32UL, Allocator=fmt::v11::detail::allocator<fmt::v11::detail::bigint::bigit>]"
    constexpr bigint() : exp_(0) {}
                                 ^

../subprojects/fmt-11.2.0/include/fmt/base.h(473): warning #128-D: loop is not reachable
    for (; n != 0; ++s1, ++s2, --n) {
    ^
          detected during:
            instantiation of "auto fmt::v11::detail::compare(const Char *, const Char *, std::size_t)->int [with Char=char]" at line 591
            instantiation of "auto fmt::v11::basic_string_view<Char>::compare(fmt::v11::basic_string_view<Char>) const->int [with Char=char]" at line 598
            instantiation of class "fmt::v11::basic_string_view<Char> [with Char=char]" at line 2642
            instantiation of "auto fmt::v11::basic_format_args<Context>::get_id(fmt::v11::basic_string_view<Char>) const->int [with Context=fmt::v11::context, Char=char]" at line 2685

Remark: The warnings can be suppressed with "-diag-suppress <warning-number>"

../subprojects/fmt-11.2.0/include/fmt/format.h(2597): warning #2417-D: constexpr constructor calls non-constexpr function "fmt::v11::basic_memory_buffer<T, SIZE, Allocator>::basic_memory_buffer(const Allocator &) [with T=fmt::v11::detail::bigint::bigit, SIZE=32UL, Allocator=fmt::v11::detail::allocator<fmt::v11::detail::bigint::bigit>]"
    constexpr bigint() : exp_(0) {}
                                 ^

../subprojects/fmt-11.2.0/include/fmt/base.h(473): warning #128-D: loop is not reachable
    for (; n != 0; ++s1, ++s2, --n) {
    ^
          detected during:
            instantiation of "auto fmt::v11::detail::compare(const Char *, const Char *, std::size_t)->int [with Char=char]" at line 591
            instantiation of "auto fmt::v11::basic_string_view<Char>::compare(fmt::v11::basic_string_view<Char>) const->int [with Char=char]" at line 598
            instantiation of class "fmt::v11::basic_string_view<Char> [with Char=char]" at line 2642
            instantiation of "auto fmt::v11::basic_format_args<Context>::get_id(fmt::v11::basic_string_view<Char>) const->int [with Context=fmt::v11::context, Char=char]" at line 2685

Remark: The warnings can be suppressed with "-diag-suppress <warning-number>"

../subprojects/fmt-11.2.0/include/fmt/format.h(2597): warning #2417-D: constexpr constructor calls non-constexpr function "fmt::v11::basic_memory_buffer<T, SIZE, Allocator>::basic_memory_buffer(const Allocator &) [with T=fmt::v11::detail::bigint::bigit, SIZE=32UL, Allocator=fmt::v11::detail::allocator<fmt::v11::detail::bigint::bigit>]"
    constexpr bigint() : exp_(0) {}
                                 ^

../subprojects/fmt-11.2.0/include/fmt/base.h(473): warning #128-D: loop is not reachable
    for (; n != 0; ++s1, ++s2, --n) {
    ^
          detected during:
            instantiation of "auto fmt::v11::detail::compare(const Char *, const Char *, std::size_t)->int [with Char=char]" at line 591
            instantiation of "auto fmt::v11::basic_string_view<Char>::compare(fmt::v11::basic_string_view<Char>) const->int [with Char=char]" at line 598
            instantiation of class "fmt::v11::basic_string_view<Char> [with Char=char]" at line 2642
            instantiation of "auto fmt::v11::basic_format_args<Context>::get_id(fmt::v11::basic_string_view<Char>) const->int [with Context=fmt::v11::context, Char=char]" at line 2685

Remark: The warnings can be suppressed with "-diag-suppress <warning-number>"

../subprojects/fmt-11.2.0/include/fmt/format.h(2597): warning #2417-D: constexpr constructor calls non-constexpr function "fmt::v11::basic_memory_buffer<T, SIZE, Allocator>::basic_memory_buffer(const Allocator &) [with T=fmt::v11::detail::bigint::bigit, SIZE=32UL, Allocator=fmt::v11::detail::allocator<fmt::v11::detail::bigint::bigit>]"
    constexpr bigint() : exp_(0) {}
                                 ^

../subprojects/fmt-11.2.0/include/fmt/base.h(473): warning #128-D: loop is not reachable
    for (; n != 0; ++s1, ++s2, --n) {
    ^
          detected during:
            instantiation of "auto fmt::v11::detail::compare(const Char *, const Char *, std::size_t)->int [with Char=char]" at line 591
            instantiation of "auto fmt::v11::basic_string_view<Char>::compare(fmt::v11::basic_string_view<Char>) const->int [with Char=char]" at line 598
            instantiation of class "fmt::v11::basic_string_view<Char> [with Char=char]" at line 2642
            instantiation of "auto fmt::v11::basic_format_args<Context>::get_id(fmt::v11::basic_string_view<Char>) const->int [with Context=fmt::v11::context, Char=char]" at line 2685

Remark: The warnings can be suppressed with "-diag-suppress <warning-number>"

../subprojects/fmt-11.2.0/include/fmt/format.h(2597): warning #2417-D: constexpr constructor calls non-constexpr function "fmt::v11::basic_memory_buffer<T, SIZE, Allocator>::basic_memory_buffer(const Allocator &) [with T=fmt::v11::detail::bigint::bigit, SIZE=32UL, Allocator=fmt::v11::detail::allocator<fmt::v11::detail::bigint::bigit>]"
    constexpr bigint() : exp_(0) {}
                                 ^

../implementations/cuda_mpi/04/src/../../tools/utilities.h: In function ‘int DisplayProgressBar(uint32_t, uint32_t, bool, double, double, double, double)’:
../implementations/cuda_mpi/04/src/../../tools/utilities.h:285:1: warning: unused parameter ‘extended’ [-Wunused-parameter]
  284 |     const uint32_t N_STEPS,
      |          ~~~~~~~~~~~~~~~~~~
  285 |     bool extended = false,
      | ^   ~~~~~~~~~~~~
../implementations/cuda_mpi/04/src/simulation.cu: In function ‘void Launch_FullyFusedLatticeUpdate_Push_Inner(const float* const*, float* const*, float*, float*, float*, float, uint32_t, uint32_t, uint32_t, uint32_t, uint32_t, uint32_t, int, bool, bool, bool, bool, bool)’:
../implementations/cuda_mpi/04/src/simulation.cu:342:1: warning: unused parameter ‘N_X_TOTAL’ [-Wunused-parameter]
  341 |     const uint32_t N_X, const uint32_t N_Y,
      |                          ~~~~~~~~~~~~~~~~~~
  342 |     const uint32_t N_X_TOTAL, const uint32_t N_Y_TOTAL,
      | ^   ~~~~~
../implementations/cuda_mpi/04/src/simulation.cu:342:27: warning: unused parameter ‘N_Y_TOTAL’ [-Wunused-parameter]
  342 |     const uint32_t N_X_TOTAL, const uint32_t N_Y_TOTAL,
      |            ~~~~~~~~~~~~~~~^~~~~~~~~
../implementations/cuda_mpi/04/src/simulation.cu:343:1: warning: unused parameter ‘N_STEPS’ [-Wunused-parameter]
  342 |     const uint32_t N_X_TOTAL, const uint32_t N_Y_TOTAL,
      |                                      ~~~~~~~~~~~~~~~~~~
  343 |     const uint32_t N_STEPS,
      | ^   ~~~
../implementations/cuda_mpi/04/src/simulation.cu: In function ‘void Launch_FullyFusedLatticeUpdate_Push_Outer(const float* const*, float* const*, float* const*, float* const*, float*, float*, float*, float, float, uint32_t, uint32_t, uint32_t, uint32_t, uint32_t, uint32_t, uint32_t, int, bool, bool, bool, bool, bool, bool)’:
../implementations/cuda_mpi/04/src/simulation.cu:821:1: warning: unused parameter ‘N_X_TOTAL’ [-Wunused-parameter]
  820 |     const uint32_t N_X, const uint32_t N_Y,
      |                          ~~~~~~~~~~~~~~~~~~
  821 |     const uint32_t N_X_TOTAL, const uint32_t N_Y_TOTAL,
      | ^   ~~~~~
../implementations/cuda_mpi/04/src/simulation.cu:823:1: warning: unused parameter ‘N_STEPS’ [-Wunused-parameter]
  822 |     const uint32_t Y_START,
      |          ~~~~~~~~~~~~~~~~~~
  823 |     const uint32_t N_STEPS,
      | ^   ~~~
[18/18] Linking target implementations/cuda_mpi/cuda_mpi_04

[2025-07-03 13:37:11] [[32minfo[m] Rank 0 loaded parameters from input_04.txt

Parameters
------------------------------
N_X_TOTAL            = 20160
N_Y_TOTAL            = 20160
N_STEPS              = 5000
omega                = 1.700
rho_0                = 1.000
u_max                = 0.100
u_lid                = 0.100
n_sin                = 2.000
export_interval      = 5000
export_name          = C
export_num           = 04
export_rho           = false
export_u_x           = false
export_u_y           = false
export_u_mag         = false
shear_wave_decay     = false
lid_driven_cavity    = true
branchless           = false

Rank  Node       GPU Model                          #   CC   SMs  ShMem/SM  Total GB  Used GB  Free GB  Sub-X  Sub-Y 
--------------------------------------------------------------------------------------------------------------------
0     uc3n080.   NVIDIA H100                        0   90   132  233472    93.096    4.522    88.574   20160  2520  
1     uc3n080.   NVIDIA H100                        1   90   132  233472    93.096    4.522    88.574   20160  2520  
2     uc3n080.   NVIDIA H100                        2   90   132  233472    93.096    4.522    88.574   20160  2520  
3     uc3n080.   NVIDIA H100                        3   90   132  233472    93.096    4.522    88.574   20160  2520  
4     uc3n081.   NVIDIA H100                        0   90   132  233472    93.096    4.522    88.574   20160  2520  
5     uc3n081.   NVIDIA H100                        1   90   132  233472    93.096    4.522    88.574   20160  2520  
6     uc3n081.   NVIDIA H100                        2   90   132  233472    93.096    4.522    88.574   20160  2520  
7     uc3n081.   NVIDIA H100                        3   90   132  233472    93.096    4.522    88.574   20160  2520  

[2025-07-03 13:37:11] [[32minfo[m] Simulation size [X/Y/N]:    [ 20160 / 20160 / 5000 ]
[2025-07-03 13:37:11] [[32minfo[m] Sub-domain size [X/Y/N]:    [ 20160 / 2520 / 5000 ] * 8
[2025-07-03 13:37:11] [[32minfo[m] Halo cells per sub-domain:  0.08 %

[2025-07-03 13:37:11] [[32minfo[m] Kernel [name/grid/block]:   [ FFLU_LidDrivenCavity_Push_Inner_K / 198293 / 256 ]
[2025-07-03 13:37:11] [[32minfo[m] Registers per thread:       30
[2025-07-03 13:37:11] [[32minfo[m] Shared memory per block:    9216 bytes
[2025-07-03 13:37:11] [[32minfo[m] Local memory per thread:    0 bytes
[2025-07-03 13:37:11] [[32minfo[m] Kernel domain size [X/Y]:   [ 20160 / 2518 ]

[2025-07-03 13:37:11] [[32minfo[m] Kernel [name/grid/block]:   [ FFLU_LidDrivenCavity_Push_Outer_K / 158 / 256 ]
[2025-07-03 13:37:11] [[32minfo[m] Registers per thread:       36
[2025-07-03 13:37:11] [[32minfo[m] Shared memory per block:    9216 bytes
[2025-07-03 13:37:11] [[32minfo[m] Local memory per thread:    0 bytes
[2025-07-03 13:37:11] [[32minfo[m] Kernel domain size [X/Y]:   [ 20160 / 2 ]

[2025-07-03 13:37:21] [[32minfo[m] Simulation size [X/Y/N]:    [ 20160 / 20160 / 5000 ]
[2025-07-03 13:37:21] [[32minfo[m] Total execution time:       9.320 sec
[2025-07-03 13:37:21] [[32minfo[m] Step execution time:        1.864 ms
[2025-07-03 13:37:21] [[32minfo[m] BLUPS:                      218.042

[2025-07-03 13:37:21] [[32minfo[m] ------------------------------------------------------




============================= JOB FEEDBACK =============================

NodeName=uc3n[080-081]
Job ID: 628750
Cluster: uc3
User/Group: fr_fl184/fr_fr
State: FAILED (exit code 1)
Nodes: 2
Cores per node: 32
CPU Utilized: 00:04:28
CPU Efficiency: 2.19% of 03:23:44 core-walltime
Job Wall-clock time: 00:03:11
Memory Utilized: 5.17 GB
Memory Efficiency: 2.02% of 256.00 GB (128.00 GB/node)
